[BUILD_ITEM VALIDATION] Validation failed for BuildItem: Quantity must be greater than 0
[BUILD_ITEM VALIDATION] Validation failed for BuildItem: Build must exist
[BUILD_ITEM VALIDATION] Validation failed for BuildItem: Part must exist
[BUILD_ITEM VALIDATION] Validation failed for BuildItem: Quantity must be greater than 0
[BUILD_ITEM VALIDATION] Validation failed for BuildItem: Quantity is not a number
[BUILD VALIDATION] Validation failed for build '': Name can't be blank
[PART VALIDATION] Validation failed for Cooler ' ': Name can't be blank, Brand can't be blank
[PART VALIDATION] Validation failed for Cpu 'AMD Ryzen 7 7800X3D': Cpu cores must be greater than 0
[CPU VALIDATION] CPU validation failed for AMD Ryzen 7 7800X3D: Cpu cores must be greater than 0
[PART VALIDATION] Validation failed for Cpu 'AMD Ryzen 7 7800X3D': Cpu threads must be greater than 0
[CPU VALIDATION] CPU validation failed for AMD Ryzen 7 7800X3D: Cpu threads must be greater than 0
[PART VALIDATION] Validation failed for Cpu 'AMD Ryzen 7 7800X3D': Cpu cores must be greater than 0, Cpu threads must be greater than 0
[CPU VALIDATION] CPU validation failed for AMD Ryzen 7 7800X3D: Cpu cores must be greater than 0, Cpu threads must be greater than 0
[PART VALIDATION] Validation failed for Gpu ' ': Name can't be blank, Brand can't be blank
[PART VALIDATION] Validation failed for Memory ' ': Name can't be blank, Brand can't be blank
[PART VALIDATION] Validation failed for Motherboard ' ': Name can't be blank, Brand can't be blank
[PART VALIDATION] Validation failed for Cpu ' ': Name can't be blank, Brand can't be blank
[CPU VALIDATION] CPU validation failed for  : Name can't be blank, Brand can't be blank
[PART VALIDATION] Validation failed for PcCase ' ': Name can't be blank, Brand can't be blank
[PART VALIDATION] Validation failed for Psu ' ': Name can't be blank, Brand can't be blank
[PART VALIDATION] Validation failed for Storage ' ': Name can't be blank, Brand can't be blank
[AUTH] Unauthorized access attempt to /ok
[AUTH] Unauthorized access attempt to /ok
[ERROR] StandardError: kaboom
[ERROR BACKTRACE] /Users/harshwadhawe/Code/Fall 25/SE/Project 1/Project-1-SE/spec/requests/app_controller_spec.rb:12:in 'boom'\n/Users/harshwadhawe/.rbenv/versions/3.4.5/lib/ruby/gems/3.4.0/gems/actionpack-8.0.3/lib/action_controller/metal/basic_implicit_render.rb:8:in 'ActionController::BasicImplicitRender#send_action'\n/Users/harshwadhawe/.rbenv/versions/3.4.5/lib/ruby/gems/3.4.0/gems/actionpack-8.0.3/lib/abstract_controller/base.rb:215:in 'AbstractController::Base#process_action'\n/Users/harshwadhawe/.rbenv/versions/3.4.5/lib/ruby/gems/3.4.0/gems/actionpack-8.0.3/lib/action_controller/metal/rendering.rb:193:in 'ActionController::Rendering#process_action'\n/Users/harshwadhawe/.rbenv/versions/3.4.5/lib/ruby/gems/3.4.0/gems/actionpack-8.0.3/lib/abstract_controller/callbacks.rb:261:in 'block in AbstractController::Callbacks#process_action'\n/Users/harshwadhawe/.rbenv/versions/3.4.5/lib/ruby/gems/3.4.0/gems/activesupport-8.0.3/lib/active_support/callbacks.rb:120:in 'block in ActiveSupport::Callbacks#run_callbacks'\n/Users/harshwadhawe/Code/Fall 25/SE/Project 1/Project-1-SE/app/controllers/application_controller.rb:68:in 'ApplicationController#log_performance'\n/Users/harshwadhawe/.rbenv/versions/3.4.5/lib/ruby/gems/3.4.0/gems/activesupport-8.0.3/lib/active_support/callbacks.rb:129:in 'block in ActiveSupport::Callbacks#run_callbacks'\n/Users/harshwadhawe/.rbenv/versions/3.4.5/lib/ruby/gems/3.4.0/gems/turbo-rails-2.0.17/lib/turbo-rails.rb:24:in 'Turbo.with_request_id'\n/Users/harshwadhawe/.rbenv/versions/3.4.5/lib/ruby/gems/3.4.0/gems/turbo-rails-2.0.17/app/controllers/concerns/turbo/request_id_tracking.rb:10:in 'Turbo::RequestIdTracking#turbo_tracking_request_id'
[ERROR CONTEXT] Controller: anonymous, Action: boom, Params: {"controller" => "anonymous", "action" => "boom"}
[ERROR] StandardError: kaboom
[ERROR BACKTRACE] /Users/harshwadhawe/Code/Fall 25/SE/Project 1/Project-1-SE/spec/requests/app_controller_spec.rb:12:in 'boom'\n/Users/harshwadhawe/.rbenv/versions/3.4.5/lib/ruby/gems/3.4.0/gems/actionpack-8.0.3/lib/action_controller/metal/basic_implicit_render.rb:8:in 'ActionController::BasicImplicitRender#send_action'\n/Users/harshwadhawe/.rbenv/versions/3.4.5/lib/ruby/gems/3.4.0/gems/actionpack-8.0.3/lib/abstract_controller/base.rb:215:in 'AbstractController::Base#process_action'\n/Users/harshwadhawe/.rbenv/versions/3.4.5/lib/ruby/gems/3.4.0/gems/actionpack-8.0.3/lib/action_controller/metal/rendering.rb:193:in 'ActionController::Rendering#process_action'\n/Users/harshwadhawe/.rbenv/versions/3.4.5/lib/ruby/gems/3.4.0/gems/actionpack-8.0.3/lib/abstract_controller/callbacks.rb:261:in 'block in AbstractController::Callbacks#process_action'\n/Users/harshwadhawe/.rbenv/versions/3.4.5/lib/ruby/gems/3.4.0/gems/activesupport-8.0.3/lib/active_support/callbacks.rb:120:in 'block in ActiveSupport::Callbacks#run_callbacks'\n/Users/harshwadhawe/Code/Fall 25/SE/Project 1/Project-1-SE/app/controllers/application_controller.rb:68:in 'ApplicationController#log_performance'\n/Users/harshwadhawe/.rbenv/versions/3.4.5/lib/ruby/gems/3.4.0/gems/activesupport-8.0.3/lib/active_support/callbacks.rb:129:in 'block in ActiveSupport::Callbacks#run_callbacks'\n/Users/harshwadhawe/.rbenv/versions/3.4.5/lib/ruby/gems/3.4.0/gems/turbo-rails-2.0.17/lib/turbo-rails.rb:24:in 'Turbo.with_request_id'\n/Users/harshwadhawe/.rbenv/versions/3.4.5/lib/ruby/gems/3.4.0/gems/turbo-rails-2.0.17/app/controllers/concerns/turbo/request_id_tracking.rb:10:in 'Turbo::RequestIdTracking#turbo_tracking_request_id'
[ERROR CONTEXT] Controller: anonymous, Action: boom, Params: {"controller" => "anonymous", "action" => "boom"}
[RECORD NOT FOUND] ActiveRecord::RecordNotFound: gone - Params: {"controller" => "anonymous", "action" => "missing"}
[RECORD NOT FOUND] ActiveRecord::RecordNotFound: gone - Params: {"controller" => "anonymous", "action" => "missing"}
[PARAMETER MISSING] ActionController::ParameterMissing: param is missing or the value is empty or invalid: important_param - Params: {"controller" => "anonymous", "action" => "needs_param"}
[PARAMETER MISSING] ActionController::ParameterMissing: param is missing or the value is empty or invalid: important_param - Params: {"controller" => "anonymous", "action" => "needs_param"}
[42dc85e3-bee6-47af-92aa-a688e4d2f8f3] [IP:127.0.0.1] [User:guest] [USER VALIDATION] Validation failed for user 'John Doe' (invalid-email): Email is invalid
[42dc85e3-bee6-47af-92aa-a688e4d2f8f3] [IP:127.0.0.1] [User:guest] [SIGNUP FAILED] User creation failed: Email is invalid
[fcc75260-ac62-47db-8464-24034ae44da0] [IP:127.0.0.1] [User:guest] [USER VALIDATION] Validation failed for user 'John Doe' (john@example.com): Password confirmation doesn't match Password
[fcc75260-ac62-47db-8464-24034ae44da0] [IP:127.0.0.1] [User:guest] [SIGNUP FAILED] User creation failed: Password confirmation doesn't match Password
[c241bff3-a440-4538-9f80-ebdc99f4c8d7] [IP:127.0.0.1] [User:guest] [LOGIN FAILED] Invalid credentials for email: test@example.com
[bf071481-5248-4987-b119-abe458909251] [IP:127.0.0.1] [User:guest] [LOGIN FAILED] Invalid credentials for email: nonexistent@example.com
[da10051e-c4be-4e70-ace2-e09e2cafafc1] [IP:127.0.0.1] [User:guest] [AUTHZ] User 2 not authorized for build 1
[7c02d9d5-3672-4268-8e52-63987bea98cf] [IP:127.0.0.1] [User:guest] [AUTHZ] User 2 not authorized for build 1
[ef95eedc-4bc9-458a-805a-fdf1652ef76d] [IP:127.0.0.1] [User:guest] [BUILD VALIDATION] Validation failed for build '': Name can't be blank
[ef95eedc-4bc9-458a-805a-fdf1652ef76d] [IP:127.0.0.1] [User:guest] [BUILD UPDATE] Failed update for build ID: 1 - Name can't be blank
[02a665bb-a818-4b60-9848-1c848b364510] [IP:127.0.0.1] [User:guest] [BUILD DESTROY] Destroying build ID: 2 - 'To Delete' with 0 items
[02a665bb-a818-4b60-9848-1c848b364510] [IP:127.0.0.1] [User:guest] [BUILD DESTROY] Destroyed build ID: 2 - 'To Delete'
[56e0dcad-e81c-424a-ad58-2a7934ba6e4e] [IP:127.0.0.1] [User:guest] [BUILD DESTROY] Failed to destroy build ID: 1
[ae425da2-4da2-45c7-80c8-c84447970612] [IP:127.0.0.1] [User:guest] [SHARE] Invalid JSON in components_data: expected object key, got 'invalid_json' at line 1 column 2
[e70b74fd-0bb0-49fd-bcfe-1568fc3dbb2f] [IP:127.0.0.1] [User:guest] [SHARE] Failed to create share link: boom
[19e39647-ef72-4e60-b0c9-80e387fe3335] [IP:127.0.0.1] [User:guest] [SHARED] Invalid token
[88943410-c261-41d3-aeca-6f97a692ba6c] [IP:127.0.0.1] [User:guest] [RECORD NOT FOUND] ActiveRecord::RecordNotFound: Couldn't find Build with 'id'="99999" - Params: {"build_id" => "99999", "part_id" => "1", "part_class" => "Cpu", "controller" => "build_items", "action" => "create"}
[66a7c00e-8df4-43f5-897a-5626eebd25c9] [IP:127.0.0.1] [User:guest] [RECORD NOT FOUND] ActiveRecord::RecordNotFound: Couldn't find Part with 'id'="99999" - Params: {"build_id" => "1", "part_id" => "99999", "part_class" => "Cpu", "controller" => "build_items", "action" => "create"}
[c05c9d2a-7c38-4609-869d-c964d73a91a9] [IP:127.0.0.1] [User:guest] [AUTH] Unauthorized access attempt to /builds/1/build_items
[92580064-ae65-404b-a697-bcfa2411de7e] [IP:127.0.0.1] [User:guest] [BUILD VALIDATION] Validation failed for build '': Name can't be blank
[1b5a73b4-efa5-494d-b754-35153ad39462] [IP:127.0.0.1] [User:guest] [BUILD VALIDATION] Validation failed for build '': Name can't be blank
[BUILD_ITEM DESTROY] Removing BuildItem ID: 1 - AMD Ryzen 7 x from build 'Gaming PC'
[BUILD_ITEM DESTROY] Removing BuildItem ID: 2 - RTX 4070 x from build 'Gaming PC'
[BUILD DESTROY] Destroying build ID: 1 - 'Gaming PC' with 0 items
[BUILD_ITEM DESTROY] Removing BuildItem ID: 3 - Corsair 16GB x from build 'Work PC'
[BUILD DESTROY] Destroying build ID: 2 - 'Work PC' with 0 items
[75795547-faea-4051-b213-bc2035c10d27] [IP:127.0.0.1] [User:guest] [LOGIN FAILED] Invalid credentials for email: harsh@example.com
[c7fe1eae-c307-4bf4-ae41-5554352798c3] [IP:127.0.0.1] [User:guest] [LOGIN FAILED] Invalid credentials for email: harsh@example.com
[e7265a40-73af-43ff-971d-e675b7c3e9b4] [IP:127.0.0.1] [User:guest] [LOGIN FAILED] Invalid credentials for email: nonexistent@example.com
[0bfc9109-4f43-4381-a290-c942bda5ee85] [IP:127.0.0.1] [User:guest] [LOGIN FAILED] Invalid credentials for email: harsh@example.com
[b38695dd-ba65-4d84-bad3-15a3abe334ac] [IP:127.0.0.1] [User:guest] [LOGOUT] Logout attempt when no user was logged in
[ef8ad506-bedd-4b14-8136-f289ea615d4f] [IP:127.0.0.1] [User:guest] [LOGOUT] Logout attempt when no user was logged in
[efd833c9-e907-4800-a987-cc346c35d46f] [IP:127.0.0.1] [User:guest] [LOGOUT] Logout attempt when no user was logged in
[be8e9be4-f201-4493-957d-8fa5125ab919] [IP:127.0.0.1] [User:guest] [AUTH] Unauthorized access attempt to /users
[39323d7b-2c63-4e47-a5d7-4f984554258e] [IP:127.0.0.1] [User:guest] [AUTH] Unauthorized access attempt to /users/1
[f8c5d3d0-295e-4aa1-96a4-cafd002553b5] [IP:127.0.0.1] [User:guest] [RECORD NOT FOUND] ActiveRecord::RecordNotFound: Couldn't find User with 'id'="99999" - Params: {"controller" => "users", "action" => "show", "id" => "99999"}
[e55bc8a4-8c0c-4b13-9d79-d8b9b06ac4c2] [IP:127.0.0.1] [User:guest] [USER VALIDATION] Validation failed for user '' (invalid-email): Password confirmation doesn't match Password, Name can't be blank, Email is invalid, Password is too short (minimum is 6 characters)
[e55bc8a4-8c0c-4b13-9d79-d8b9b06ac4c2] [IP:127.0.0.1] [User:guest] [SIGNUP FAILED] User creation failed: Password confirmation doesn't match Password, Name can't be blank, Email is invalid, Password is too short (minimum is 6 characters)
[19391248-a09d-4d58-b171-32ba508df551] [IP:127.0.0.1] [User:guest] [USER VALIDATION] Validation failed for user '' (invalid-email): Password confirmation doesn't match Password, Name can't be blank, Email is invalid, Password is too short (minimum is 6 characters)
[19391248-a09d-4d58-b171-32ba508df551] [IP:127.0.0.1] [User:guest] [SIGNUP FAILED] User creation failed: Password confirmation doesn't match Password, Name can't be blank, Email is invalid, Password is too short (minimum is 6 characters)
[2eaa9fa1-18f9-4484-90c0-add5fdd4b342] [IP:127.0.0.1] [User:guest] [USER VALIDATION] Validation failed for user '' (invalid-email): Password confirmation doesn't match Password, Name can't be blank, Email is invalid, Password is too short (minimum is 6 characters)
[2eaa9fa1-18f9-4484-90c0-add5fdd4b342] [IP:127.0.0.1] [User:guest] [SIGNUP FAILED] User creation failed: Password confirmation doesn't match Password, Name can't be blank, Email is invalid, Password is too short (minimum is 6 characters)
[cf4c9001-68df-4d74-bf11-c4affc05a252] [IP:127.0.0.1] [User:guest] [AUTH] Unauthorized access attempt to /users
[a7477910-69e2-4fff-a7ed-e390e5521464] [IP:127.0.0.1] [User:guest] [AUTH] Unauthorized access attempt to /users/1
[BUILD_ITEM VALIDATION] Validation failed for BuildItem: Quantity must be greater than 0
[BUILD_ITEM VALIDATION] Validation failed for BuildItem: Build must exist
[BUILD_ITEM VALIDATION] Validation failed for BuildItem: Part must exist
[BUILD_ITEM VALIDATION] Validation failed for BuildItem: Quantity must be greater than 0
[BUILD_ITEM VALIDATION] Validation failed for BuildItem: Quantity is not a number
[BUILD VALIDATION] Validation failed for build '': Name can't be blank
[PART VALIDATION] Validation failed for Cooler ' ': Name can't be blank, Brand can't be blank
[PART VALIDATION] Validation failed for Cpu 'AMD Ryzen 7 7800X3D': Cpu cores must be greater than 0
[CPU VALIDATION] CPU validation failed for AMD Ryzen 7 7800X3D: Cpu cores must be greater than 0
[PART VALIDATION] Validation failed for Cpu 'AMD Ryzen 7 7800X3D': Cpu threads must be greater than 0
[CPU VALIDATION] CPU validation failed for AMD Ryzen 7 7800X3D: Cpu threads must be greater than 0
[PART VALIDATION] Validation failed for Cpu 'AMD Ryzen 7 7800X3D': Cpu cores must be greater than 0, Cpu threads must be greater than 0
[CPU VALIDATION] CPU validation failed for AMD Ryzen 7 7800X3D: Cpu cores must be greater than 0, Cpu threads must be greater than 0
[PART VALIDATION] Validation failed for Gpu ' ': Name can't be blank, Brand can't be blank
[PART VALIDATION] Validation failed for Memory ' ': Name can't be blank, Brand can't be blank
[PART VALIDATION] Validation failed for Motherboard ' ': Name can't be blank, Brand can't be blank
[PART VALIDATION] Validation failed for Cpu ' ': Name can't be blank, Brand can't be blank
[CPU VALIDATION] CPU validation failed for  : Name can't be blank, Brand can't be blank
[PART VALIDATION] Validation failed for PcCase ' ': Name can't be blank, Brand can't be blank
[PART VALIDATION] Validation failed for Psu ' ': Name can't be blank, Brand can't be blank
[PART VALIDATION] Validation failed for Storage ' ': Name can't be blank, Brand can't be blank
[AUTH] Unauthorized access attempt to /ok
[AUTH] Unauthorized access attempt to /ok
[ERROR] StandardError: kaboom
[ERROR BACKTRACE] /Users/harshwadhawe/Code/Fall 25/SE/Project 1/Project-1-SE/spec/requests/app_controller_spec.rb:12:in 'boom'\n/Users/harshwadhawe/.rbenv/versions/3.4.5/lib/ruby/gems/3.4.0/gems/actionpack-8.0.3/lib/action_controller/metal/basic_implicit_render.rb:8:in 'ActionController::BasicImplicitRender#send_action'\n/Users/harshwadhawe/.rbenv/versions/3.4.5/lib/ruby/gems/3.4.0/gems/actionpack-8.0.3/lib/abstract_controller/base.rb:215:in 'AbstractController::Base#process_action'\n/Users/harshwadhawe/.rbenv/versions/3.4.5/lib/ruby/gems/3.4.0/gems/actionpack-8.0.3/lib/action_controller/metal/rendering.rb:193:in 'ActionController::Rendering#process_action'\n/Users/harshwadhawe/.rbenv/versions/3.4.5/lib/ruby/gems/3.4.0/gems/actionpack-8.0.3/lib/abstract_controller/callbacks.rb:261:in 'block in AbstractController::Callbacks#process_action'\n/Users/harshwadhawe/.rbenv/versions/3.4.5/lib/ruby/gems/3.4.0/gems/activesupport-8.0.3/lib/active_support/callbacks.rb:120:in 'block in ActiveSupport::Callbacks#run_callbacks'\n/Users/harshwadhawe/Code/Fall 25/SE/Project 1/Project-1-SE/app/controllers/application_controller.rb:68:in 'ApplicationController#log_performance'\n/Users/harshwadhawe/.rbenv/versions/3.4.5/lib/ruby/gems/3.4.0/gems/activesupport-8.0.3/lib/active_support/callbacks.rb:129:in 'block in ActiveSupport::Callbacks#run_callbacks'\n/Users/harshwadhawe/.rbenv/versions/3.4.5/lib/ruby/gems/3.4.0/gems/turbo-rails-2.0.17/lib/turbo-rails.rb:24:in 'Turbo.with_request_id'\n/Users/harshwadhawe/.rbenv/versions/3.4.5/lib/ruby/gems/3.4.0/gems/turbo-rails-2.0.17/app/controllers/concerns/turbo/request_id_tracking.rb:10:in 'Turbo::RequestIdTracking#turbo_tracking_request_id'
[ERROR CONTEXT] Controller: anonymous, Action: boom, Params: {"controller" => "anonymous", "action" => "boom"}
[ERROR] StandardError: kaboom
[ERROR BACKTRACE] /Users/harshwadhawe/Code/Fall 25/SE/Project 1/Project-1-SE/spec/requests/app_controller_spec.rb:12:in 'boom'\n/Users/harshwadhawe/.rbenv/versions/3.4.5/lib/ruby/gems/3.4.0/gems/actionpack-8.0.3/lib/action_controller/metal/basic_implicit_render.rb:8:in 'ActionController::BasicImplicitRender#send_action'\n/Users/harshwadhawe/.rbenv/versions/3.4.5/lib/ruby/gems/3.4.0/gems/actionpack-8.0.3/lib/abstract_controller/base.rb:215:in 'AbstractController::Base#process_action'\n/Users/harshwadhawe/.rbenv/versions/3.4.5/lib/ruby/gems/3.4.0/gems/actionpack-8.0.3/lib/action_controller/metal/rendering.rb:193:in 'ActionController::Rendering#process_action'\n/Users/harshwadhawe/.rbenv/versions/3.4.5/lib/ruby/gems/3.4.0/gems/actionpack-8.0.3/lib/abstract_controller/callbacks.rb:261:in 'block in AbstractController::Callbacks#process_action'\n/Users/harshwadhawe/.rbenv/versions/3.4.5/lib/ruby/gems/3.4.0/gems/activesupport-8.0.3/lib/active_support/callbacks.rb:120:in 'block in ActiveSupport::Callbacks#run_callbacks'\n/Users/harshwadhawe/Code/Fall 25/SE/Project 1/Project-1-SE/app/controllers/application_controller.rb:68:in 'ApplicationController#log_performance'\n/Users/harshwadhawe/.rbenv/versions/3.4.5/lib/ruby/gems/3.4.0/gems/activesupport-8.0.3/lib/active_support/callbacks.rb:129:in 'block in ActiveSupport::Callbacks#run_callbacks'\n/Users/harshwadhawe/.rbenv/versions/3.4.5/lib/ruby/gems/3.4.0/gems/turbo-rails-2.0.17/lib/turbo-rails.rb:24:in 'Turbo.with_request_id'\n/Users/harshwadhawe/.rbenv/versions/3.4.5/lib/ruby/gems/3.4.0/gems/turbo-rails-2.0.17/app/controllers/concerns/turbo/request_id_tracking.rb:10:in 'Turbo::RequestIdTracking#turbo_tracking_request_id'
[ERROR CONTEXT] Controller: anonymous, Action: boom, Params: {"controller" => "anonymous", "action" => "boom"}
[RECORD NOT FOUND] ActiveRecord::RecordNotFound: gone - Params: {"controller" => "anonymous", "action" => "missing"}
[RECORD NOT FOUND] ActiveRecord::RecordNotFound: gone - Params: {"controller" => "anonymous", "action" => "missing"}
[PARAMETER MISSING] ActionController::ParameterMissing: param is missing or the value is empty or invalid: important_param - Params: {"controller" => "anonymous", "action" => "needs_param"}
[PARAMETER MISSING] ActionController::ParameterMissing: param is missing or the value is empty or invalid: important_param - Params: {"controller" => "anonymous", "action" => "needs_param"}
[f89dd12b-0794-4992-b2bb-728332356ffa] [IP:127.0.0.1] [User:guest] [USER VALIDATION] Validation failed for user 'John Doe' (invalid-email): Email is invalid
[f89dd12b-0794-4992-b2bb-728332356ffa] [IP:127.0.0.1] [User:guest] [SIGNUP FAILED] User creation failed: Email is invalid
[33a4e53b-e171-4c56-8c63-673bff6a879f] [IP:127.0.0.1] [User:guest] [USER VALIDATION] Validation failed for user 'John Doe' (john@example.com): Password confirmation doesn't match Password
[33a4e53b-e171-4c56-8c63-673bff6a879f] [IP:127.0.0.1] [User:guest] [SIGNUP FAILED] User creation failed: Password confirmation doesn't match Password
[810c43e1-61cd-4280-87aa-df72bf836a53] [IP:127.0.0.1] [User:guest] [LOGIN FAILED] Invalid credentials for email: test@example.com
[c8951f72-4ca9-4382-9dd8-4ed4c9190d55] [IP:127.0.0.1] [User:guest] [LOGIN FAILED] Invalid credentials for email: nonexistent@example.com
[cfbb0310-79d1-476c-86cb-61ccf034ab21] [IP:127.0.0.1] [User:guest] [AUTHZ] User 2 not authorized for build 1
[42e7c240-b962-446d-a304-bbdf636a89a1] [IP:127.0.0.1] [User:guest] [AUTHZ] User 2 not authorized for build 1
[1edc1148-c7ac-4fd6-bed7-ebe7717edb1c] [IP:127.0.0.1] [User:guest] [BUILD VALIDATION] Validation failed for build '': Name can't be blank
[1edc1148-c7ac-4fd6-bed7-ebe7717edb1c] [IP:127.0.0.1] [User:guest] [BUILD UPDATE] Failed update for build ID: 1 - Name can't be blank
[ff5abde9-23e7-4952-be52-53bbf19c09bd] [IP:127.0.0.1] [User:guest] [BUILD DESTROY] Destroying build ID: 2 - 'To Delete' with 0 items
[ff5abde9-23e7-4952-be52-53bbf19c09bd] [IP:127.0.0.1] [User:guest] [BUILD DESTROY] Destroyed build ID: 2 - 'To Delete'
[6fc1efa0-441b-453c-8aa8-488be698822a] [IP:127.0.0.1] [User:guest] [BUILD DESTROY] Failed to destroy build ID: 1
[0d12ad18-1668-4cf0-afd8-62f7dc95fa90] [IP:127.0.0.1] [User:guest] [SHARE] Invalid JSON in components_data: expected object key, got 'invalid_json' at line 1 column 2
[b80fb25a-85a7-4267-aa78-da07e7afca52] [IP:127.0.0.1] [User:guest] [SHARE] Failed to create share link: boom
[8798a87f-60be-42e9-b3f1-bc606fce9d0e] [IP:127.0.0.1] [User:guest] [SHARED] Invalid token
[3e97fae2-5db8-414e-90e9-8ecf59faed91] [IP:127.0.0.1] [User:guest] [ERROR] NoMethodError: undefined method 'require_login' for an instance of BuildItemsController
[3e97fae2-5db8-414e-90e9-8ecf59faed91] [IP:127.0.0.1] [User:guest] [ERROR BACKTRACE] /Users/harshwadhawe/.rbenv/versions/3.4.5/lib/ruby/gems/3.4.0/gems/railties-8.0.3/lib/rails/engine/lazy_route_set.rb:96:in 'method_missing'\n/Users/harshwadhawe/.rbenv/versions/3.4.5/lib/ruby/gems/3.4.0/gems/activesupport-8.0.3/lib/active_support/callbacks.rb:361:in 'block in ActiveSupport::Callbacks::CallTemplate::MethodCall#make_lambda'\n/Users/harshwadhawe/.rbenv/versions/3.4.5/lib/ruby/gems/3.4.0/gems/activesupport-8.0.3/lib/active_support/callbacks.rb:178:in 'block in ActiveSupport::Callbacks::Filters::Before#call'\n/Users/harshwadhawe/.rbenv/versions/3.4.5/lib/ruby/gems/3.4.0/gems/actionpack-8.0.3/lib/abstract_controller/callbacks.rb:34:in 'block (2 levels) in <module:Callbacks>'\n/Users/harshwadhawe/.rbenv/versions/3.4.5/lib/ruby/gems/3.4.0/gems/activesupport-8.0.3/lib/active_support/callbacks.rb:179:in 'ActiveSupport::Callbacks::Filters::Before#call'\n/Users/harshwadhawe/.rbenv/versions/3.4.5/lib/ruby/gems/3.4.0/gems/activesupport-8.0.3/lib/active_support/callbacks.rb:559:in 'block in ActiveSupport::Callbacks::CallbackSequence#invoke_before'\n/Users/harshwadhawe/.rbenv/versions/3.4.5/lib/ruby/gems/3.4.0/gems/activesupport-8.0.3/lib/active_support/callbacks.rb:559:in 'Array#each'\n/Users/harshwadhawe/.rbenv/versions/3.4.5/lib/ruby/gems/3.4.0/gems/activesupport-8.0.3/lib/active_support/callbacks.rb:559:in 'ActiveSupport::Callbacks::CallbackSequence#invoke_before'\n/Users/harshwadhawe/.rbenv/versions/3.4.5/lib/ruby/gems/3.4.0/gems/activesupport-8.0.3/lib/active_support/callbacks.rb:118:in 'block in ActiveSupport::Callbacks#run_callbacks'\n/Users/harshwadhawe/Code/Fall 25/SE/Project 1/Project-1-SE/app/controllers/application_controller.rb:68:in 'ApplicationController#log_performance'
[3e97fae2-5db8-414e-90e9-8ecf59faed91] [IP:127.0.0.1] [User:guest] [ERROR CONTEXT] Controller: build_items, Action: create, Params: {"build_id" => "1", "part_id" => "1", "part_class" => "Cpu", "controller" => "build_items", "action" => "create"}
[bd072d92-dce2-4b84-8a7f-79e402e5af0d] [IP:127.0.0.1] [User:guest] [ERROR] NoMethodError: undefined method 'require_login' for an instance of BuildItemsController
[bd072d92-dce2-4b84-8a7f-79e402e5af0d] [IP:127.0.0.1] [User:guest] [ERROR BACKTRACE] /Users/harshwadhawe/.rbenv/versions/3.4.5/lib/ruby/gems/3.4.0/gems/railties-8.0.3/lib/rails/engine/lazy_route_set.rb:96:in 'method_missing'\n/Users/harshwadhawe/.rbenv/versions/3.4.5/lib/ruby/gems/3.4.0/gems/activesupport-8.0.3/lib/active_support/callbacks.rb:361:in 'block in ActiveSupport::Callbacks::CallTemplate::MethodCall#make_lambda'\n/Users/harshwadhawe/.rbenv/versions/3.4.5/lib/ruby/gems/3.4.0/gems/activesupport-8.0.3/lib/active_support/callbacks.rb:178:in 'block in ActiveSupport::Callbacks::Filters::Before#call'\n/Users/harshwadhawe/.rbenv/versions/3.4.5/lib/ruby/gems/3.4.0/gems/actionpack-8.0.3/lib/abstract_controller/callbacks.rb:34:in 'block (2 levels) in <module:Callbacks>'\n/Users/harshwadhawe/.rbenv/versions/3.4.5/lib/ruby/gems/3.4.0/gems/activesupport-8.0.3/lib/active_support/callbacks.rb:179:in 'ActiveSupport::Callbacks::Filters::Before#call'\n/Users/harshwadhawe/.rbenv/versions/3.4.5/lib/ruby/gems/3.4.0/gems/activesupport-8.0.3/lib/active_support/callbacks.rb:559:in 'block in ActiveSupport::Callbacks::CallbackSequence#invoke_before'\n/Users/harshwadhawe/.rbenv/versions/3.4.5/lib/ruby/gems/3.4.0/gems/activesupport-8.0.3/lib/active_support/callbacks.rb:559:in 'Array#each'\n/Users/harshwadhawe/.rbenv/versions/3.4.5/lib/ruby/gems/3.4.0/gems/activesupport-8.0.3/lib/active_support/callbacks.rb:559:in 'ActiveSupport::Callbacks::CallbackSequence#invoke_before'\n/Users/harshwadhawe/.rbenv/versions/3.4.5/lib/ruby/gems/3.4.0/gems/activesupport-8.0.3/lib/active_support/callbacks.rb:118:in 'block in ActiveSupport::Callbacks#run_callbacks'\n/Users/harshwadhawe/Code/Fall 25/SE/Project 1/Project-1-SE/app/controllers/application_controller.rb:68:in 'ApplicationController#log_performance'
[bd072d92-dce2-4b84-8a7f-79e402e5af0d] [IP:127.0.0.1] [User:guest] [ERROR CONTEXT] Controller: build_items, Action: create, Params: {"build_id" => "1", "part_id" => "1", "part_class" => "Cpu", "controller" => "build_items", "action" => "create"}
[b775497d-03a2-4692-bae4-ccd501bd972c] [IP:127.0.0.1] [User:guest] [ERROR] NoMethodError: undefined method 'require_login' for an instance of BuildItemsController
[b775497d-03a2-4692-bae4-ccd501bd972c] [IP:127.0.0.1] [User:guest] [ERROR BACKTRACE] /Users/harshwadhawe/.rbenv/versions/3.4.5/lib/ruby/gems/3.4.0/gems/railties-8.0.3/lib/rails/engine/lazy_route_set.rb:96:in 'method_missing'\n/Users/harshwadhawe/.rbenv/versions/3.4.5/lib/ruby/gems/3.4.0/gems/activesupport-8.0.3/lib/active_support/callbacks.rb:361:in 'block in ActiveSupport::Callbacks::CallTemplate::MethodCall#make_lambda'\n/Users/harshwadhawe/.rbenv/versions/3.4.5/lib/ruby/gems/3.4.0/gems/activesupport-8.0.3/lib/active_support/callbacks.rb:178:in 'block in ActiveSupport::Callbacks::Filters::Before#call'\n/Users/harshwadhawe/.rbenv/versions/3.4.5/lib/ruby/gems/3.4.0/gems/actionpack-8.0.3/lib/abstract_controller/callbacks.rb:34:in 'block (2 levels) in <module:Callbacks>'\n/Users/harshwadhawe/.rbenv/versions/3.4.5/lib/ruby/gems/3.4.0/gems/activesupport-8.0.3/lib/active_support/callbacks.rb:179:in 'ActiveSupport::Callbacks::Filters::Before#call'\n/Users/harshwadhawe/.rbenv/versions/3.4.5/lib/ruby/gems/3.4.0/gems/activesupport-8.0.3/lib/active_support/callbacks.rb:559:in 'block in ActiveSupport::Callbacks::CallbackSequence#invoke_before'\n/Users/harshwadhawe/.rbenv/versions/3.4.5/lib/ruby/gems/3.4.0/gems/activesupport-8.0.3/lib/active_support/callbacks.rb:559:in 'Array#each'\n/Users/harshwadhawe/.rbenv/versions/3.4.5/lib/ruby/gems/3.4.0/gems/activesupport-8.0.3/lib/active_support/callbacks.rb:559:in 'ActiveSupport::Callbacks::CallbackSequence#invoke_before'\n/Users/harshwadhawe/.rbenv/versions/3.4.5/lib/ruby/gems/3.4.0/gems/activesupport-8.0.3/lib/active_support/callbacks.rb:118:in 'block in ActiveSupport::Callbacks#run_callbacks'\n/Users/harshwadhawe/Code/Fall 25/SE/Project 1/Project-1-SE/app/controllers/application_controller.rb:68:in 'ApplicationController#log_performance'
[b775497d-03a2-4692-bae4-ccd501bd972c] [IP:127.0.0.1] [User:guest] [ERROR CONTEXT] Controller: build_items, Action: create, Params: {"build_id" => "1", "part_id" => "1", "part_class" => "Cpu", "controller" => "build_items", "action" => "create"}
[8151a78c-dc6c-43bc-98c8-b0ef2cbcae30] [IP:127.0.0.1] [User:guest] [ERROR] NoMethodError: undefined method 'require_login' for an instance of BuildItemsController
[8151a78c-dc6c-43bc-98c8-b0ef2cbcae30] [IP:127.0.0.1] [User:guest] [ERROR BACKTRACE] /Users/harshwadhawe/.rbenv/versions/3.4.5/lib/ruby/gems/3.4.0/gems/railties-8.0.3/lib/rails/engine/lazy_route_set.rb:96:in 'method_missing'\n/Users/harshwadhawe/.rbenv/versions/3.4.5/lib/ruby/gems/3.4.0/gems/activesupport-8.0.3/lib/active_support/callbacks.rb:361:in 'block in ActiveSupport::Callbacks::CallTemplate::MethodCall#make_lambda'\n/Users/harshwadhawe/.rbenv/versions/3.4.5/lib/ruby/gems/3.4.0/gems/activesupport-8.0.3/lib/active_support/callbacks.rb:178:in 'block in ActiveSupport::Callbacks::Filters::Before#call'\n/Users/harshwadhawe/.rbenv/versions/3.4.5/lib/ruby/gems/3.4.0/gems/actionpack-8.0.3/lib/abstract_controller/callbacks.rb:34:in 'block (2 levels) in <module:Callbacks>'\n/Users/harshwadhawe/.rbenv/versions/3.4.5/lib/ruby/gems/3.4.0/gems/activesupport-8.0.3/lib/active_support/callbacks.rb:179:in 'ActiveSupport::Callbacks::Filters::Before#call'\n/Users/harshwadhawe/.rbenv/versions/3.4.5/lib/ruby/gems/3.4.0/gems/activesupport-8.0.3/lib/active_support/callbacks.rb:559:in 'block in ActiveSupport::Callbacks::CallbackSequence#invoke_before'\n/Users/harshwadhawe/.rbenv/versions/3.4.5/lib/ruby/gems/3.4.0/gems/activesupport-8.0.3/lib/active_support/callbacks.rb:559:in 'Array#each'\n/Users/harshwadhawe/.rbenv/versions/3.4.5/lib/ruby/gems/3.4.0/gems/activesupport-8.0.3/lib/active_support/callbacks.rb:559:in 'ActiveSupport::Callbacks::CallbackSequence#invoke_before'\n/Users/harshwadhawe/.rbenv/versions/3.4.5/lib/ruby/gems/3.4.0/gems/activesupport-8.0.3/lib/active_support/callbacks.rb:118:in 'block in ActiveSupport::Callbacks#run_callbacks'\n/Users/harshwadhawe/Code/Fall 25/SE/Project 1/Project-1-SE/app/controllers/application_controller.rb:68:in 'ApplicationController#log_performance'
[8151a78c-dc6c-43bc-98c8-b0ef2cbcae30] [IP:127.0.0.1] [User:guest] [ERROR CONTEXT] Controller: build_items, Action: create, Params: {"build_id" => "1", "part_id" => "1", "part_class" => "Cpu", "controller" => "build_items", "action" => "create"}
[aef4bc3b-41f3-4aa7-84d6-fbe4f536d346] [IP:127.0.0.1] [User:guest] [ERROR] NoMethodError: undefined method 'require_login' for an instance of BuildItemsController
[aef4bc3b-41f3-4aa7-84d6-fbe4f536d346] [IP:127.0.0.1] [User:guest] [ERROR BACKTRACE] /Users/harshwadhawe/.rbenv/versions/3.4.5/lib/ruby/gems/3.4.0/gems/railties-8.0.3/lib/rails/engine/lazy_route_set.rb:96:in 'method_missing'\n/Users/harshwadhawe/.rbenv/versions/3.4.5/lib/ruby/gems/3.4.0/gems/activesupport-8.0.3/lib/active_support/callbacks.rb:361:in 'block in ActiveSupport::Callbacks::CallTemplate::MethodCall#make_lambda'\n/Users/harshwadhawe/.rbenv/versions/3.4.5/lib/ruby/gems/3.4.0/gems/activesupport-8.0.3/lib/active_support/callbacks.rb:178:in 'block in ActiveSupport::Callbacks::Filters::Before#call'\n/Users/harshwadhawe/.rbenv/versions/3.4.5/lib/ruby/gems/3.4.0/gems/actionpack-8.0.3/lib/abstract_controller/callbacks.rb:34:in 'block (2 levels) in <module:Callbacks>'\n/Users/harshwadhawe/.rbenv/versions/3.4.5/lib/ruby/gems/3.4.0/gems/activesupport-8.0.3/lib/active_support/callbacks.rb:179:in 'ActiveSupport::Callbacks::Filters::Before#call'\n/Users/harshwadhawe/.rbenv/versions/3.4.5/lib/ruby/gems/3.4.0/gems/activesupport-8.0.3/lib/active_support/callbacks.rb:559:in 'block in ActiveSupport::Callbacks::CallbackSequence#invoke_before'\n/Users/harshwadhawe/.rbenv/versions/3.4.5/lib/ruby/gems/3.4.0/gems/activesupport-8.0.3/lib/active_support/callbacks.rb:559:in 'Array#each'\n/Users/harshwadhawe/.rbenv/versions/3.4.5/lib/ruby/gems/3.4.0/gems/activesupport-8.0.3/lib/active_support/callbacks.rb:559:in 'ActiveSupport::Callbacks::CallbackSequence#invoke_before'\n/Users/harshwadhawe/.rbenv/versions/3.4.5/lib/ruby/gems/3.4.0/gems/activesupport-8.0.3/lib/active_support/callbacks.rb:118:in 'block in ActiveSupport::Callbacks#run_callbacks'\n/Users/harshwadhawe/Code/Fall 25/SE/Project 1/Project-1-SE/app/controllers/application_controller.rb:68:in 'ApplicationController#log_performance'
[aef4bc3b-41f3-4aa7-84d6-fbe4f536d346] [IP:127.0.0.1] [User:guest] [ERROR CONTEXT] Controller: build_items, Action: create, Params: {"build_id" => "1", "part_id" => "2", "part_class" => "Cpu", "controller" => "build_items", "action" => "create"}
[8afb85db-318b-46c6-967a-6ec87a276d41] [IP:127.0.0.1] [User:guest] [ERROR] NoMethodError: undefined method 'require_login' for an instance of BuildItemsController
[8afb85db-318b-46c6-967a-6ec87a276d41] [IP:127.0.0.1] [User:guest] [ERROR BACKTRACE] /Users/harshwadhawe/.rbenv/versions/3.4.5/lib/ruby/gems/3.4.0/gems/railties-8.0.3/lib/rails/engine/lazy_route_set.rb:96:in 'method_missing'\n/Users/harshwadhawe/.rbenv/versions/3.4.5/lib/ruby/gems/3.4.0/gems/activesupport-8.0.3/lib/active_support/callbacks.rb:361:in 'block in ActiveSupport::Callbacks::CallTemplate::MethodCall#make_lambda'\n/Users/harshwadhawe/.rbenv/versions/3.4.5/lib/ruby/gems/3.4.0/gems/activesupport-8.0.3/lib/active_support/callbacks.rb:178:in 'block in ActiveSupport::Callbacks::Filters::Before#call'\n/Users/harshwadhawe/.rbenv/versions/3.4.5/lib/ruby/gems/3.4.0/gems/actionpack-8.0.3/lib/abstract_controller/callbacks.rb:34:in 'block (2 levels) in <module:Callbacks>'\n/Users/harshwadhawe/.rbenv/versions/3.4.5/lib/ruby/gems/3.4.0/gems/activesupport-8.0.3/lib/active_support/callbacks.rb:179:in 'ActiveSupport::Callbacks::Filters::Before#call'\n/Users/harshwadhawe/.rbenv/versions/3.4.5/lib/ruby/gems/3.4.0/gems/activesupport-8.0.3/lib/active_support/callbacks.rb:559:in 'block in ActiveSupport::Callbacks::CallbackSequence#invoke_before'\n/Users/harshwadhawe/.rbenv/versions/3.4.5/lib/ruby/gems/3.4.0/gems/activesupport-8.0.3/lib/active_support/callbacks.rb:559:in 'Array#each'\n/Users/harshwadhawe/.rbenv/versions/3.4.5/lib/ruby/gems/3.4.0/gems/activesupport-8.0.3/lib/active_support/callbacks.rb:559:in 'ActiveSupport::Callbacks::CallbackSequence#invoke_before'\n/Users/harshwadhawe/.rbenv/versions/3.4.5/lib/ruby/gems/3.4.0/gems/activesupport-8.0.3/lib/active_support/callbacks.rb:118:in 'block in ActiveSupport::Callbacks#run_callbacks'\n/Users/harshwadhawe/Code/Fall 25/SE/Project 1/Project-1-SE/app/controllers/application_controller.rb:68:in 'ApplicationController#log_performance'
[8afb85db-318b-46c6-967a-6ec87a276d41] [IP:127.0.0.1] [User:guest] [ERROR CONTEXT] Controller: build_items, Action: create, Params: {"build_id" => "1", "part_id" => "2", "part_class" => "Cpu", "controller" => "build_items", "action" => "create"}
[f7970b13-434b-4ca6-893b-d92feb4e82e0] [IP:127.0.0.1] [User:guest] [ERROR] NoMethodError: undefined method 'require_login' for an instance of BuildItemsController
[f7970b13-434b-4ca6-893b-d92feb4e82e0] [IP:127.0.0.1] [User:guest] [ERROR BACKTRACE] /Users/harshwadhawe/.rbenv/versions/3.4.5/lib/ruby/gems/3.4.0/gems/railties-8.0.3/lib/rails/engine/lazy_route_set.rb:96:in 'method_missing'\n/Users/harshwadhawe/.rbenv/versions/3.4.5/lib/ruby/gems/3.4.0/gems/activesupport-8.0.3/lib/active_support/callbacks.rb:361:in 'block in ActiveSupport::Callbacks::CallTemplate::MethodCall#make_lambda'\n/Users/harshwadhawe/.rbenv/versions/3.4.5/lib/ruby/gems/3.4.0/gems/activesupport-8.0.3/lib/active_support/callbacks.rb:178:in 'block in ActiveSupport::Callbacks::Filters::Before#call'\n/Users/harshwadhawe/.rbenv/versions/3.4.5/lib/ruby/gems/3.4.0/gems/actionpack-8.0.3/lib/abstract_controller/callbacks.rb:34:in 'block (2 levels) in <module:Callbacks>'\n/Users/harshwadhawe/.rbenv/versions/3.4.5/lib/ruby/gems/3.4.0/gems/activesupport-8.0.3/lib/active_support/callbacks.rb:179:in 'ActiveSupport::Callbacks::Filters::Before#call'\n/Users/harshwadhawe/.rbenv/versions/3.4.5/lib/ruby/gems/3.4.0/gems/activesupport-8.0.3/lib/active_support/callbacks.rb:559:in 'block in ActiveSupport::Callbacks::CallbackSequence#invoke_before'\n/Users/harshwadhawe/.rbenv/versions/3.4.5/lib/ruby/gems/3.4.0/gems/activesupport-8.0.3/lib/active_support/callbacks.rb:559:in 'Array#each'\n/Users/harshwadhawe/.rbenv/versions/3.4.5/lib/ruby/gems/3.4.0/gems/activesupport-8.0.3/lib/active_support/callbacks.rb:559:in 'ActiveSupport::Callbacks::CallbackSequence#invoke_before'\n/Users/harshwadhawe/.rbenv/versions/3.4.5/lib/ruby/gems/3.4.0/gems/activesupport-8.0.3/lib/active_support/callbacks.rb:118:in 'block in ActiveSupport::Callbacks#run_callbacks'\n/Users/harshwadhawe/Code/Fall 25/SE/Project 1/Project-1-SE/app/controllers/application_controller.rb:68:in 'ApplicationController#log_performance'
[f7970b13-434b-4ca6-893b-d92feb4e82e0] [IP:127.0.0.1] [User:guest] [ERROR CONTEXT] Controller: build_items, Action: create, Params: {"build_id" => "1", "part_id" => "2", "part_class" => "Cpu", "controller" => "build_items", "action" => "create"}
[c34065b7-dfac-433f-b3c5-1e0354030286] [IP:127.0.0.1] [User:guest] [ERROR] NoMethodError: undefined method 'require_login' for an instance of BuildItemsController
[c34065b7-dfac-433f-b3c5-1e0354030286] [IP:127.0.0.1] [User:guest] [ERROR BACKTRACE] /Users/harshwadhawe/.rbenv/versions/3.4.5/lib/ruby/gems/3.4.0/gems/railties-8.0.3/lib/rails/engine/lazy_route_set.rb:96:in 'method_missing'\n/Users/harshwadhawe/.rbenv/versions/3.4.5/lib/ruby/gems/3.4.0/gems/activesupport-8.0.3/lib/active_support/callbacks.rb:361:in 'block in ActiveSupport::Callbacks::CallTemplate::MethodCall#make_lambda'\n/Users/harshwadhawe/.rbenv/versions/3.4.5/lib/ruby/gems/3.4.0/gems/activesupport-8.0.3/lib/active_support/callbacks.rb:178:in 'block in ActiveSupport::Callbacks::Filters::Before#call'\n/Users/harshwadhawe/.rbenv/versions/3.4.5/lib/ruby/gems/3.4.0/gems/actionpack-8.0.3/lib/abstract_controller/callbacks.rb:34:in 'block (2 levels) in <module:Callbacks>'\n/Users/harshwadhawe/.rbenv/versions/3.4.5/lib/ruby/gems/3.4.0/gems/activesupport-8.0.3/lib/active_support/callbacks.rb:179:in 'ActiveSupport::Callbacks::Filters::Before#call'\n/Users/harshwadhawe/.rbenv/versions/3.4.5/lib/ruby/gems/3.4.0/gems/activesupport-8.0.3/lib/active_support/callbacks.rb:559:in 'block in ActiveSupport::Callbacks::CallbackSequence#invoke_before'\n/Users/harshwadhawe/.rbenv/versions/3.4.5/lib/ruby/gems/3.4.0/gems/activesupport-8.0.3/lib/active_support/callbacks.rb:559:in 'Array#each'\n/Users/harshwadhawe/.rbenv/versions/3.4.5/lib/ruby/gems/3.4.0/gems/activesupport-8.0.3/lib/active_support/callbacks.rb:559:in 'ActiveSupport::Callbacks::CallbackSequence#invoke_before'\n/Users/harshwadhawe/.rbenv/versions/3.4.5/lib/ruby/gems/3.4.0/gems/activesupport-8.0.3/lib/active_support/callbacks.rb:118:in 'block in ActiveSupport::Callbacks#run_callbacks'\n/Users/harshwadhawe/Code/Fall 25/SE/Project 1/Project-1-SE/app/controllers/application_controller.rb:68:in 'ApplicationController#log_performance'
[c34065b7-dfac-433f-b3c5-1e0354030286] [IP:127.0.0.1] [User:guest] [ERROR CONTEXT] Controller: build_items, Action: create, Params: {"build_id" => "1", "part_id" => "2", "part_class" => "Cpu", "controller" => "build_items", "action" => "create"}
[714d37c5-bec8-42cb-9855-b95135601cc4] [IP:127.0.0.1] [User:guest] [ERROR] NoMethodError: undefined method 'require_login' for an instance of BuildItemsController
[714d37c5-bec8-42cb-9855-b95135601cc4] [IP:127.0.0.1] [User:guest] [ERROR BACKTRACE] /Users/harshwadhawe/.rbenv/versions/3.4.5/lib/ruby/gems/3.4.0/gems/railties-8.0.3/lib/rails/engine/lazy_route_set.rb:96:in 'method_missing'\n/Users/harshwadhawe/.rbenv/versions/3.4.5/lib/ruby/gems/3.4.0/gems/activesupport-8.0.3/lib/active_support/callbacks.rb:361:in 'block in ActiveSupport::Callbacks::CallTemplate::MethodCall#make_lambda'\n/Users/harshwadhawe/.rbenv/versions/3.4.5/lib/ruby/gems/3.4.0/gems/activesupport-8.0.3/lib/active_support/callbacks.rb:178:in 'block in ActiveSupport::Callbacks::Filters::Before#call'\n/Users/harshwadhawe/.rbenv/versions/3.4.5/lib/ruby/gems/3.4.0/gems/actionpack-8.0.3/lib/abstract_controller/callbacks.rb:34:in 'block (2 levels) in <module:Callbacks>'\n/Users/harshwadhawe/.rbenv/versions/3.4.5/lib/ruby/gems/3.4.0/gems/activesupport-8.0.3/lib/active_support/callbacks.rb:179:in 'ActiveSupport::Callbacks::Filters::Before#call'\n/Users/harshwadhawe/.rbenv/versions/3.4.5/lib/ruby/gems/3.4.0/gems/activesupport-8.0.3/lib/active_support/callbacks.rb:559:in 'block in ActiveSupport::Callbacks::CallbackSequence#invoke_before'\n/Users/harshwadhawe/.rbenv/versions/3.4.5/lib/ruby/gems/3.4.0/gems/activesupport-8.0.3/lib/active_support/callbacks.rb:559:in 'Array#each'\n/Users/harshwadhawe/.rbenv/versions/3.4.5/lib/ruby/gems/3.4.0/gems/activesupport-8.0.3/lib/active_support/callbacks.rb:559:in 'ActiveSupport::Callbacks::CallbackSequence#invoke_before'\n/Users/harshwadhawe/.rbenv/versions/3.4.5/lib/ruby/gems/3.4.0/gems/activesupport-8.0.3/lib/active_support/callbacks.rb:118:in 'block in ActiveSupport::Callbacks#run_callbacks'\n/Users/harshwadhawe/Code/Fall 25/SE/Project 1/Project-1-SE/app/controllers/application_controller.rb:68:in 'ApplicationController#log_performance'
[714d37c5-bec8-42cb-9855-b95135601cc4] [IP:127.0.0.1] [User:guest] [ERROR CONTEXT] Controller: build_items, Action: create, Params: {"build_id" => "1", "part_id" => "2", "part_class" => "Gpu", "controller" => "build_items", "action" => "create"}
[10fc6f1a-ef78-467d-86a7-ca7c6683bc04] [IP:127.0.0.1] [User:guest] [ERROR] NoMethodError: undefined method 'require_login' for an instance of BuildItemsController
[10fc6f1a-ef78-467d-86a7-ca7c6683bc04] [IP:127.0.0.1] [User:guest] [ERROR BACKTRACE] /Users/harshwadhawe/.rbenv/versions/3.4.5/lib/ruby/gems/3.4.0/gems/railties-8.0.3/lib/rails/engine/lazy_route_set.rb:96:in 'method_missing'\n/Users/harshwadhawe/.rbenv/versions/3.4.5/lib/ruby/gems/3.4.0/gems/activesupport-8.0.3/lib/active_support/callbacks.rb:361:in 'block in ActiveSupport::Callbacks::CallTemplate::MethodCall#make_lambda'\n/Users/harshwadhawe/.rbenv/versions/3.4.5/lib/ruby/gems/3.4.0/gems/activesupport-8.0.3/lib/active_support/callbacks.rb:178:in 'block in ActiveSupport::Callbacks::Filters::Before#call'\n/Users/harshwadhawe/.rbenv/versions/3.4.5/lib/ruby/gems/3.4.0/gems/actionpack-8.0.3/lib/abstract_controller/callbacks.rb:34:in 'block (2 levels) in <module:Callbacks>'\n/Users/harshwadhawe/.rbenv/versions/3.4.5/lib/ruby/gems/3.4.0/gems/activesupport-8.0.3/lib/active_support/callbacks.rb:179:in 'ActiveSupport::Callbacks::Filters::Before#call'\n/Users/harshwadhawe/.rbenv/versions/3.4.5/lib/ruby/gems/3.4.0/gems/activesupport-8.0.3/lib/active_support/callbacks.rb:559:in 'block in ActiveSupport::Callbacks::CallbackSequence#invoke_before'\n/Users/harshwadhawe/.rbenv/versions/3.4.5/lib/ruby/gems/3.4.0/gems/activesupport-8.0.3/lib/active_support/callbacks.rb:559:in 'Array#each'\n/Users/harshwadhawe/.rbenv/versions/3.4.5/lib/ruby/gems/3.4.0/gems/activesupport-8.0.3/lib/active_support/callbacks.rb:559:in 'ActiveSupport::Callbacks::CallbackSequence#invoke_before'\n/Users/harshwadhawe/.rbenv/versions/3.4.5/lib/ruby/gems/3.4.0/gems/activesupport-8.0.3/lib/active_support/callbacks.rb:118:in 'block in ActiveSupport::Callbacks#run_callbacks'\n/Users/harshwadhawe/Code/Fall 25/SE/Project 1/Project-1-SE/app/controllers/application_controller.rb:68:in 'ApplicationController#log_performance'
[10fc6f1a-ef78-467d-86a7-ca7c6683bc04] [IP:127.0.0.1] [User:guest] [ERROR CONTEXT] Controller: build_items, Action: create, Params: {"build_id" => "1", "part_id" => "2", "part_class" => "Gpu", "controller" => "build_items", "action" => "create"}
[741206a7-4e4e-43b4-9dbd-0eaf1ad44b8d] [IP:127.0.0.1] [User:guest] [ERROR] NoMethodError: undefined method 'require_login' for an instance of BuildItemsController
[741206a7-4e4e-43b4-9dbd-0eaf1ad44b8d] [IP:127.0.0.1] [User:guest] [ERROR BACKTRACE] /Users/harshwadhawe/.rbenv/versions/3.4.5/lib/ruby/gems/3.4.0/gems/railties-8.0.3/lib/rails/engine/lazy_route_set.rb:96:in 'method_missing'\n/Users/harshwadhawe/.rbenv/versions/3.4.5/lib/ruby/gems/3.4.0/gems/activesupport-8.0.3/lib/active_support/callbacks.rb:361:in 'block in ActiveSupport::Callbacks::CallTemplate::MethodCall#make_lambda'\n/Users/harshwadhawe/.rbenv/versions/3.4.5/lib/ruby/gems/3.4.0/gems/activesupport-8.0.3/lib/active_support/callbacks.rb:178:in 'block in ActiveSupport::Callbacks::Filters::Before#call'\n/Users/harshwadhawe/.rbenv/versions/3.4.5/lib/ruby/gems/3.4.0/gems/actionpack-8.0.3/lib/abstract_controller/callbacks.rb:34:in 'block (2 levels) in <module:Callbacks>'\n/Users/harshwadhawe/.rbenv/versions/3.4.5/lib/ruby/gems/3.4.0/gems/activesupport-8.0.3/lib/active_support/callbacks.rb:179:in 'ActiveSupport::Callbacks::Filters::Before#call'\n/Users/harshwadhawe/.rbenv/versions/3.4.5/lib/ruby/gems/3.4.0/gems/activesupport-8.0.3/lib/active_support/callbacks.rb:559:in 'block in ActiveSupport::Callbacks::CallbackSequence#invoke_before'\n/Users/harshwadhawe/.rbenv/versions/3.4.5/lib/ruby/gems/3.4.0/gems/activesupport-8.0.3/lib/active_support/callbacks.rb:559:in 'Array#each'\n/Users/harshwadhawe/.rbenv/versions/3.4.5/lib/ruby/gems/3.4.0/gems/activesupport-8.0.3/lib/active_support/callbacks.rb:559:in 'ActiveSupport::Callbacks::CallbackSequence#invoke_before'\n/Users/harshwadhawe/.rbenv/versions/3.4.5/lib/ruby/gems/3.4.0/gems/activesupport-8.0.3/lib/active_support/callbacks.rb:118:in 'block in ActiveSupport::Callbacks#run_callbacks'\n/Users/harshwadhawe/Code/Fall 25/SE/Project 1/Project-1-SE/app/controllers/application_controller.rb:68:in 'ApplicationController#log_performance'
[741206a7-4e4e-43b4-9dbd-0eaf1ad44b8d] [IP:127.0.0.1] [User:guest] [ERROR CONTEXT] Controller: build_items, Action: create, Params: {"build_id" => "99999", "part_id" => "1", "part_class" => "Cpu", "controller" => "build_items", "action" => "create"}
[66fc798e-1946-4c1f-b4fe-456ee92ec32f] [IP:127.0.0.1] [User:guest] [ERROR] NoMethodError: undefined method 'require_login' for an instance of BuildItemsController
[66fc798e-1946-4c1f-b4fe-456ee92ec32f] [IP:127.0.0.1] [User:guest] [ERROR BACKTRACE] /Users/harshwadhawe/.rbenv/versions/3.4.5/lib/ruby/gems/3.4.0/gems/railties-8.0.3/lib/rails/engine/lazy_route_set.rb:96:in 'method_missing'\n/Users/harshwadhawe/.rbenv/versions/3.4.5/lib/ruby/gems/3.4.0/gems/activesupport-8.0.3/lib/active_support/callbacks.rb:361:in 'block in ActiveSupport::Callbacks::CallTemplate::MethodCall#make_lambda'\n/Users/harshwadhawe/.rbenv/versions/3.4.5/lib/ruby/gems/3.4.0/gems/activesupport-8.0.3/lib/active_support/callbacks.rb:178:in 'block in ActiveSupport::Callbacks::Filters::Before#call'\n/Users/harshwadhawe/.rbenv/versions/3.4.5/lib/ruby/gems/3.4.0/gems/actionpack-8.0.3/lib/abstract_controller/callbacks.rb:34:in 'block (2 levels) in <module:Callbacks>'\n/Users/harshwadhawe/.rbenv/versions/3.4.5/lib/ruby/gems/3.4.0/gems/activesupport-8.0.3/lib/active_support/callbacks.rb:179:in 'ActiveSupport::Callbacks::Filters::Before#call'\n/Users/harshwadhawe/.rbenv/versions/3.4.5/lib/ruby/gems/3.4.0/gems/activesupport-8.0.3/lib/active_support/callbacks.rb:559:in 'block in ActiveSupport::Callbacks::CallbackSequence#invoke_before'\n/Users/harshwadhawe/.rbenv/versions/3.4.5/lib/ruby/gems/3.4.0/gems/activesupport-8.0.3/lib/active_support/callbacks.rb:559:in 'Array#each'\n/Users/harshwadhawe/.rbenv/versions/3.4.5/lib/ruby/gems/3.4.0/gems/activesupport-8.0.3/lib/active_support/callbacks.rb:559:in 'ActiveSupport::Callbacks::CallbackSequence#invoke_before'\n/Users/harshwadhawe/.rbenv/versions/3.4.5/lib/ruby/gems/3.4.0/gems/activesupport-8.0.3/lib/active_support/callbacks.rb:118:in 'block in ActiveSupport::Callbacks#run_callbacks'\n/Users/harshwadhawe/Code/Fall 25/SE/Project 1/Project-1-SE/app/controllers/application_controller.rb:68:in 'ApplicationController#log_performance'
[66fc798e-1946-4c1f-b4fe-456ee92ec32f] [IP:127.0.0.1] [User:guest] [ERROR CONTEXT] Controller: build_items, Action: create, Params: {"build_id" => "1", "part_id" => "99999", "part_class" => "Cpu", "controller" => "build_items", "action" => "create"}
[cc664692-d918-44aa-afb7-c231ea7f0068] [IP:127.0.0.1] [User:guest] [AUTH] Unauthorized access attempt to /builds/1/build_items
[c2879446-bebb-4c34-a8da-e549063f4e69] [IP:127.0.0.1] [User:guest] [ERROR] NoMethodError: undefined method 'require_login' for an instance of BuildItemsController
[c2879446-bebb-4c34-a8da-e549063f4e69] [IP:127.0.0.1] [User:guest] [ERROR BACKTRACE] /Users/harshwadhawe/.rbenv/versions/3.4.5/lib/ruby/gems/3.4.0/gems/railties-8.0.3/lib/rails/engine/lazy_route_set.rb:96:in 'method_missing'\n/Users/harshwadhawe/.rbenv/versions/3.4.5/lib/ruby/gems/3.4.0/gems/activesupport-8.0.3/lib/active_support/callbacks.rb:361:in 'block in ActiveSupport::Callbacks::CallTemplate::MethodCall#make_lambda'\n/Users/harshwadhawe/.rbenv/versions/3.4.5/lib/ruby/gems/3.4.0/gems/activesupport-8.0.3/lib/active_support/callbacks.rb:178:in 'block in ActiveSupport::Callbacks::Filters::Before#call'\n/Users/harshwadhawe/.rbenv/versions/3.4.5/lib/ruby/gems/3.4.0/gems/actionpack-8.0.3/lib/abstract_controller/callbacks.rb:34:in 'block (2 levels) in <module:Callbacks>'\n/Users/harshwadhawe/.rbenv/versions/3.4.5/lib/ruby/gems/3.4.0/gems/activesupport-8.0.3/lib/active_support/callbacks.rb:179:in 'ActiveSupport::Callbacks::Filters::Before#call'\n/Users/harshwadhawe/.rbenv/versions/3.4.5/lib/ruby/gems/3.4.0/gems/activesupport-8.0.3/lib/active_support/callbacks.rb:559:in 'block in ActiveSupport::Callbacks::CallbackSequence#invoke_before'\n/Users/harshwadhawe/.rbenv/versions/3.4.5/lib/ruby/gems/3.4.0/gems/activesupport-8.0.3/lib/active_support/callbacks.rb:559:in 'Array#each'\n/Users/harshwadhawe/.rbenv/versions/3.4.5/lib/ruby/gems/3.4.0/gems/activesupport-8.0.3/lib/active_support/callbacks.rb:559:in 'ActiveSupport::Callbacks::CallbackSequence#invoke_before'\n/Users/harshwadhawe/.rbenv/versions/3.4.5/lib/ruby/gems/3.4.0/gems/activesupport-8.0.3/lib/active_support/callbacks.rb:118:in 'block in ActiveSupport::Callbacks#run_callbacks'\n/Users/harshwadhawe/Code/Fall 25/SE/Project 1/Project-1-SE/app/controllers/application_controller.rb:68:in 'ApplicationController#log_performance'
[c2879446-bebb-4c34-a8da-e549063f4e69] [IP:127.0.0.1] [User:guest] [ERROR CONTEXT] Controller: build_items, Action: create, Params: {"build_id" => "1", "part_id" => "1", "controller" => "build_items", "action" => "create"}
[e105837b-0164-4103-883c-4afb4503cdbe] [IP:127.0.0.1] [User:guest] [ERROR] NoMethodError: undefined method 'require_login' for an instance of BuildItemsController
[e105837b-0164-4103-883c-4afb4503cdbe] [IP:127.0.0.1] [User:guest] [ERROR BACKTRACE] /Users/harshwadhawe/.rbenv/versions/3.4.5/lib/ruby/gems/3.4.0/gems/railties-8.0.3/lib/rails/engine/lazy_route_set.rb:96:in 'method_missing'\n/Users/harshwadhawe/.rbenv/versions/3.4.5/lib/ruby/gems/3.4.0/gems/activesupport-8.0.3/lib/active_support/callbacks.rb:361:in 'block in ActiveSupport::Callbacks::CallTemplate::MethodCall#make_lambda'\n/Users/harshwadhawe/.rbenv/versions/3.4.5/lib/ruby/gems/3.4.0/gems/activesupport-8.0.3/lib/active_support/callbacks.rb:178:in 'block in ActiveSupport::Callbacks::Filters::Before#call'\n/Users/harshwadhawe/.rbenv/versions/3.4.5/lib/ruby/gems/3.4.0/gems/actionpack-8.0.3/lib/abstract_controller/callbacks.rb:34:in 'block (2 levels) in <module:Callbacks>'\n/Users/harshwadhawe/.rbenv/versions/3.4.5/lib/ruby/gems/3.4.0/gems/activesupport-8.0.3/lib/active_support/callbacks.rb:179:in 'ActiveSupport::Callbacks::Filters::Before#call'\n/Users/harshwadhawe/.rbenv/versions/3.4.5/lib/ruby/gems/3.4.0/gems/activesupport-8.0.3/lib/active_support/callbacks.rb:559:in 'block in ActiveSupport::Callbacks::CallbackSequence#invoke_before'\n/Users/harshwadhawe/.rbenv/versions/3.4.5/lib/ruby/gems/3.4.0/gems/activesupport-8.0.3/lib/active_support/callbacks.rb:559:in 'Array#each'\n/Users/harshwadhawe/.rbenv/versions/3.4.5/lib/ruby/gems/3.4.0/gems/activesupport-8.0.3/lib/active_support/callbacks.rb:559:in 'ActiveSupport::Callbacks::CallbackSequence#invoke_before'\n/Users/harshwadhawe/.rbenv/versions/3.4.5/lib/ruby/gems/3.4.0/gems/activesupport-8.0.3/lib/active_support/callbacks.rb:118:in 'block in ActiveSupport::Callbacks#run_callbacks'\n/Users/harshwadhawe/Code/Fall 25/SE/Project 1/Project-1-SE/app/controllers/application_controller.rb:68:in 'ApplicationController#log_performance'
[e105837b-0164-4103-883c-4afb4503cdbe] [IP:127.0.0.1] [User:guest] [ERROR CONTEXT] Controller: build_items, Action: create, Params: {"build_id" => "1", "part_id" => "1", "part_class" => "", "controller" => "build_items", "action" => "create"}
[6d38a550-65d2-4a22-9304-b48857040b5f] [IP:127.0.0.1] [User:guest] [BUILD VALIDATION] Validation failed for build '': Name can't be blank
[1cd051f0-14be-43e1-85aa-ed55c4dde7a2] [IP:127.0.0.1] [User:guest] [BUILD VALIDATION] Validation failed for build '': Name can't be blank
[BUILD_ITEM DESTROY] Removing BuildItem ID: 1 - AMD Ryzen 7 x from build 'Gaming PC'
[BUILD_ITEM DESTROY] Removing BuildItem ID: 2 - RTX 4070 x from build 'Gaming PC'
[BUILD DESTROY] Destroying build ID: 1 - 'Gaming PC' with 0 items
[BUILD_ITEM DESTROY] Removing BuildItem ID: 3 - Corsair 16GB x from build 'Work PC'
[BUILD DESTROY] Destroying build ID: 2 - 'Work PC' with 0 items
[26f901cd-b76a-4811-a15b-b21227d497fc] [IP:127.0.0.1] [User:guest] [LOGIN FAILED] Invalid credentials for email: harsh@example.com
[6ce3e103-b8b1-4334-b832-dc78f2b401c8] [IP:127.0.0.1] [User:guest] [LOGIN FAILED] Invalid credentials for email: harsh@example.com
[61cefc99-5015-4a69-98dd-db7844ed5369] [IP:127.0.0.1] [User:guest] [LOGIN FAILED] Invalid credentials for email: nonexistent@example.com
[455e00ab-9984-4b81-a827-dc805815c34f] [IP:127.0.0.1] [User:guest] [LOGIN FAILED] Invalid credentials for email: harsh@example.com
[f6a0211a-379a-4939-a649-f56ec4c5c995] [IP:127.0.0.1] [User:guest] [LOGOUT] Logout attempt when no user was logged in
[a400ac10-4ef7-40c1-9c6c-569d03d69d1d] [IP:127.0.0.1] [User:guest] [LOGOUT] Logout attempt when no user was logged in
[f2ceb7dc-78df-4e55-af0c-1d0e06f39e3a] [IP:127.0.0.1] [User:guest] [LOGOUT] Logout attempt when no user was logged in
[9a7f51a0-6aa5-4eb9-a4ae-a8a1caac34f5] [IP:127.0.0.1] [User:guest] [AUTH] Unauthorized access attempt to /users
[413f793f-f680-445f-a037-9aa982b06195] [IP:127.0.0.1] [User:guest] [AUTH] Unauthorized access attempt to /users/1
[6c4c0d50-4b1e-4b23-a336-855cc2082a33] [IP:127.0.0.1] [User:guest] [RECORD NOT FOUND] ActiveRecord::RecordNotFound: Couldn't find User with 'id'="99999" - Params: {"controller" => "users", "action" => "show", "id" => "99999"}
[f527bd51-7aca-45a8-93b5-e16934168d64] [IP:127.0.0.1] [User:guest] [USER VALIDATION] Validation failed for user '' (invalid-email): Password confirmation doesn't match Password, Name can't be blank, Email is invalid, Password is too short (minimum is 6 characters)
[f527bd51-7aca-45a8-93b5-e16934168d64] [IP:127.0.0.1] [User:guest] [SIGNUP FAILED] User creation failed: Password confirmation doesn't match Password, Name can't be blank, Email is invalid, Password is too short (minimum is 6 characters)
[93291a3d-65f6-4970-9de9-3a8cd64e934f] [IP:127.0.0.1] [User:guest] [USER VALIDATION] Validation failed for user '' (invalid-email): Password confirmation doesn't match Password, Name can't be blank, Email is invalid, Password is too short (minimum is 6 characters)
[93291a3d-65f6-4970-9de9-3a8cd64e934f] [IP:127.0.0.1] [User:guest] [SIGNUP FAILED] User creation failed: Password confirmation doesn't match Password, Name can't be blank, Email is invalid, Password is too short (minimum is 6 characters)
[aae900e1-3e03-48da-b564-117eedb856be] [IP:127.0.0.1] [User:guest] [USER VALIDATION] Validation failed for user '' (invalid-email): Password confirmation doesn't match Password, Name can't be blank, Email is invalid, Password is too short (minimum is 6 characters)
[aae900e1-3e03-48da-b564-117eedb856be] [IP:127.0.0.1] [User:guest] [SIGNUP FAILED] User creation failed: Password confirmation doesn't match Password, Name can't be blank, Email is invalid, Password is too short (minimum is 6 characters)
[fb96a531-c264-4f33-abe4-b25fa36f06e7] [IP:127.0.0.1] [User:guest] [AUTH] Unauthorized access attempt to /users
[97d5583c-20e8-4609-8070-6c405b058dd6] [IP:127.0.0.1] [User:guest] [AUTH] Unauthorized access attempt to /users/1
[BUILD_ITEM VALIDATION] Validation failed for BuildItem: Quantity must be greater than 0
[BUILD_ITEM VALIDATION] Validation failed for BuildItem: Build must exist
[BUILD_ITEM VALIDATION] Validation failed for BuildItem: Part must exist
[BUILD_ITEM VALIDATION] Validation failed for BuildItem: Quantity must be greater than 0
[BUILD_ITEM VALIDATION] Validation failed for BuildItem: Quantity is not a number
[BUILD VALIDATION] Validation failed for build '': Name can't be blank
[PART VALIDATION] Validation failed for Cooler ' ': Name can't be blank, Brand can't be blank
[PART VALIDATION] Validation failed for Cpu 'AMD Ryzen 7 7800X3D': Cpu cores must be greater than 0
[CPU VALIDATION] CPU validation failed for AMD Ryzen 7 7800X3D: Cpu cores must be greater than 0
[PART VALIDATION] Validation failed for Cpu 'AMD Ryzen 7 7800X3D': Cpu threads must be greater than 0
[CPU VALIDATION] CPU validation failed for AMD Ryzen 7 7800X3D: Cpu threads must be greater than 0
[PART VALIDATION] Validation failed for Cpu 'AMD Ryzen 7 7800X3D': Cpu cores must be greater than 0, Cpu threads must be greater than 0
[CPU VALIDATION] CPU validation failed for AMD Ryzen 7 7800X3D: Cpu cores must be greater than 0, Cpu threads must be greater than 0
[PART VALIDATION] Validation failed for Gpu ' ': Name can't be blank, Brand can't be blank
[PART VALIDATION] Validation failed for Memory ' ': Name can't be blank, Brand can't be blank
[PART VALIDATION] Validation failed for Motherboard ' ': Name can't be blank, Brand can't be blank
[PART VALIDATION] Validation failed for Cpu ' ': Name can't be blank, Brand can't be blank
[CPU VALIDATION] CPU validation failed for  : Name can't be blank, Brand can't be blank
[PART VALIDATION] Validation failed for PcCase ' ': Name can't be blank, Brand can't be blank
[PART VALIDATION] Validation failed for Psu ' ': Name can't be blank, Brand can't be blank
[PART VALIDATION] Validation failed for Storage ' ': Name can't be blank, Brand can't be blank
[AUTH] Unauthorized access attempt to /ok
[AUTH] Unauthorized access attempt to /ok
[ERROR] StandardError: kaboom
[ERROR BACKTRACE] /Users/harshwadhawe/Code/Fall 25/SE/Project 1/Project-1-SE/spec/requests/app_controller_spec.rb:12:in 'boom'\n/Users/harshwadhawe/.rbenv/versions/3.4.5/lib/ruby/gems/3.4.0/gems/actionpack-8.0.3/lib/action_controller/metal/basic_implicit_render.rb:8:in 'ActionController::BasicImplicitRender#send_action'\n/Users/harshwadhawe/.rbenv/versions/3.4.5/lib/ruby/gems/3.4.0/gems/actionpack-8.0.3/lib/abstract_controller/base.rb:215:in 'AbstractController::Base#process_action'\n/Users/harshwadhawe/.rbenv/versions/3.4.5/lib/ruby/gems/3.4.0/gems/actionpack-8.0.3/lib/action_controller/metal/rendering.rb:193:in 'ActionController::Rendering#process_action'\n/Users/harshwadhawe/.rbenv/versions/3.4.5/lib/ruby/gems/3.4.0/gems/actionpack-8.0.3/lib/abstract_controller/callbacks.rb:261:in 'block in AbstractController::Callbacks#process_action'\n/Users/harshwadhawe/.rbenv/versions/3.4.5/lib/ruby/gems/3.4.0/gems/activesupport-8.0.3/lib/active_support/callbacks.rb:120:in 'block in ActiveSupport::Callbacks#run_callbacks'\n/Users/harshwadhawe/Code/Fall 25/SE/Project 1/Project-1-SE/app/controllers/application_controller.rb:68:in 'ApplicationController#log_performance'\n/Users/harshwadhawe/.rbenv/versions/3.4.5/lib/ruby/gems/3.4.0/gems/activesupport-8.0.3/lib/active_support/callbacks.rb:129:in 'block in ActiveSupport::Callbacks#run_callbacks'\n/Users/harshwadhawe/.rbenv/versions/3.4.5/lib/ruby/gems/3.4.0/gems/turbo-rails-2.0.17/lib/turbo-rails.rb:24:in 'Turbo.with_request_id'\n/Users/harshwadhawe/.rbenv/versions/3.4.5/lib/ruby/gems/3.4.0/gems/turbo-rails-2.0.17/app/controllers/concerns/turbo/request_id_tracking.rb:10:in 'Turbo::RequestIdTracking#turbo_tracking_request_id'
[ERROR CONTEXT] Controller: anonymous, Action: boom, Params: {"controller" => "anonymous", "action" => "boom"}
[ERROR] StandardError: kaboom
[ERROR BACKTRACE] /Users/harshwadhawe/Code/Fall 25/SE/Project 1/Project-1-SE/spec/requests/app_controller_spec.rb:12:in 'boom'\n/Users/harshwadhawe/.rbenv/versions/3.4.5/lib/ruby/gems/3.4.0/gems/actionpack-8.0.3/lib/action_controller/metal/basic_implicit_render.rb:8:in 'ActionController::BasicImplicitRender#send_action'\n/Users/harshwadhawe/.rbenv/versions/3.4.5/lib/ruby/gems/3.4.0/gems/actionpack-8.0.3/lib/abstract_controller/base.rb:215:in 'AbstractController::Base#process_action'\n/Users/harshwadhawe/.rbenv/versions/3.4.5/lib/ruby/gems/3.4.0/gems/actionpack-8.0.3/lib/action_controller/metal/rendering.rb:193:in 'ActionController::Rendering#process_action'\n/Users/harshwadhawe/.rbenv/versions/3.4.5/lib/ruby/gems/3.4.0/gems/actionpack-8.0.3/lib/abstract_controller/callbacks.rb:261:in 'block in AbstractController::Callbacks#process_action'\n/Users/harshwadhawe/.rbenv/versions/3.4.5/lib/ruby/gems/3.4.0/gems/activesupport-8.0.3/lib/active_support/callbacks.rb:120:in 'block in ActiveSupport::Callbacks#run_callbacks'\n/Users/harshwadhawe/Code/Fall 25/SE/Project 1/Project-1-SE/app/controllers/application_controller.rb:68:in 'ApplicationController#log_performance'\n/Users/harshwadhawe/.rbenv/versions/3.4.5/lib/ruby/gems/3.4.0/gems/activesupport-8.0.3/lib/active_support/callbacks.rb:129:in 'block in ActiveSupport::Callbacks#run_callbacks'\n/Users/harshwadhawe/.rbenv/versions/3.4.5/lib/ruby/gems/3.4.0/gems/turbo-rails-2.0.17/lib/turbo-rails.rb:24:in 'Turbo.with_request_id'\n/Users/harshwadhawe/.rbenv/versions/3.4.5/lib/ruby/gems/3.4.0/gems/turbo-rails-2.0.17/app/controllers/concerns/turbo/request_id_tracking.rb:10:in 'Turbo::RequestIdTracking#turbo_tracking_request_id'
[ERROR CONTEXT] Controller: anonymous, Action: boom, Params: {"controller" => "anonymous", "action" => "boom"}
[RECORD NOT FOUND] ActiveRecord::RecordNotFound: gone - Params: {"controller" => "anonymous", "action" => "missing"}
[RECORD NOT FOUND] ActiveRecord::RecordNotFound: gone - Params: {"controller" => "anonymous", "action" => "missing"}
[PARAMETER MISSING] ActionController::ParameterMissing: param is missing or the value is empty or invalid: important_param - Params: {"controller" => "anonymous", "action" => "needs_param"}
[PARAMETER MISSING] ActionController::ParameterMissing: param is missing or the value is empty or invalid: important_param - Params: {"controller" => "anonymous", "action" => "needs_param"}
[8e505e45-e2d8-4ca7-9c8e-004b37f51ff7] [IP:127.0.0.1] [User:guest] [USER VALIDATION] Validation failed for user 'John Doe' (invalid-email): Email is invalid
[8e505e45-e2d8-4ca7-9c8e-004b37f51ff7] [IP:127.0.0.1] [User:guest] [SIGNUP FAILED] User creation failed: Email is invalid
[54ae6db0-94b2-442d-9de3-938645c44851] [IP:127.0.0.1] [User:guest] [USER VALIDATION] Validation failed for user 'John Doe' (john@example.com): Password confirmation doesn't match Password
[54ae6db0-94b2-442d-9de3-938645c44851] [IP:127.0.0.1] [User:guest] [SIGNUP FAILED] User creation failed: Password confirmation doesn't match Password
[49f0da90-5586-4ad8-be94-72ff8835f11c] [IP:127.0.0.1] [User:guest] [LOGIN FAILED] Invalid credentials for email: test@example.com
[f80dfff9-08ab-4866-a803-67cce08f3e09] [IP:127.0.0.1] [User:guest] [LOGIN FAILED] Invalid credentials for email: nonexistent@example.com
[763bb7b3-5d2d-46f2-854e-72a0d0de1d14] [IP:127.0.0.1] [User:guest] [AUTHZ] User 2 not authorized for build 1
[2032f088-4c87-4c7c-8528-947820ac31fd] [IP:127.0.0.1] [User:guest] [AUTHZ] User 2 not authorized for build 1
[f4d8753c-14f0-4448-bda4-6c6925acb204] [IP:127.0.0.1] [User:guest] [BUILD VALIDATION] Validation failed for build '': Name can't be blank
[f4d8753c-14f0-4448-bda4-6c6925acb204] [IP:127.0.0.1] [User:guest] [BUILD UPDATE] Failed update for build ID: 1 - Name can't be blank
[14a4197b-382e-413d-be99-7bf1c9f12ec7] [IP:127.0.0.1] [User:guest] [BUILD DESTROY] Destroying build ID: 2 - 'To Delete' with 0 items
[14a4197b-382e-413d-be99-7bf1c9f12ec7] [IP:127.0.0.1] [User:guest] [BUILD DESTROY] Destroyed build ID: 2 - 'To Delete'
[2a1cf929-4738-4def-9dc2-2b00afa4955f] [IP:127.0.0.1] [User:guest] [BUILD DESTROY] Failed to destroy build ID: 1
[0d6e3913-6ddc-42e0-8a51-3f9bf38fbc13] [IP:127.0.0.1] [User:guest] [SHARE] Invalid JSON in components_data: expected object key, got 'invalid_json' at line 1 column 2
[3925c660-b784-4726-8fde-bfd48d5a4ed7] [IP:127.0.0.1] [User:guest] [SHARE] Failed to create share link: boom
[4339f692-5f23-40b9-b7b7-5f77b3d0cf47] [IP:127.0.0.1] [User:guest] [SHARED] Invalid token
[bb284f35-bcc9-42ce-b586-644c26d711d7] [IP:127.0.0.1] [User:guest] [RECORD NOT FOUND] ActiveRecord::RecordNotFound: Couldn't find Build with 'id'="99999" - Params: {"build_id" => "99999", "part_id" => "1", "part_class" => "Cpu", "controller" => "build_items", "action" => "create"}
[363c8774-455b-4c1d-81ca-46d3a0f30c6e] [IP:127.0.0.1] [User:guest] [RECORD NOT FOUND] ActiveRecord::RecordNotFound: Couldn't find Part with 'id'="99999" - Params: {"build_id" => "1", "part_id" => "99999", "part_class" => "Cpu", "controller" => "build_items", "action" => "create"}
[e7def70b-dde3-4b8e-bc26-e7a8ebbe89a4] [IP:127.0.0.1] [User:guest] [AUTH] Unauthorized access attempt to /builds/1/build_items
[702a8ff9-42ef-4a6d-ba42-656c949b2347] [IP:127.0.0.1] [User:guest] [BUILD_ITEM DESTROY] Removing BuildItem ID: 1 - Ryzen 7 7800X3D x from build 'Test Build'
[f855a6a3-4678-4f8d-ace4-ad848dad2fbc] [IP:127.0.0.1] [User:guest] [RECORD NOT FOUND] ActiveRecord::RecordNotFound: Couldn't find Build with 'id'="999999" - Params: {"controller" => "build_items", "action" => "destroy", "build_id" => "999999", "id" => "1"}
[031567fc-4989-40b4-9005-f83c0c04dac5] [IP:127.0.0.1] [User:guest] [RECORD NOT FOUND] ActiveRecord::RecordNotFound: Couldn't find BuildItem with 'id'="999999" [WHERE "build_items"."build_id" = ?] - Params: {"controller" => "build_items", "action" => "destroy", "build_id" => "1", "id" => "999999"}
[ef999feb-3e62-4a34-b3eb-1e5874edaff0] [IP:127.0.0.1] [User:guest] [AUTH] Unauthorized access attempt to /builds/1/build_items/1
[b68ecd80-9bea-4dd5-b4f0-6037d77dc0bc] [IP:127.0.0.1] [User:guest] [BUILD VALIDATION] Validation failed for build '': Name can't be blank
[8fd87457-d0bb-453d-9fd3-f28e8498e72f] [IP:127.0.0.1] [User:guest] [BUILD VALIDATION] Validation failed for build '': Name can't be blank
[BUILD_ITEM DESTROY] Removing BuildItem ID: 1 - AMD Ryzen 7 x from build 'Gaming PC'
[BUILD_ITEM DESTROY] Removing BuildItem ID: 2 - RTX 4070 x from build 'Gaming PC'
[BUILD DESTROY] Destroying build ID: 1 - 'Gaming PC' with 0 items
[BUILD_ITEM DESTROY] Removing BuildItem ID: 3 - Corsair 16GB x from build 'Work PC'
[BUILD DESTROY] Destroying build ID: 2 - 'Work PC' with 0 items
[9e207bb1-0b2b-4ab4-8ade-e5d5c9a17a50] [IP:127.0.0.1] [User:guest] [LOGIN FAILED] Invalid credentials for email: harsh@example.com
[5e4563ec-7b71-49e5-99db-50cc6bbb4074] [IP:127.0.0.1] [User:guest] [LOGIN FAILED] Invalid credentials for email: harsh@example.com
[5eb08fb1-350e-482b-88d8-a02d8612ab33] [IP:127.0.0.1] [User:guest] [LOGIN FAILED] Invalid credentials for email: nonexistent@example.com
[872577db-894a-4a16-b54c-1cf78b20fb6b] [IP:127.0.0.1] [User:guest] [LOGIN FAILED] Invalid credentials for email: harsh@example.com
[f6be07f2-17c3-435a-9f5a-78c88fd4cf8b] [IP:127.0.0.1] [User:guest] [LOGOUT] Logout attempt when no user was logged in
[e606d4ec-aaf9-47d5-8c90-295c0e6a3693] [IP:127.0.0.1] [User:guest] [LOGOUT] Logout attempt when no user was logged in
[c2c257a1-3286-4381-bafc-bdd7d5c76eb5] [IP:127.0.0.1] [User:guest] [LOGOUT] Logout attempt when no user was logged in
[6db468aa-5170-4e3e-b400-24a45955886f] [IP:127.0.0.1] [User:guest] [AUTH] Unauthorized access attempt to /users
[e3529a05-fb24-4f77-b6b1-8a0734add826] [IP:127.0.0.1] [User:guest] [AUTH] Unauthorized access attempt to /users/1
[24565faf-10ed-4631-afce-387f58b15875] [IP:127.0.0.1] [User:guest] [RECORD NOT FOUND] ActiveRecord::RecordNotFound: Couldn't find User with 'id'="99999" - Params: {"controller" => "users", "action" => "show", "id" => "99999"}
[571f38b5-82ed-480f-ab09-d236bb549aa1] [IP:127.0.0.1] [User:guest] [USER VALIDATION] Validation failed for user '' (invalid-email): Password confirmation doesn't match Password, Name can't be blank, Email is invalid, Password is too short (minimum is 6 characters)
[571f38b5-82ed-480f-ab09-d236bb549aa1] [IP:127.0.0.1] [User:guest] [SIGNUP FAILED] User creation failed: Password confirmation doesn't match Password, Name can't be blank, Email is invalid, Password is too short (minimum is 6 characters)
[3374c5ad-58ce-4c90-afa8-7d904a3f41ff] [IP:127.0.0.1] [User:guest] [USER VALIDATION] Validation failed for user '' (invalid-email): Password confirmation doesn't match Password, Name can't be blank, Email is invalid, Password is too short (minimum is 6 characters)
[3374c5ad-58ce-4c90-afa8-7d904a3f41ff] [IP:127.0.0.1] [User:guest] [SIGNUP FAILED] User creation failed: Password confirmation doesn't match Password, Name can't be blank, Email is invalid, Password is too short (minimum is 6 characters)
[ca2e4487-bef1-4509-93ba-4ec66cc41801] [IP:127.0.0.1] [User:guest] [USER VALIDATION] Validation failed for user '' (invalid-email): Password confirmation doesn't match Password, Name can't be blank, Email is invalid, Password is too short (minimum is 6 characters)
[ca2e4487-bef1-4509-93ba-4ec66cc41801] [IP:127.0.0.1] [User:guest] [SIGNUP FAILED] User creation failed: Password confirmation doesn't match Password, Name can't be blank, Email is invalid, Password is too short (minimum is 6 characters)
[79760279-7c4c-4bf3-a169-8612aa889524] [IP:127.0.0.1] [User:guest] [AUTH] Unauthorized access attempt to /users
[50579413-7e71-4b16-b83a-72bf5c9b4906] [IP:127.0.0.1] [User:guest] [AUTH] Unauthorized access attempt to /users/1
[BUILD_ITEM VALIDATION] Validation failed for BuildItem: Quantity must be greater than 0
[BUILD_ITEM VALIDATION] Validation failed for BuildItem: Build must exist
[BUILD_ITEM VALIDATION] Validation failed for BuildItem: Part must exist
[BUILD_ITEM VALIDATION] Validation failed for BuildItem: Quantity must be greater than 0
[BUILD_ITEM VALIDATION] Validation failed for BuildItem: Quantity is not a number
[BUILD VALIDATION] Validation failed for build '': Name can't be blank
[PART VALIDATION] Validation failed for Cooler ' ': Name can't be blank, Brand can't be blank
[PART VALIDATION] Validation failed for Cpu 'AMD Ryzen 7 7800X3D': Cpu cores must be greater than 0
[CPU VALIDATION] CPU validation failed for AMD Ryzen 7 7800X3D: Cpu cores must be greater than 0
[PART VALIDATION] Validation failed for Cpu 'AMD Ryzen 7 7800X3D': Cpu threads must be greater than 0
[CPU VALIDATION] CPU validation failed for AMD Ryzen 7 7800X3D: Cpu threads must be greater than 0
[PART VALIDATION] Validation failed for Cpu 'AMD Ryzen 7 7800X3D': Cpu cores must be greater than 0, Cpu threads must be greater than 0
[CPU VALIDATION] CPU validation failed for AMD Ryzen 7 7800X3D: Cpu cores must be greater than 0, Cpu threads must be greater than 0
[PART VALIDATION] Validation failed for Gpu ' ': Name can't be blank, Brand can't be blank
[PART VALIDATION] Validation failed for Memory ' ': Name can't be blank, Brand can't be blank
[PART VALIDATION] Validation failed for Motherboard ' ': Name can't be blank, Brand can't be blank
[PART VALIDATION] Validation failed for Cpu ' ': Name can't be blank, Brand can't be blank
[CPU VALIDATION] CPU validation failed for  : Name can't be blank, Brand can't be blank
[PART VALIDATION] Validation failed for PcCase ' ': Name can't be blank, Brand can't be blank
[PART VALIDATION] Validation failed for Psu ' ': Name can't be blank, Brand can't be blank
[PART VALIDATION] Validation failed for Storage ' ': Name can't be blank, Brand can't be blank
[AUTH] Unauthorized access attempt to /ok
[AUTH] Unauthorized access attempt to /ok
[ERROR] StandardError: kaboom
[ERROR BACKTRACE] /Users/harshwadhawe/Code/Fall 25/SE/Project 1/Project-1-SE/spec/requests/app_controller_spec.rb:12:in 'boom'\n/Users/harshwadhawe/.rbenv/versions/3.4.5/lib/ruby/gems/3.4.0/gems/actionpack-8.0.3/lib/action_controller/metal/basic_implicit_render.rb:8:in 'ActionController::BasicImplicitRender#send_action'\n/Users/harshwadhawe/.rbenv/versions/3.4.5/lib/ruby/gems/3.4.0/gems/actionpack-8.0.3/lib/abstract_controller/base.rb:215:in 'AbstractController::Base#process_action'\n/Users/harshwadhawe/.rbenv/versions/3.4.5/lib/ruby/gems/3.4.0/gems/actionpack-8.0.3/lib/action_controller/metal/rendering.rb:193:in 'ActionController::Rendering#process_action'\n/Users/harshwadhawe/.rbenv/versions/3.4.5/lib/ruby/gems/3.4.0/gems/actionpack-8.0.3/lib/abstract_controller/callbacks.rb:261:in 'block in AbstractController::Callbacks#process_action'\n/Users/harshwadhawe/.rbenv/versions/3.4.5/lib/ruby/gems/3.4.0/gems/activesupport-8.0.3/lib/active_support/callbacks.rb:120:in 'block in ActiveSupport::Callbacks#run_callbacks'\n/Users/harshwadhawe/Code/Fall 25/SE/Project 1/Project-1-SE/app/controllers/application_controller.rb:68:in 'ApplicationController#log_performance'\n/Users/harshwadhawe/.rbenv/versions/3.4.5/lib/ruby/gems/3.4.0/gems/activesupport-8.0.3/lib/active_support/callbacks.rb:129:in 'block in ActiveSupport::Callbacks#run_callbacks'\n/Users/harshwadhawe/.rbenv/versions/3.4.5/lib/ruby/gems/3.4.0/gems/turbo-rails-2.0.17/lib/turbo-rails.rb:24:in 'Turbo.with_request_id'\n/Users/harshwadhawe/.rbenv/versions/3.4.5/lib/ruby/gems/3.4.0/gems/turbo-rails-2.0.17/app/controllers/concerns/turbo/request_id_tracking.rb:10:in 'Turbo::RequestIdTracking#turbo_tracking_request_id'
[ERROR CONTEXT] Controller: anonymous, Action: boom, Params: {"controller" => "anonymous", "action" => "boom"}
[ERROR] StandardError: kaboom
[ERROR BACKTRACE] /Users/harshwadhawe/Code/Fall 25/SE/Project 1/Project-1-SE/spec/requests/app_controller_spec.rb:12:in 'boom'\n/Users/harshwadhawe/.rbenv/versions/3.4.5/lib/ruby/gems/3.4.0/gems/actionpack-8.0.3/lib/action_controller/metal/basic_implicit_render.rb:8:in 'ActionController::BasicImplicitRender#send_action'\n/Users/harshwadhawe/.rbenv/versions/3.4.5/lib/ruby/gems/3.4.0/gems/actionpack-8.0.3/lib/abstract_controller/base.rb:215:in 'AbstractController::Base#process_action'\n/Users/harshwadhawe/.rbenv/versions/3.4.5/lib/ruby/gems/3.4.0/gems/actionpack-8.0.3/lib/action_controller/metal/rendering.rb:193:in 'ActionController::Rendering#process_action'\n/Users/harshwadhawe/.rbenv/versions/3.4.5/lib/ruby/gems/3.4.0/gems/actionpack-8.0.3/lib/abstract_controller/callbacks.rb:261:in 'block in AbstractController::Callbacks#process_action'\n/Users/harshwadhawe/.rbenv/versions/3.4.5/lib/ruby/gems/3.4.0/gems/activesupport-8.0.3/lib/active_support/callbacks.rb:120:in 'block in ActiveSupport::Callbacks#run_callbacks'\n/Users/harshwadhawe/Code/Fall 25/SE/Project 1/Project-1-SE/app/controllers/application_controller.rb:68:in 'ApplicationController#log_performance'\n/Users/harshwadhawe/.rbenv/versions/3.4.5/lib/ruby/gems/3.4.0/gems/activesupport-8.0.3/lib/active_support/callbacks.rb:129:in 'block in ActiveSupport::Callbacks#run_callbacks'\n/Users/harshwadhawe/.rbenv/versions/3.4.5/lib/ruby/gems/3.4.0/gems/turbo-rails-2.0.17/lib/turbo-rails.rb:24:in 'Turbo.with_request_id'\n/Users/harshwadhawe/.rbenv/versions/3.4.5/lib/ruby/gems/3.4.0/gems/turbo-rails-2.0.17/app/controllers/concerns/turbo/request_id_tracking.rb:10:in 'Turbo::RequestIdTracking#turbo_tracking_request_id'
[ERROR CONTEXT] Controller: anonymous, Action: boom, Params: {"controller" => "anonymous", "action" => "boom"}
[RECORD NOT FOUND] ActiveRecord::RecordNotFound: gone - Params: {"controller" => "anonymous", "action" => "missing"}
[RECORD NOT FOUND] ActiveRecord::RecordNotFound: gone - Params: {"controller" => "anonymous", "action" => "missing"}
[PARAMETER MISSING] ActionController::ParameterMissing: param is missing or the value is empty or invalid: important_param - Params: {"controller" => "anonymous", "action" => "needs_param"}
[PARAMETER MISSING] ActionController::ParameterMissing: param is missing or the value is empty or invalid: important_param - Params: {"controller" => "anonymous", "action" => "needs_param"}
[c3f04184-07ae-4087-b612-04d4465eceb7] [IP:127.0.0.1] [User:guest] [USER VALIDATION] Validation failed for user 'John Doe' (invalid-email): Email is invalid
[c3f04184-07ae-4087-b612-04d4465eceb7] [IP:127.0.0.1] [User:guest] [SIGNUP FAILED] User creation failed: Email is invalid
[a3a8602f-5cac-4fbc-9cb9-40f35840cbdd] [IP:127.0.0.1] [User:guest] [USER VALIDATION] Validation failed for user 'John Doe' (john@example.com): Password confirmation doesn't match Password
[a3a8602f-5cac-4fbc-9cb9-40f35840cbdd] [IP:127.0.0.1] [User:guest] [SIGNUP FAILED] User creation failed: Password confirmation doesn't match Password
[e267ca0c-c168-4a77-8cc1-5cd263995565] [IP:127.0.0.1] [User:guest] [LOGIN FAILED] Invalid credentials for email: test@example.com
[798e2ee1-87cd-49fb-974c-133dfa85aadb] [IP:127.0.0.1] [User:guest] [LOGIN FAILED] Invalid credentials for email: nonexistent@example.com
[df3770d8-f7fd-4597-b38b-a151535cd888] [IP:127.0.0.1] [User:guest] [AUTHZ] User 2 not authorized for build 1
[51300315-c05c-42da-b2a5-4eb371ad66b1] [IP:127.0.0.1] [User:guest] [AUTHZ] User 2 not authorized for build 1
[ca2eb32b-8b54-4b9a-aa9a-36250687a347] [IP:127.0.0.1] [User:guest] [BUILD VALIDATION] Validation failed for build '': Name can't be blank
[ca2eb32b-8b54-4b9a-aa9a-36250687a347] [IP:127.0.0.1] [User:guest] [BUILD UPDATE] Failed update for build ID: 1 - Name can't be blank
[78554e6d-4eaa-4d53-9012-a56a5b1cd0c5] [IP:127.0.0.1] [User:guest] [BUILD DESTROY] Destroying build ID: 2 - 'To Delete' with 0 items
[78554e6d-4eaa-4d53-9012-a56a5b1cd0c5] [IP:127.0.0.1] [User:guest] [BUILD DESTROY] Destroyed build ID: 2 - 'To Delete'
[ce7d70fb-b92d-4056-b7cd-e22e3ad83991] [IP:127.0.0.1] [User:guest] [BUILD DESTROY] Failed to destroy build ID: 1
[27f8a1c4-8b86-49a2-ae0f-745be702cba3] [IP:127.0.0.1] [User:guest] [SHARE] Invalid JSON in components_data: expected object key, got 'invalid_json' at line 1 column 2
[c2b22fa0-7202-462d-89e6-45c35cb90f02] [IP:127.0.0.1] [User:guest] [SHARE] Failed to create share link: boom
[f011f816-f44f-4663-9c26-266abc4be32e] [IP:127.0.0.1] [User:guest] [SHARED] Invalid token
[f1f3094a-2fcd-4af6-9cd0-fe6dd48a90d9] [IP:127.0.0.1] [User:guest] [RECORD NOT FOUND] ActiveRecord::RecordNotFound: Couldn't find Build with 'id'="99999" - Params: {"build_id" => "99999", "part_id" => "1", "part_class" => "Cpu", "controller" => "build_items", "action" => "create"}
[715e7221-df36-4219-b574-7e052f1b973a] [IP:127.0.0.1] [User:guest] [RECORD NOT FOUND] ActiveRecord::RecordNotFound: Couldn't find Part with 'id'="99999" - Params: {"build_id" => "1", "part_id" => "99999", "part_class" => "Cpu", "controller" => "build_items", "action" => "create"}
[7ee22656-573f-4cc9-b6ed-eebe9d6bc3d3] [IP:127.0.0.1] [User:guest] [AUTH] Unauthorized access attempt to /builds/1/build_items
[69e262b5-2831-452f-85f9-69c794a706ee] [IP:127.0.0.1] [User:guest] [BUILD_ITEM DESTROY] Removing BuildItem ID: 1 - Ryzen 7 7800X3D x from build 'Test Build'
[78c89b7d-4a34-4274-932c-35cf8c3adf4a] [IP:127.0.0.1] [User:guest] [RECORD NOT FOUND] ActiveRecord::RecordNotFound: Couldn't find Build with 'id'="999999" - Params: {"controller" => "build_items", "action" => "destroy", "build_id" => "999999", "id" => "1"}
[e6951bc3-a910-42fe-878f-4c67494d3cc9] [IP:127.0.0.1] [User:guest] [RECORD NOT FOUND] ActiveRecord::RecordNotFound: Couldn't find BuildItem with 'id'="999999" [WHERE "build_items"."build_id" = ?] - Params: {"controller" => "build_items", "action" => "destroy", "build_id" => "1", "id" => "999999"}
[3dc64402-4115-4460-97f1-6ce420fd97ea] [IP:127.0.0.1] [User:guest] [AUTH] Unauthorized access attempt to /builds/1/build_items/1
[b77c2392-7cc1-4ad7-825c-335feefe59c0] [IP:127.0.0.1] [User:guest] [BUILD VALIDATION] Validation failed for build '': Name can't be blank
[c7180a47-837b-41c8-bd00-6883c5c5d3fe] [IP:127.0.0.1] [User:guest] [BUILD VALIDATION] Validation failed for build '': Name can't be blank
[BUILD_ITEM DESTROY] Removing BuildItem ID: 1 - AMD Ryzen 7 x from build 'Gaming PC'
[BUILD_ITEM DESTROY] Removing BuildItem ID: 2 - RTX 4070 x from build 'Gaming PC'
[BUILD DESTROY] Destroying build ID: 1 - 'Gaming PC' with 0 items
[BUILD_ITEM DESTROY] Removing BuildItem ID: 3 - Corsair 16GB x from build 'Work PC'
[BUILD DESTROY] Destroying build ID: 2 - 'Work PC' with 0 items
[13200837-c9e9-4ebe-b980-d90b6b6f5b51] [IP:127.0.0.1] [User:guest] [LOGIN FAILED] Invalid credentials for email: harsh@example.com
[d9997290-0c1e-4a08-8f2c-3b7a408ecf9a] [IP:127.0.0.1] [User:guest] [LOGIN FAILED] Invalid credentials for email: harsh@example.com
[997d4926-d0a8-4ee8-810d-d32abd7967c4] [IP:127.0.0.1] [User:guest] [LOGIN FAILED] Invalid credentials for email: nonexistent@example.com
[5451c9df-b8ec-45ee-ad9a-2b27cfcaf7e2] [IP:127.0.0.1] [User:guest] [LOGIN FAILED] Invalid credentials for email: harsh@example.com
[599db613-b895-4737-b537-909870fd0581] [IP:127.0.0.1] [User:guest] [LOGOUT] Logout attempt when no user was logged in
[fd1256f0-0ba7-4b4e-b8b9-9f180bab0a10] [IP:127.0.0.1] [User:guest] [LOGOUT] Logout attempt when no user was logged in
[c5918a1a-4876-41a8-bce5-b829a34a997a] [IP:127.0.0.1] [User:guest] [LOGOUT] Logout attempt when no user was logged in
[464c8fe3-153b-4e01-8a0e-32eec5c118c6] [IP:127.0.0.1] [User:guest] [AUTH] Unauthorized access attempt to /users
[b5e0de2e-5112-44a4-a860-021122299fcf] [IP:127.0.0.1] [User:guest] [AUTH] Unauthorized access attempt to /users/1
[c7edf703-24ce-47a1-8afc-c7814edb8f60] [IP:127.0.0.1] [User:guest] [RECORD NOT FOUND] ActiveRecord::RecordNotFound: Couldn't find User with 'id'="99999" - Params: {"controller" => "users", "action" => "show", "id" => "99999"}
[66199f99-8f32-48ea-b85d-272a3d00cd39] [IP:127.0.0.1] [User:guest] [USER VALIDATION] Validation failed for user '' (invalid-email): Password confirmation doesn't match Password, Name can't be blank, Email is invalid, Password is too short (minimum is 6 characters)
[66199f99-8f32-48ea-b85d-272a3d00cd39] [IP:127.0.0.1] [User:guest] [SIGNUP FAILED] User creation failed: Password confirmation doesn't match Password, Name can't be blank, Email is invalid, Password is too short (minimum is 6 characters)
[89731d69-45ae-42e5-8b54-d39e522dee2f] [IP:127.0.0.1] [User:guest] [USER VALIDATION] Validation failed for user '' (invalid-email): Password confirmation doesn't match Password, Name can't be blank, Email is invalid, Password is too short (minimum is 6 characters)
[89731d69-45ae-42e5-8b54-d39e522dee2f] [IP:127.0.0.1] [User:guest] [SIGNUP FAILED] User creation failed: Password confirmation doesn't match Password, Name can't be blank, Email is invalid, Password is too short (minimum is 6 characters)
[c2869610-eb86-4cb8-9ef7-3cd9ff58b238] [IP:127.0.0.1] [User:guest] [USER VALIDATION] Validation failed for user '' (invalid-email): Password confirmation doesn't match Password, Name can't be blank, Email is invalid, Password is too short (minimum is 6 characters)
[c2869610-eb86-4cb8-9ef7-3cd9ff58b238] [IP:127.0.0.1] [User:guest] [SIGNUP FAILED] User creation failed: Password confirmation doesn't match Password, Name can't be blank, Email is invalid, Password is too short (minimum is 6 characters)
[221a2e83-2b2a-48bb-9fec-a9e3b49b53a5] [IP:127.0.0.1] [User:guest] [AUTH] Unauthorized access attempt to /users
[32b8fe69-21e2-4e33-830e-b31e2cd03213] [IP:127.0.0.1] [User:guest] [AUTH] Unauthorized access attempt to /users/1
[BUILD_ITEM VALIDATION] Validation failed for BuildItem: Quantity must be greater than 0
[BUILD_ITEM VALIDATION] Validation failed for BuildItem: Build must exist
[BUILD_ITEM VALIDATION] Validation failed for BuildItem: Part must exist
[BUILD_ITEM VALIDATION] Validation failed for BuildItem: Quantity must be greater than 0
[BUILD_ITEM VALIDATION] Validation failed for BuildItem: Quantity is not a number
[BUILD VALIDATION] Validation failed for build '': Name can't be blank
[PART VALIDATION] Validation failed for Cooler ' ': Name can't be blank, Brand can't be blank
[PART VALIDATION] Validation failed for Cpu 'AMD Ryzen 7 7800X3D': Cpu cores must be greater than 0
[CPU VALIDATION] CPU validation failed for AMD Ryzen 7 7800X3D: Cpu cores must be greater than 0
[PART VALIDATION] Validation failed for Cpu 'AMD Ryzen 7 7800X3D': Cpu threads must be greater than 0
[CPU VALIDATION] CPU validation failed for AMD Ryzen 7 7800X3D: Cpu threads must be greater than 0
[PART VALIDATION] Validation failed for Cpu 'AMD Ryzen 7 7800X3D': Cpu cores must be greater than 0, Cpu threads must be greater than 0
[CPU VALIDATION] CPU validation failed for AMD Ryzen 7 7800X3D: Cpu cores must be greater than 0, Cpu threads must be greater than 0
[PART VALIDATION] Validation failed for Gpu ' ': Name can't be blank, Brand can't be blank
[PART VALIDATION] Validation failed for Memory ' ': Name can't be blank, Brand can't be blank
[PART VALIDATION] Validation failed for Motherboard ' ': Name can't be blank, Brand can't be blank
[PART VALIDATION] Validation failed for Cpu ' ': Name can't be blank, Brand can't be blank
[CPU VALIDATION] CPU validation failed for  : Name can't be blank, Brand can't be blank
[PART VALIDATION] Validation failed for PcCase ' ': Name can't be blank, Brand can't be blank
[PART VALIDATION] Validation failed for Psu ' ': Name can't be blank, Brand can't be blank
[PART VALIDATION] Validation failed for Storage ' ': Name can't be blank, Brand can't be blank
[AUTH] Unauthorized access attempt to /ok
[AUTH] Unauthorized access attempt to /ok
[ERROR] StandardError: kaboom
[ERROR BACKTRACE] /Users/harshwadhawe/Code/Fall 25/SE/Project 1/Project-1-SE/spec/requests/app_controller_spec.rb:12:in 'boom'\n/Users/harshwadhawe/.rbenv/versions/3.4.5/lib/ruby/gems/3.4.0/gems/actionpack-8.0.3/lib/action_controller/metal/basic_implicit_render.rb:8:in 'ActionController::BasicImplicitRender#send_action'\n/Users/harshwadhawe/.rbenv/versions/3.4.5/lib/ruby/gems/3.4.0/gems/actionpack-8.0.3/lib/abstract_controller/base.rb:215:in 'AbstractController::Base#process_action'\n/Users/harshwadhawe/.rbenv/versions/3.4.5/lib/ruby/gems/3.4.0/gems/actionpack-8.0.3/lib/action_controller/metal/rendering.rb:193:in 'ActionController::Rendering#process_action'\n/Users/harshwadhawe/.rbenv/versions/3.4.5/lib/ruby/gems/3.4.0/gems/actionpack-8.0.3/lib/abstract_controller/callbacks.rb:261:in 'block in AbstractController::Callbacks#process_action'\n/Users/harshwadhawe/.rbenv/versions/3.4.5/lib/ruby/gems/3.4.0/gems/activesupport-8.0.3/lib/active_support/callbacks.rb:120:in 'block in ActiveSupport::Callbacks#run_callbacks'\n/Users/harshwadhawe/Code/Fall 25/SE/Project 1/Project-1-SE/app/controllers/application_controller.rb:68:in 'ApplicationController#log_performance'\n/Users/harshwadhawe/.rbenv/versions/3.4.5/lib/ruby/gems/3.4.0/gems/activesupport-8.0.3/lib/active_support/callbacks.rb:129:in 'block in ActiveSupport::Callbacks#run_callbacks'\n/Users/harshwadhawe/.rbenv/versions/3.4.5/lib/ruby/gems/3.4.0/gems/turbo-rails-2.0.17/lib/turbo-rails.rb:24:in 'Turbo.with_request_id'\n/Users/harshwadhawe/.rbenv/versions/3.4.5/lib/ruby/gems/3.4.0/gems/turbo-rails-2.0.17/app/controllers/concerns/turbo/request_id_tracking.rb:10:in 'Turbo::RequestIdTracking#turbo_tracking_request_id'
[ERROR CONTEXT] Controller: anonymous, Action: boom, Params: {"controller" => "anonymous", "action" => "boom"}
[ERROR] StandardError: kaboom
[ERROR BACKTRACE] /Users/harshwadhawe/Code/Fall 25/SE/Project 1/Project-1-SE/spec/requests/app_controller_spec.rb:12:in 'boom'\n/Users/harshwadhawe/.rbenv/versions/3.4.5/lib/ruby/gems/3.4.0/gems/actionpack-8.0.3/lib/action_controller/metal/basic_implicit_render.rb:8:in 'ActionController::BasicImplicitRender#send_action'\n/Users/harshwadhawe/.rbenv/versions/3.4.5/lib/ruby/gems/3.4.0/gems/actionpack-8.0.3/lib/abstract_controller/base.rb:215:in 'AbstractController::Base#process_action'\n/Users/harshwadhawe/.rbenv/versions/3.4.5/lib/ruby/gems/3.4.0/gems/actionpack-8.0.3/lib/action_controller/metal/rendering.rb:193:in 'ActionController::Rendering#process_action'\n/Users/harshwadhawe/.rbenv/versions/3.4.5/lib/ruby/gems/3.4.0/gems/actionpack-8.0.3/lib/abstract_controller/callbacks.rb:261:in 'block in AbstractController::Callbacks#process_action'\n/Users/harshwadhawe/.rbenv/versions/3.4.5/lib/ruby/gems/3.4.0/gems/activesupport-8.0.3/lib/active_support/callbacks.rb:120:in 'block in ActiveSupport::Callbacks#run_callbacks'\n/Users/harshwadhawe/Code/Fall 25/SE/Project 1/Project-1-SE/app/controllers/application_controller.rb:68:in 'ApplicationController#log_performance'\n/Users/harshwadhawe/.rbenv/versions/3.4.5/lib/ruby/gems/3.4.0/gems/activesupport-8.0.3/lib/active_support/callbacks.rb:129:in 'block in ActiveSupport::Callbacks#run_callbacks'\n/Users/harshwadhawe/.rbenv/versions/3.4.5/lib/ruby/gems/3.4.0/gems/turbo-rails-2.0.17/lib/turbo-rails.rb:24:in 'Turbo.with_request_id'\n/Users/harshwadhawe/.rbenv/versions/3.4.5/lib/ruby/gems/3.4.0/gems/turbo-rails-2.0.17/app/controllers/concerns/turbo/request_id_tracking.rb:10:in 'Turbo::RequestIdTracking#turbo_tracking_request_id'
[ERROR CONTEXT] Controller: anonymous, Action: boom, Params: {"controller" => "anonymous", "action" => "boom"}
[RECORD NOT FOUND] ActiveRecord::RecordNotFound: gone - Params: {"controller" => "anonymous", "action" => "missing"}
[RECORD NOT FOUND] ActiveRecord::RecordNotFound: gone - Params: {"controller" => "anonymous", "action" => "missing"}
[PARAMETER MISSING] ActionController::ParameterMissing: param is missing or the value is empty or invalid: important_param - Params: {"controller" => "anonymous", "action" => "needs_param"}
[PARAMETER MISSING] ActionController::ParameterMissing: param is missing or the value is empty or invalid: important_param - Params: {"controller" => "anonymous", "action" => "needs_param"}
[08cfe38d-00f8-4986-b6ca-b2d04da6752f] [IP:127.0.0.1] [User:guest] [USER VALIDATION] Validation failed for user 'John Doe' (invalid-email): Email is invalid
[08cfe38d-00f8-4986-b6ca-b2d04da6752f] [IP:127.0.0.1] [User:guest] [SIGNUP FAILED] User creation failed: Email is invalid
[10608b5f-59b0-4bb6-b132-0f4286122ff4] [IP:127.0.0.1] [User:guest] [USER VALIDATION] Validation failed for user 'John Doe' (john@example.com): Password confirmation doesn't match Password
[10608b5f-59b0-4bb6-b132-0f4286122ff4] [IP:127.0.0.1] [User:guest] [SIGNUP FAILED] User creation failed: Password confirmation doesn't match Password
[b322396f-e40a-41f6-b5c5-d5fb82d8105b] [IP:127.0.0.1] [User:guest] [LOGIN FAILED] Invalid credentials for email: test@example.com
[7edcc374-ed1f-4473-9627-8b347e56af91] [IP:127.0.0.1] [User:guest] [LOGIN FAILED] Invalid credentials for email: nonexistent@example.com
[b525f2b5-45f4-4e1b-a19b-cffb064f1c81] [IP:127.0.0.1] [User:guest] [AUTHZ] User 2 not authorized for build 1
[e3eb8c95-e037-48e8-8d12-e7ec3b4f296a] [IP:127.0.0.1] [User:guest] [AUTHZ] User 2 not authorized for build 1
[502cb9aa-fad2-4cd3-9a0b-e12a8e18ccb8] [IP:127.0.0.1] [User:guest] [BUILD VALIDATION] Validation failed for build '': Name can't be blank
[502cb9aa-fad2-4cd3-9a0b-e12a8e18ccb8] [IP:127.0.0.1] [User:guest] [BUILD UPDATE] Failed update for build ID: 1 - Name can't be blank
[e69660a7-189c-4b2e-9642-22296840aa29] [IP:127.0.0.1] [User:guest] [BUILD DESTROY] Destroying build ID: 2 - 'To Delete' with 0 items
[e69660a7-189c-4b2e-9642-22296840aa29] [IP:127.0.0.1] [User:guest] [BUILD DESTROY] Destroyed build ID: 2 - 'To Delete'
[59cb993e-252e-4c5d-b5f3-638a8cc4294b] [IP:127.0.0.1] [User:guest] [BUILD DESTROY] Failed to destroy build ID: 1
[0c24ebe8-b2e3-47b4-90ef-23ec388edf53] [IP:127.0.0.1] [User:guest] [SHARE] Invalid JSON in components_data: expected object key, got 'invalid_json' at line 1 column 2
[f28aa09f-d1c0-42b8-b9b5-ec96743d817f] [IP:127.0.0.1] [User:guest] [SHARE] Failed to create share link: boom
[11c3b9f7-4516-4c03-9d88-d8ecfd09dd26] [IP:127.0.0.1] [User:guest] [SHARED] Invalid token
[b353ef3e-a14d-4beb-b453-db6baf549b3c] [IP:127.0.0.1] [User:guest] [RECORD NOT FOUND] ActiveRecord::RecordNotFound: Couldn't find Build with 'id'="99999" - Params: {"build_id" => "99999", "part_id" => "1", "part_class" => "Cpu", "controller" => "build_items", "action" => "create"}
[3f66e35f-709d-454e-a636-ef62234b1df0] [IP:127.0.0.1] [User:guest] [RECORD NOT FOUND] ActiveRecord::RecordNotFound: Couldn't find Part with 'id'="99999" - Params: {"build_id" => "1", "part_id" => "99999", "part_class" => "Cpu", "controller" => "build_items", "action" => "create"}
[afc1d169-fe83-42d4-afb6-6c30607cf069] [IP:127.0.0.1] [User:guest] [AUTH] Unauthorized access attempt to /builds/1/build_items
[fdbdc765-1142-4de6-a3fb-2d62c5e75f71] [IP:127.0.0.1] [User:guest] [BUILD_ITEM DESTROY] Removing BuildItem ID: 1 - Ryzen 7 7800X3D x from build 'Test Build'
[20708f9c-0f1f-414c-9353-73c4ecfe1880] [IP:127.0.0.1] [User:guest] [RECORD NOT FOUND] ActiveRecord::RecordNotFound: Couldn't find Build with 'id'="999999" - Params: {"controller" => "build_items", "action" => "destroy", "build_id" => "999999", "id" => "1"}
[84abbdc5-34e3-4b25-82e1-43e319ac62d6] [IP:127.0.0.1] [User:guest] [RECORD NOT FOUND] ActiveRecord::RecordNotFound: Couldn't find BuildItem with 'id'="999999" [WHERE "build_items"."build_id" = ?] - Params: {"controller" => "build_items", "action" => "destroy", "build_id" => "1", "id" => "999999"}
[1f926649-f178-4a22-aa19-1cd93a57a4f8] [IP:127.0.0.1] [User:guest] [AUTH] Unauthorized access attempt to /builds/1/build_items/1
[2b9f13a3-10f7-477f-8e9e-c147da14a7be] [IP:127.0.0.1] [User:guest] [BUILD VALIDATION] Validation failed for build '': Name can't be blank
[ba18d427-9707-445e-b410-3fe19bd7fc9b] [IP:127.0.0.1] [User:guest] [BUILD VALIDATION] Validation failed for build '': Name can't be blank
[BUILD_ITEM DESTROY] Removing BuildItem ID: 1 - AMD Ryzen 7 x from build 'Gaming PC'
[BUILD_ITEM DESTROY] Removing BuildItem ID: 2 - RTX 4070 x from build 'Gaming PC'
[BUILD DESTROY] Destroying build ID: 1 - 'Gaming PC' with 0 items
[BUILD_ITEM DESTROY] Removing BuildItem ID: 3 - Corsair 16GB x from build 'Work PC'
[BUILD DESTROY] Destroying build ID: 2 - 'Work PC' with 0 items
[efcbd0f0-f369-48c0-808d-cf429705ce27] [IP:127.0.0.1] [User:guest] [LOGIN FAILED] Invalid credentials for email: harsh@example.com
[1ca46146-e120-4cfc-85ef-03315be382be] [IP:127.0.0.1] [User:guest] [LOGIN FAILED] Invalid credentials for email: harsh@example.com
[652bdf3f-dd53-4fab-857a-2817d5062087] [IP:127.0.0.1] [User:guest] [LOGIN FAILED] Invalid credentials for email: nonexistent@example.com
[4a2c4162-4a33-4f63-ae92-d42787f206b6] [IP:127.0.0.1] [User:guest] [LOGIN FAILED] Invalid credentials for email: harsh@example.com
[ec33d1d4-7854-4da5-90df-a6071867c2e5] [IP:127.0.0.1] [User:guest] [LOGOUT] Logout attempt when no user was logged in
[b93e616d-8e88-44d2-869d-d2f253b2bf48] [IP:127.0.0.1] [User:guest] [LOGOUT] Logout attempt when no user was logged in
[c90e0143-58b1-46a3-b110-c7145e2c0657] [IP:127.0.0.1] [User:guest] [LOGOUT] Logout attempt when no user was logged in
[1e544494-121c-4ce0-b20a-eeed0c3ec136] [IP:127.0.0.1] [User:guest] [AUTH] Unauthorized access attempt to /users
[d86066ed-a8a8-4c40-987a-cf1be2fc5e0d] [IP:127.0.0.1] [User:guest] [AUTH] Unauthorized access attempt to /users/1
[38efe146-2a7d-4c5d-8da5-801a6d8b9a66] [IP:127.0.0.1] [User:guest] [RECORD NOT FOUND] ActiveRecord::RecordNotFound: Couldn't find User with 'id'="99999" - Params: {"controller" => "users", "action" => "show", "id" => "99999"}
[7ca351a0-8b8f-45df-9830-3524f563133b] [IP:127.0.0.1] [User:guest] [USER VALIDATION] Validation failed for user '' (invalid-email): Password confirmation doesn't match Password, Name can't be blank, Email is invalid, Password is too short (minimum is 6 characters)
[7ca351a0-8b8f-45df-9830-3524f563133b] [IP:127.0.0.1] [User:guest] [SIGNUP FAILED] User creation failed: Password confirmation doesn't match Password, Name can't be blank, Email is invalid, Password is too short (minimum is 6 characters)
[9ec83994-e63a-44e5-84d5-b8d8001312cd] [IP:127.0.0.1] [User:guest] [USER VALIDATION] Validation failed for user '' (invalid-email): Password confirmation doesn't match Password, Name can't be blank, Email is invalid, Password is too short (minimum is 6 characters)
[9ec83994-e63a-44e5-84d5-b8d8001312cd] [IP:127.0.0.1] [User:guest] [SIGNUP FAILED] User creation failed: Password confirmation doesn't match Password, Name can't be blank, Email is invalid, Password is too short (minimum is 6 characters)
[0420d59a-7c7f-486e-bab9-6db7ea7ed9ef] [IP:127.0.0.1] [User:guest] [USER VALIDATION] Validation failed for user '' (invalid-email): Password confirmation doesn't match Password, Name can't be blank, Email is invalid, Password is too short (minimum is 6 characters)
[0420d59a-7c7f-486e-bab9-6db7ea7ed9ef] [IP:127.0.0.1] [User:guest] [SIGNUP FAILED] User creation failed: Password confirmation doesn't match Password, Name can't be blank, Email is invalid, Password is too short (minimum is 6 characters)
[3b1a246c-9812-4582-8816-7bdc734619a8] [IP:127.0.0.1] [User:guest] [AUTH] Unauthorized access attempt to /users
[9df5d4c8-989f-4238-96ee-bbeb11b0812c] [IP:127.0.0.1] [User:guest] [AUTH] Unauthorized access attempt to /users/1
[BUILD_ITEM VALIDATION] Validation failed for BuildItem: Quantity must be greater than 0
[BUILD_ITEM VALIDATION] Validation failed for BuildItem: Build must exist
[BUILD_ITEM VALIDATION] Validation failed for BuildItem: Part must exist
[BUILD_ITEM VALIDATION] Validation failed for BuildItem: Quantity must be greater than 0
[BUILD_ITEM VALIDATION] Validation failed for BuildItem: Quantity is not a number
[BUILD VALIDATION] Validation failed for build '': Name can't be blank
[PART VALIDATION] Validation failed for Cooler ' ': Name can't be blank, Brand can't be blank
[PART VALIDATION] Validation failed for Cpu 'AMD Ryzen 7 7800X3D': Cpu cores must be greater than 0
[CPU VALIDATION] CPU validation failed for AMD Ryzen 7 7800X3D: Cpu cores must be greater than 0
[PART VALIDATION] Validation failed for Cpu 'AMD Ryzen 7 7800X3D': Cpu threads must be greater than 0
[CPU VALIDATION] CPU validation failed for AMD Ryzen 7 7800X3D: Cpu threads must be greater than 0
[PART VALIDATION] Validation failed for Cpu 'AMD Ryzen 7 7800X3D': Cpu cores must be greater than 0, Cpu threads must be greater than 0
[CPU VALIDATION] CPU validation failed for AMD Ryzen 7 7800X3D: Cpu cores must be greater than 0, Cpu threads must be greater than 0
[PART VALIDATION] Validation failed for Gpu ' ': Name can't be blank, Brand can't be blank
[PART VALIDATION] Validation failed for Memory ' ': Name can't be blank, Brand can't be blank
[PART VALIDATION] Validation failed for Motherboard ' ': Name can't be blank, Brand can't be blank
[PART VALIDATION] Validation failed for Cpu ' ': Name can't be blank, Brand can't be blank
[CPU VALIDATION] CPU validation failed for  : Name can't be blank, Brand can't be blank
[PART VALIDATION] Validation failed for PcCase ' ': Name can't be blank, Brand can't be blank
[PART VALIDATION] Validation failed for Psu ' ': Name can't be blank, Brand can't be blank
[PART VALIDATION] Validation failed for Storage ' ': Name can't be blank, Brand can't be blank
[AUTH] Unauthorized access attempt to /ok
[AUTH] Unauthorized access attempt to /ok
[ERROR] StandardError: kaboom
[ERROR BACKTRACE] /Users/harshwadhawe/Code/Fall 25/SE/Project 1/Project-1-SE/spec/requests/app_controller_spec.rb:12:in 'boom'\n/Users/harshwadhawe/.rbenv/versions/3.4.5/lib/ruby/gems/3.4.0/gems/actionpack-8.0.3/lib/action_controller/metal/basic_implicit_render.rb:8:in 'ActionController::BasicImplicitRender#send_action'\n/Users/harshwadhawe/.rbenv/versions/3.4.5/lib/ruby/gems/3.4.0/gems/actionpack-8.0.3/lib/abstract_controller/base.rb:215:in 'AbstractController::Base#process_action'\n/Users/harshwadhawe/.rbenv/versions/3.4.5/lib/ruby/gems/3.4.0/gems/actionpack-8.0.3/lib/action_controller/metal/rendering.rb:193:in 'ActionController::Rendering#process_action'\n/Users/harshwadhawe/.rbenv/versions/3.4.5/lib/ruby/gems/3.4.0/gems/actionpack-8.0.3/lib/abstract_controller/callbacks.rb:261:in 'block in AbstractController::Callbacks#process_action'\n/Users/harshwadhawe/.rbenv/versions/3.4.5/lib/ruby/gems/3.4.0/gems/activesupport-8.0.3/lib/active_support/callbacks.rb:120:in 'block in ActiveSupport::Callbacks#run_callbacks'\n/Users/harshwadhawe/Code/Fall 25/SE/Project 1/Project-1-SE/app/controllers/application_controller.rb:68:in 'ApplicationController#log_performance'\n/Users/harshwadhawe/.rbenv/versions/3.4.5/lib/ruby/gems/3.4.0/gems/activesupport-8.0.3/lib/active_support/callbacks.rb:129:in 'block in ActiveSupport::Callbacks#run_callbacks'\n/Users/harshwadhawe/.rbenv/versions/3.4.5/lib/ruby/gems/3.4.0/gems/turbo-rails-2.0.17/lib/turbo-rails.rb:24:in 'Turbo.with_request_id'\n/Users/harshwadhawe/.rbenv/versions/3.4.5/lib/ruby/gems/3.4.0/gems/turbo-rails-2.0.17/app/controllers/concerns/turbo/request_id_tracking.rb:10:in 'Turbo::RequestIdTracking#turbo_tracking_request_id'
[ERROR CONTEXT] Controller: anonymous, Action: boom, Params: {"controller" => "anonymous", "action" => "boom"}
[ERROR] StandardError: kaboom
[ERROR BACKTRACE] /Users/harshwadhawe/Code/Fall 25/SE/Project 1/Project-1-SE/spec/requests/app_controller_spec.rb:12:in 'boom'\n/Users/harshwadhawe/.rbenv/versions/3.4.5/lib/ruby/gems/3.4.0/gems/actionpack-8.0.3/lib/action_controller/metal/basic_implicit_render.rb:8:in 'ActionController::BasicImplicitRender#send_action'\n/Users/harshwadhawe/.rbenv/versions/3.4.5/lib/ruby/gems/3.4.0/gems/actionpack-8.0.3/lib/abstract_controller/base.rb:215:in 'AbstractController::Base#process_action'\n/Users/harshwadhawe/.rbenv/versions/3.4.5/lib/ruby/gems/3.4.0/gems/actionpack-8.0.3/lib/action_controller/metal/rendering.rb:193:in 'ActionController::Rendering#process_action'\n/Users/harshwadhawe/.rbenv/versions/3.4.5/lib/ruby/gems/3.4.0/gems/actionpack-8.0.3/lib/abstract_controller/callbacks.rb:261:in 'block in AbstractController::Callbacks#process_action'\n/Users/harshwadhawe/.rbenv/versions/3.4.5/lib/ruby/gems/3.4.0/gems/activesupport-8.0.3/lib/active_support/callbacks.rb:120:in 'block in ActiveSupport::Callbacks#run_callbacks'\n/Users/harshwadhawe/Code/Fall 25/SE/Project 1/Project-1-SE/app/controllers/application_controller.rb:68:in 'ApplicationController#log_performance'\n/Users/harshwadhawe/.rbenv/versions/3.4.5/lib/ruby/gems/3.4.0/gems/activesupport-8.0.3/lib/active_support/callbacks.rb:129:in 'block in ActiveSupport::Callbacks#run_callbacks'\n/Users/harshwadhawe/.rbenv/versions/3.4.5/lib/ruby/gems/3.4.0/gems/turbo-rails-2.0.17/lib/turbo-rails.rb:24:in 'Turbo.with_request_id'\n/Users/harshwadhawe/.rbenv/versions/3.4.5/lib/ruby/gems/3.4.0/gems/turbo-rails-2.0.17/app/controllers/concerns/turbo/request_id_tracking.rb:10:in 'Turbo::RequestIdTracking#turbo_tracking_request_id'
[ERROR CONTEXT] Controller: anonymous, Action: boom, Params: {"controller" => "anonymous", "action" => "boom"}
[RECORD NOT FOUND] ActiveRecord::RecordNotFound: gone - Params: {"controller" => "anonymous", "action" => "missing"}
[RECORD NOT FOUND] ActiveRecord::RecordNotFound: gone - Params: {"controller" => "anonymous", "action" => "missing"}
[PARAMETER MISSING] ActionController::ParameterMissing: param is missing or the value is empty or invalid: important_param - Params: {"controller" => "anonymous", "action" => "needs_param"}
[PARAMETER MISSING] ActionController::ParameterMissing: param is missing or the value is empty or invalid: important_param - Params: {"controller" => "anonymous", "action" => "needs_param"}
[11889164-e955-45c6-b546-e6e7d78f2163] [IP:127.0.0.1] [User:guest] [USER VALIDATION] Validation failed for user 'John Doe' (invalid-email): Email is invalid
[11889164-e955-45c6-b546-e6e7d78f2163] [IP:127.0.0.1] [User:guest] [SIGNUP FAILED] User creation failed: Email is invalid
[02300b36-56d1-4b15-ae77-eb1ce6409500] [IP:127.0.0.1] [User:guest] [USER VALIDATION] Validation failed for user 'John Doe' (john@example.com): Password confirmation doesn't match Password
[02300b36-56d1-4b15-ae77-eb1ce6409500] [IP:127.0.0.1] [User:guest] [SIGNUP FAILED] User creation failed: Password confirmation doesn't match Password
[44642380-986e-4cbd-8d86-d0823045e3c8] [IP:127.0.0.1] [User:guest] [LOGIN FAILED] Invalid credentials for email: test@example.com
[5e37f7b0-f60b-45ca-8c37-1f19e24aa7d1] [IP:127.0.0.1] [User:guest] [LOGIN FAILED] Invalid credentials for email: nonexistent@example.com
[ec99b8ee-2945-4c8f-831f-08df8635ff35] [IP:127.0.0.1] [User:guest] [AUTHZ] User 2 not authorized for build 1
[af4f4ca2-04dd-4c52-92d2-78a336514327] [IP:127.0.0.1] [User:guest] [AUTHZ] User 2 not authorized for build 1
[a7b475e8-0e45-49a6-9976-e37c90fa56e4] [IP:127.0.0.1] [User:guest] [BUILD VALIDATION] Validation failed for build '': Name can't be blank
[a7b475e8-0e45-49a6-9976-e37c90fa56e4] [IP:127.0.0.1] [User:guest] [BUILD UPDATE] Failed update for build ID: 1 - Name can't be blank
[27b4d757-4303-40dd-89f0-538e3d6bbb6b] [IP:127.0.0.1] [User:guest] [BUILD DESTROY] Destroying build ID: 2 - 'To Delete' with 0 items
[27b4d757-4303-40dd-89f0-538e3d6bbb6b] [IP:127.0.0.1] [User:guest] [BUILD DESTROY] Destroyed build ID: 2 - 'To Delete'
[8519d5a1-8d24-4fc1-b168-833a3dc92bd2] [IP:127.0.0.1] [User:guest] [BUILD DESTROY] Failed to destroy build ID: 1
[08dec62f-8fad-4c84-8d49-fbb2e215b0a9] [IP:127.0.0.1] [User:guest] [SHARE] Invalid JSON in components_data: expected object key, got 'invalid_json' at line 1 column 2
[92cdfeb1-5289-4299-8c95-9eaac9015e5a] [IP:127.0.0.1] [User:guest] [SHARE] Failed to create share link: boom
[74cd8427-c11c-4202-b76b-7caca121f21c] [IP:127.0.0.1] [User:guest] [SHARED] Invalid token
[a768d33b-5669-4021-bb11-f54213bdb49d] [IP:127.0.0.1] [User:guest] [BUILD VALIDATION] Validation failed for build '': Name can't be blank
[59a65c56-f38e-40ca-9494-4ee03c8ed4b6] [IP:127.0.0.1] [User:guest] [BUILD VALIDATION] Validation failed for build '': Name can't be blank
[BUILD_ITEM DESTROY] Removing BuildItem ID: 1 - AMD Ryzen 7 x from build 'Gaming PC'
[BUILD_ITEM DESTROY] Removing BuildItem ID: 2 - RTX 4070 x from build 'Gaming PC'
[BUILD DESTROY] Destroying build ID: 1 - 'Gaming PC' with 0 items
[BUILD_ITEM DESTROY] Removing BuildItem ID: 3 - Corsair 16GB x from build 'Work PC'
[BUILD DESTROY] Destroying build ID: 2 - 'Work PC' with 0 items
[938d917b-ff80-42e5-98ca-b17820935746] [IP:127.0.0.1] [User:guest] [LOGIN FAILED] Invalid credentials for email: harsh@example.com
[acd06348-4146-4f27-af24-1114e49f7c57] [IP:127.0.0.1] [User:guest] [LOGIN FAILED] Invalid credentials for email: harsh@example.com
[4c80cd2a-9974-412f-b168-d09cd84b84f6] [IP:127.0.0.1] [User:guest] [LOGIN FAILED] Invalid credentials for email: nonexistent@example.com
[6cfe2cc4-6796-4f43-b5f2-4311155eba59] [IP:127.0.0.1] [User:guest] [LOGIN FAILED] Invalid credentials for email: harsh@example.com
[d7ca5f52-9f34-426e-9a56-4b83c1bde2e8] [IP:127.0.0.1] [User:guest] [LOGOUT] Logout attempt when no user was logged in
[cc6c1fc4-65d5-43c3-ab2c-b779f11edd67] [IP:127.0.0.1] [User:guest] [LOGOUT] Logout attempt when no user was logged in
[1e585b65-ef67-41e4-b21e-4413e345c59f] [IP:127.0.0.1] [User:guest] [LOGOUT] Logout attempt when no user was logged in
[c3cde3bd-c76a-4994-95fb-6e93107a9739] [IP:127.0.0.1] [User:guest] [AUTH] Unauthorized access attempt to /users
[ef373404-ebda-4332-9d28-97e1885319e5] [IP:127.0.0.1] [User:guest] [AUTH] Unauthorized access attempt to /users/1
[92f446f1-67e3-4c50-8f99-1ff3cee7c2a3] [IP:127.0.0.1] [User:guest] [RECORD NOT FOUND] ActiveRecord::RecordNotFound: Couldn't find User with 'id'="99999" - Params: {"controller" => "users", "action" => "show", "id" => "99999"}
[a35f0e5d-3eff-417e-844c-7b32eda5884a] [IP:127.0.0.1] [User:guest] [USER VALIDATION] Validation failed for user '' (invalid-email): Password confirmation doesn't match Password, Name can't be blank, Email is invalid, Password is too short (minimum is 6 characters)
[a35f0e5d-3eff-417e-844c-7b32eda5884a] [IP:127.0.0.1] [User:guest] [SIGNUP FAILED] User creation failed: Password confirmation doesn't match Password, Name can't be blank, Email is invalid, Password is too short (minimum is 6 characters)
[0636e935-14a0-44cb-a5c0-5d1f4f6f0664] [IP:127.0.0.1] [User:guest] [USER VALIDATION] Validation failed for user '' (invalid-email): Password confirmation doesn't match Password, Name can't be blank, Email is invalid, Password is too short (minimum is 6 characters)
[0636e935-14a0-44cb-a5c0-5d1f4f6f0664] [IP:127.0.0.1] [User:guest] [SIGNUP FAILED] User creation failed: Password confirmation doesn't match Password, Name can't be blank, Email is invalid, Password is too short (minimum is 6 characters)
[b6a68b69-50d5-4464-bf1c-8ee87c8e74db] [IP:127.0.0.1] [User:guest] [USER VALIDATION] Validation failed for user '' (invalid-email): Password confirmation doesn't match Password, Name can't be blank, Email is invalid, Password is too short (minimum is 6 characters)
[b6a68b69-50d5-4464-bf1c-8ee87c8e74db] [IP:127.0.0.1] [User:guest] [SIGNUP FAILED] User creation failed: Password confirmation doesn't match Password, Name can't be blank, Email is invalid, Password is too short (minimum is 6 characters)
[69f15cc5-79ec-4079-b426-47f7605f481a] [IP:127.0.0.1] [User:guest] [AUTH] Unauthorized access attempt to /users
[bcba64f0-12c4-4e6a-8c9c-c5a96694dc4b] [IP:127.0.0.1] [User:guest] [AUTH] Unauthorized access attempt to /users/1
[BUILD_ITEM VALIDATION] Validation failed for BuildItem: Quantity must be greater than 0
[BUILD_ITEM VALIDATION] Validation failed for BuildItem: Build must exist
[BUILD_ITEM VALIDATION] Validation failed for BuildItem: Part must exist
[BUILD_ITEM VALIDATION] Validation failed for BuildItem: Quantity must be greater than 0
[BUILD_ITEM VALIDATION] Validation failed for BuildItem: Quantity is not a number
[BUILD VALIDATION] Validation failed for build '': Name can't be blank
[PART VALIDATION] Validation failed for Cooler ' ': Name can't be blank, Brand can't be blank
[PART VALIDATION] Validation failed for Cpu 'AMD Ryzen 7 7800X3D': Cpu cores must be greater than 0
[CPU VALIDATION] CPU validation failed for AMD Ryzen 7 7800X3D: Cpu cores must be greater than 0
[PART VALIDATION] Validation failed for Cpu 'AMD Ryzen 7 7800X3D': Cpu threads must be greater than 0
[CPU VALIDATION] CPU validation failed for AMD Ryzen 7 7800X3D: Cpu threads must be greater than 0
[PART VALIDATION] Validation failed for Cpu 'AMD Ryzen 7 7800X3D': Cpu cores must be greater than 0, Cpu threads must be greater than 0
[CPU VALIDATION] CPU validation failed for AMD Ryzen 7 7800X3D: Cpu cores must be greater than 0, Cpu threads must be greater than 0
[PART VALIDATION] Validation failed for Gpu ' ': Name can't be blank, Brand can't be blank
[PART VALIDATION] Validation failed for Memory ' ': Name can't be blank, Brand can't be blank
[PART VALIDATION] Validation failed for Motherboard ' ': Name can't be blank, Brand can't be blank
[PART VALIDATION] Validation failed for Cpu ' ': Name can't be blank, Brand can't be blank
[CPU VALIDATION] CPU validation failed for  : Name can't be blank, Brand can't be blank
[PART VALIDATION] Validation failed for PcCase ' ': Name can't be blank, Brand can't be blank
[PART VALIDATION] Validation failed for Psu ' ': Name can't be blank, Brand can't be blank
[PART VALIDATION] Validation failed for Storage ' ': Name can't be blank, Brand can't be blank
[AUTH] Unauthorized access attempt to /ok
[AUTH] Unauthorized access attempt to /ok
[ERROR] StandardError: kaboom
[ERROR BACKTRACE] /Users/harshwadhawe/Code/Fall 25/SE/Project 1/Project-1-SE/spec/requests/app_controller_spec.rb:12:in 'boom'\n/Users/harshwadhawe/.rbenv/versions/3.4.5/lib/ruby/gems/3.4.0/gems/actionpack-8.0.3/lib/action_controller/metal/basic_implicit_render.rb:8:in 'ActionController::BasicImplicitRender#send_action'\n/Users/harshwadhawe/.rbenv/versions/3.4.5/lib/ruby/gems/3.4.0/gems/actionpack-8.0.3/lib/abstract_controller/base.rb:215:in 'AbstractController::Base#process_action'\n/Users/harshwadhawe/.rbenv/versions/3.4.5/lib/ruby/gems/3.4.0/gems/actionpack-8.0.3/lib/action_controller/metal/rendering.rb:193:in 'ActionController::Rendering#process_action'\n/Users/harshwadhawe/.rbenv/versions/3.4.5/lib/ruby/gems/3.4.0/gems/actionpack-8.0.3/lib/abstract_controller/callbacks.rb:261:in 'block in AbstractController::Callbacks#process_action'\n/Users/harshwadhawe/.rbenv/versions/3.4.5/lib/ruby/gems/3.4.0/gems/activesupport-8.0.3/lib/active_support/callbacks.rb:120:in 'block in ActiveSupport::Callbacks#run_callbacks'\n/Users/harshwadhawe/Code/Fall 25/SE/Project 1/Project-1-SE/app/controllers/application_controller.rb:68:in 'ApplicationController#log_performance'\n/Users/harshwadhawe/.rbenv/versions/3.4.5/lib/ruby/gems/3.4.0/gems/activesupport-8.0.3/lib/active_support/callbacks.rb:129:in 'block in ActiveSupport::Callbacks#run_callbacks'\n/Users/harshwadhawe/.rbenv/versions/3.4.5/lib/ruby/gems/3.4.0/gems/turbo-rails-2.0.17/lib/turbo-rails.rb:24:in 'Turbo.with_request_id'\n/Users/harshwadhawe/.rbenv/versions/3.4.5/lib/ruby/gems/3.4.0/gems/turbo-rails-2.0.17/app/controllers/concerns/turbo/request_id_tracking.rb:10:in 'Turbo::RequestIdTracking#turbo_tracking_request_id'
[ERROR CONTEXT] Controller: anonymous, Action: boom, Params: {"controller" => "anonymous", "action" => "boom"}
[ERROR] StandardError: kaboom
[ERROR BACKTRACE] /Users/harshwadhawe/Code/Fall 25/SE/Project 1/Project-1-SE/spec/requests/app_controller_spec.rb:12:in 'boom'\n/Users/harshwadhawe/.rbenv/versions/3.4.5/lib/ruby/gems/3.4.0/gems/actionpack-8.0.3/lib/action_controller/metal/basic_implicit_render.rb:8:in 'ActionController::BasicImplicitRender#send_action'\n/Users/harshwadhawe/.rbenv/versions/3.4.5/lib/ruby/gems/3.4.0/gems/actionpack-8.0.3/lib/abstract_controller/base.rb:215:in 'AbstractController::Base#process_action'\n/Users/harshwadhawe/.rbenv/versions/3.4.5/lib/ruby/gems/3.4.0/gems/actionpack-8.0.3/lib/action_controller/metal/rendering.rb:193:in 'ActionController::Rendering#process_action'\n/Users/harshwadhawe/.rbenv/versions/3.4.5/lib/ruby/gems/3.4.0/gems/actionpack-8.0.3/lib/abstract_controller/callbacks.rb:261:in 'block in AbstractController::Callbacks#process_action'\n/Users/harshwadhawe/.rbenv/versions/3.4.5/lib/ruby/gems/3.4.0/gems/activesupport-8.0.3/lib/active_support/callbacks.rb:120:in 'block in ActiveSupport::Callbacks#run_callbacks'\n/Users/harshwadhawe/Code/Fall 25/SE/Project 1/Project-1-SE/app/controllers/application_controller.rb:68:in 'ApplicationController#log_performance'\n/Users/harshwadhawe/.rbenv/versions/3.4.5/lib/ruby/gems/3.4.0/gems/activesupport-8.0.3/lib/active_support/callbacks.rb:129:in 'block in ActiveSupport::Callbacks#run_callbacks'\n/Users/harshwadhawe/.rbenv/versions/3.4.5/lib/ruby/gems/3.4.0/gems/turbo-rails-2.0.17/lib/turbo-rails.rb:24:in 'Turbo.with_request_id'\n/Users/harshwadhawe/.rbenv/versions/3.4.5/lib/ruby/gems/3.4.0/gems/turbo-rails-2.0.17/app/controllers/concerns/turbo/request_id_tracking.rb:10:in 'Turbo::RequestIdTracking#turbo_tracking_request_id'
[ERROR CONTEXT] Controller: anonymous, Action: boom, Params: {"controller" => "anonymous", "action" => "boom"}
[RECORD NOT FOUND] ActiveRecord::RecordNotFound: gone - Params: {"controller" => "anonymous", "action" => "missing"}
[RECORD NOT FOUND] ActiveRecord::RecordNotFound: gone - Params: {"controller" => "anonymous", "action" => "missing"}
[PARAMETER MISSING] ActionController::ParameterMissing: param is missing or the value is empty or invalid: important_param - Params: {"controller" => "anonymous", "action" => "needs_param"}
[PARAMETER MISSING] ActionController::ParameterMissing: param is missing or the value is empty or invalid: important_param - Params: {"controller" => "anonymous", "action" => "needs_param"}
[55b7a9f9-ee54-4304-bddd-6ee63a68d364] [IP:127.0.0.1] [User:guest] [USER VALIDATION] Validation failed for user 'John Doe' (invalid-email): Email is invalid
[55b7a9f9-ee54-4304-bddd-6ee63a68d364] [IP:127.0.0.1] [User:guest] [SIGNUP FAILED] User creation failed: Email is invalid
[ed6063e9-28be-4911-9d85-d1945b346ff7] [IP:127.0.0.1] [User:guest] [USER VALIDATION] Validation failed for user 'John Doe' (john@example.com): Password confirmation doesn't match Password
[ed6063e9-28be-4911-9d85-d1945b346ff7] [IP:127.0.0.1] [User:guest] [SIGNUP FAILED] User creation failed: Password confirmation doesn't match Password
[cba5ea15-9e65-4512-844b-d39dc04b19cd] [IP:127.0.0.1] [User:guest] [LOGIN FAILED] Invalid credentials for email: test@example.com
[2b624808-684b-43a1-9b26-5107cf4a8e9b] [IP:127.0.0.1] [User:guest] [LOGIN FAILED] Invalid credentials for email: nonexistent@example.com
[9e651969-16fb-47cf-bbd1-e0db2d1a59a1] [IP:127.0.0.1] [User:guest] [AUTHZ] User 2 not authorized for build 1
[281347cd-c9a0-4004-8487-aab6c8712664] [IP:127.0.0.1] [User:guest] [AUTHZ] User 2 not authorized for build 1
[68b2f9dc-b574-4a71-80d1-744c2366b27c] [IP:127.0.0.1] [User:guest] [BUILD VALIDATION] Validation failed for build '': Name can't be blank
[68b2f9dc-b574-4a71-80d1-744c2366b27c] [IP:127.0.0.1] [User:guest] [BUILD UPDATE] Failed update for build ID: 1 - Name can't be blank
[dfe058c3-978b-4985-aaee-ee4b6c96ba32] [IP:127.0.0.1] [User:guest] [BUILD DESTROY] Destroying build ID: 2 - 'To Delete' with 0 items
[dfe058c3-978b-4985-aaee-ee4b6c96ba32] [IP:127.0.0.1] [User:guest] [BUILD DESTROY] Destroyed build ID: 2 - 'To Delete'
[24a5ded3-151d-45b7-97f0-f61d0884574d] [IP:127.0.0.1] [User:guest] [BUILD DESTROY] Failed to destroy build ID: 1
[ca95b613-85fa-4165-8e41-3106d07f9461] [IP:127.0.0.1] [User:guest] [SHARE] Invalid JSON in components_data: expected object key, got 'invalid_json' at line 1 column 2
[4646c5c4-2513-4b88-8580-42df49f2ca0c] [IP:127.0.0.1] [User:guest] [SHARE] Failed to create share link: boom
[42d13f78-9dd6-4aa8-8462-65d70c4a7fae] [IP:127.0.0.1] [User:guest] [SHARED] Invalid token
[b83ea489-2df9-44b6-817b-07afbebf73b7] [IP:127.0.0.1] [User:guest] [RECORD NOT FOUND] ActiveRecord::RecordNotFound: Couldn't find Build with 'id'="99999" - Params: {"build_id" => "99999", "part_id" => "1", "part_class" => "Cpu", "controller" => "build_items", "action" => "create"}
[bca28a67-735e-43ce-ae4c-3106733631a9] [IP:127.0.0.1] [User:guest] [RECORD NOT FOUND] ActiveRecord::RecordNotFound: Couldn't find Part with 'id'="99999" - Params: {"build_id" => "1", "part_id" => "99999", "part_class" => "Cpu", "controller" => "build_items", "action" => "create"}
[ccfb65e9-89f4-4cdd-ac1c-e58c60007cf2] [IP:127.0.0.1] [User:guest] [AUTH] Unauthorized access attempt to /builds/1/build_items
[ddf641e2-08e4-4bbf-9847-15c86f0ccc2b] [IP:127.0.0.1] [User:guest] [BUILD_ITEM DESTROY] Removing BuildItem ID: 1 - Ryzen 7 7800X3D x from build 'Test Build'
[403c8c4f-8c09-4116-95af-21997475f34f] [IP:127.0.0.1] [User:guest] [RECORD NOT FOUND] ActiveRecord::RecordNotFound: Couldn't find Build with 'id'="999999" - Params: {"controller" => "build_items", "action" => "destroy", "build_id" => "999999", "id" => "1"}
[cc400083-34fa-48a6-9989-33f292ffde37] [IP:127.0.0.1] [User:guest] [RECORD NOT FOUND] ActiveRecord::RecordNotFound: Couldn't find BuildItem with 'id'="999999" [WHERE "build_items"."build_id" = ?] - Params: {"controller" => "build_items", "action" => "destroy", "build_id" => "1", "id" => "999999"}
[c0b9c296-156d-45c0-90be-eb68c9d738fd] [IP:127.0.0.1] [User:guest] [AUTH] Unauthorized access attempt to /builds/1/build_items/1
[0e003acb-c959-4807-a4cc-57894306f536] [IP:127.0.0.1] [User:guest] [BUILD VALIDATION] Validation failed for build '': Name can't be blank
[628317f7-e011-4e0f-8aee-bbb60de5a784] [IP:127.0.0.1] [User:guest] [BUILD VALIDATION] Validation failed for build '': Name can't be blank
[BUILD_ITEM DESTROY] Removing BuildItem ID: 1 - AMD Ryzen 7 x from build 'Gaming PC'
[BUILD_ITEM DESTROY] Removing BuildItem ID: 2 - RTX 4070 x from build 'Gaming PC'
[BUILD DESTROY] Destroying build ID: 1 - 'Gaming PC' with 0 items
[BUILD_ITEM DESTROY] Removing BuildItem ID: 3 - Corsair 16GB x from build 'Work PC'
[BUILD DESTROY] Destroying build ID: 2 - 'Work PC' with 0 items
[9ed1b20c-d4f5-4c0b-95a1-62f62920e364] [IP:127.0.0.1] [User:guest] [LOGIN FAILED] Invalid credentials for email: harsh@example.com
[320a307a-8be2-40f6-a9e5-f7e6a6d518f8] [IP:127.0.0.1] [User:guest] [LOGIN FAILED] Invalid credentials for email: harsh@example.com
[70e93481-0e3a-4af3-8b9f-a79976593742] [IP:127.0.0.1] [User:guest] [LOGIN FAILED] Invalid credentials for email: nonexistent@example.com
[f6535acc-36b7-4d31-a717-ad00322a8cc7] [IP:127.0.0.1] [User:guest] [LOGIN FAILED] Invalid credentials for email: harsh@example.com
[2a2f7603-1e51-4da1-abca-e7b2f40eeb00] [IP:127.0.0.1] [User:guest] [LOGOUT] Logout attempt when no user was logged in
[41526f9e-0ca4-4805-8bc5-0e9134fdc944] [IP:127.0.0.1] [User:guest] [LOGOUT] Logout attempt when no user was logged in
[e763d6e5-e507-4449-a8a5-8ecb4cf0ef82] [IP:127.0.0.1] [User:guest] [LOGOUT] Logout attempt when no user was logged in
[a2077213-adca-4996-88cd-4f2c8af32b46] [IP:127.0.0.1] [User:guest] [AUTH] Unauthorized access attempt to /users
[877ab49f-a980-4d9e-857d-6ccff30da053] [IP:127.0.0.1] [User:guest] [AUTH] Unauthorized access attempt to /users/1
[30019a0d-0a83-42b7-a7d4-9988f662d63b] [IP:127.0.0.1] [User:guest] [RECORD NOT FOUND] ActiveRecord::RecordNotFound: Couldn't find User with 'id'="99999" - Params: {"controller" => "users", "action" => "show", "id" => "99999"}
[4a6ff6a3-61dc-41f4-9277-bac11ed68c83] [IP:127.0.0.1] [User:guest] [USER VALIDATION] Validation failed for user '' (invalid-email): Password confirmation doesn't match Password, Name can't be blank, Email is invalid, Password is too short (minimum is 6 characters)
[4a6ff6a3-61dc-41f4-9277-bac11ed68c83] [IP:127.0.0.1] [User:guest] [SIGNUP FAILED] User creation failed: Password confirmation doesn't match Password, Name can't be blank, Email is invalid, Password is too short (minimum is 6 characters)
[72fed5e9-452c-4432-b1f0-a8ac7f5a5bbb] [IP:127.0.0.1] [User:guest] [USER VALIDATION] Validation failed for user '' (invalid-email): Password confirmation doesn't match Password, Name can't be blank, Email is invalid, Password is too short (minimum is 6 characters)
[72fed5e9-452c-4432-b1f0-a8ac7f5a5bbb] [IP:127.0.0.1] [User:guest] [SIGNUP FAILED] User creation failed: Password confirmation doesn't match Password, Name can't be blank, Email is invalid, Password is too short (minimum is 6 characters)
[00df6fa0-2232-45ab-89f4-385005814194] [IP:127.0.0.1] [User:guest] [USER VALIDATION] Validation failed for user '' (invalid-email): Password confirmation doesn't match Password, Name can't be blank, Email is invalid, Password is too short (minimum is 6 characters)
[00df6fa0-2232-45ab-89f4-385005814194] [IP:127.0.0.1] [User:guest] [SIGNUP FAILED] User creation failed: Password confirmation doesn't match Password, Name can't be blank, Email is invalid, Password is too short (minimum is 6 characters)
[e91f385a-ddd3-4e05-8494-31420b4b4c1a] [IP:127.0.0.1] [User:guest] [AUTH] Unauthorized access attempt to /users
[0e32c33f-ef5f-4605-865e-54379da9e364] [IP:127.0.0.1] [User:guest] [AUTH] Unauthorized access attempt to /users/1
[BUILD_ITEM VALIDATION] Validation failed for BuildItem: Quantity must be greater than 0
[BUILD_ITEM VALIDATION] Validation failed for BuildItem: Build must exist
[BUILD_ITEM VALIDATION] Validation failed for BuildItem: Part must exist
[BUILD_ITEM VALIDATION] Validation failed for BuildItem: Quantity must be greater than 0
[BUILD_ITEM VALIDATION] Validation failed for BuildItem: Quantity is not a number
[BUILD VALIDATION] Validation failed for build '': Name can't be blank
[PART VALIDATION] Validation failed for Cooler ' ': Name can't be blank, Brand can't be blank
[PART VALIDATION] Validation failed for Cpu 'AMD Ryzen 7 7800X3D': Cpu cores must be greater than 0
[CPU VALIDATION] CPU validation failed for AMD Ryzen 7 7800X3D: Cpu cores must be greater than 0
[PART VALIDATION] Validation failed for Cpu 'AMD Ryzen 7 7800X3D': Cpu threads must be greater than 0
[CPU VALIDATION] CPU validation failed for AMD Ryzen 7 7800X3D: Cpu threads must be greater than 0
[PART VALIDATION] Validation failed for Cpu 'AMD Ryzen 7 7800X3D': Cpu cores must be greater than 0, Cpu threads must be greater than 0
[CPU VALIDATION] CPU validation failed for AMD Ryzen 7 7800X3D: Cpu cores must be greater than 0, Cpu threads must be greater than 0
[PART VALIDATION] Validation failed for Gpu ' ': Name can't be blank, Brand can't be blank
[PART VALIDATION] Validation failed for Memory ' ': Name can't be blank, Brand can't be blank
[PART VALIDATION] Validation failed for Motherboard ' ': Name can't be blank, Brand can't be blank
[PART VALIDATION] Validation failed for Cpu ' ': Name can't be blank, Brand can't be blank
[CPU VALIDATION] CPU validation failed for  : Name can't be blank, Brand can't be blank
[PART VALIDATION] Validation failed for PcCase ' ': Name can't be blank, Brand can't be blank
[PART VALIDATION] Validation failed for Psu ' ': Name can't be blank, Brand can't be blank
[PART VALIDATION] Validation failed for Storage ' ': Name can't be blank, Brand can't be blank
[AUTH] Unauthorized access attempt to /ok
[AUTH] Unauthorized access attempt to /ok
[ERROR] StandardError: kaboom
[ERROR BACKTRACE] /Users/harshwadhawe/Code/Fall 25/SE/Project 1/Project-1-SE/spec/requests/app_controller_spec.rb:12:in 'boom'\n/Users/harshwadhawe/.rbenv/versions/3.4.5/lib/ruby/gems/3.4.0/gems/actionpack-8.0.3/lib/action_controller/metal/basic_implicit_render.rb:8:in 'ActionController::BasicImplicitRender#send_action'\n/Users/harshwadhawe/.rbenv/versions/3.4.5/lib/ruby/gems/3.4.0/gems/actionpack-8.0.3/lib/abstract_controller/base.rb:215:in 'AbstractController::Base#process_action'\n/Users/harshwadhawe/.rbenv/versions/3.4.5/lib/ruby/gems/3.4.0/gems/actionpack-8.0.3/lib/action_controller/metal/rendering.rb:193:in 'ActionController::Rendering#process_action'\n/Users/harshwadhawe/.rbenv/versions/3.4.5/lib/ruby/gems/3.4.0/gems/actionpack-8.0.3/lib/abstract_controller/callbacks.rb:261:in 'block in AbstractController::Callbacks#process_action'\n/Users/harshwadhawe/.rbenv/versions/3.4.5/lib/ruby/gems/3.4.0/gems/activesupport-8.0.3/lib/active_support/callbacks.rb:120:in 'block in ActiveSupport::Callbacks#run_callbacks'\n/Users/harshwadhawe/Code/Fall 25/SE/Project 1/Project-1-SE/app/controllers/application_controller.rb:68:in 'ApplicationController#log_performance'\n/Users/harshwadhawe/.rbenv/versions/3.4.5/lib/ruby/gems/3.4.0/gems/activesupport-8.0.3/lib/active_support/callbacks.rb:129:in 'block in ActiveSupport::Callbacks#run_callbacks'\n/Users/harshwadhawe/.rbenv/versions/3.4.5/lib/ruby/gems/3.4.0/gems/turbo-rails-2.0.17/lib/turbo-rails.rb:24:in 'Turbo.with_request_id'\n/Users/harshwadhawe/.rbenv/versions/3.4.5/lib/ruby/gems/3.4.0/gems/turbo-rails-2.0.17/app/controllers/concerns/turbo/request_id_tracking.rb:10:in 'Turbo::RequestIdTracking#turbo_tracking_request_id'
[ERROR CONTEXT] Controller: anonymous, Action: boom, Params: {"controller" => "anonymous", "action" => "boom"}
[ERROR] StandardError: kaboom
[ERROR BACKTRACE] /Users/harshwadhawe/Code/Fall 25/SE/Project 1/Project-1-SE/spec/requests/app_controller_spec.rb:12:in 'boom'\n/Users/harshwadhawe/.rbenv/versions/3.4.5/lib/ruby/gems/3.4.0/gems/actionpack-8.0.3/lib/action_controller/metal/basic_implicit_render.rb:8:in 'ActionController::BasicImplicitRender#send_action'\n/Users/harshwadhawe/.rbenv/versions/3.4.5/lib/ruby/gems/3.4.0/gems/actionpack-8.0.3/lib/abstract_controller/base.rb:215:in 'AbstractController::Base#process_action'\n/Users/harshwadhawe/.rbenv/versions/3.4.5/lib/ruby/gems/3.4.0/gems/actionpack-8.0.3/lib/action_controller/metal/rendering.rb:193:in 'ActionController::Rendering#process_action'\n/Users/harshwadhawe/.rbenv/versions/3.4.5/lib/ruby/gems/3.4.0/gems/actionpack-8.0.3/lib/abstract_controller/callbacks.rb:261:in 'block in AbstractController::Callbacks#process_action'\n/Users/harshwadhawe/.rbenv/versions/3.4.5/lib/ruby/gems/3.4.0/gems/activesupport-8.0.3/lib/active_support/callbacks.rb:120:in 'block in ActiveSupport::Callbacks#run_callbacks'\n/Users/harshwadhawe/Code/Fall 25/SE/Project 1/Project-1-SE/app/controllers/application_controller.rb:68:in 'ApplicationController#log_performance'\n/Users/harshwadhawe/.rbenv/versions/3.4.5/lib/ruby/gems/3.4.0/gems/activesupport-8.0.3/lib/active_support/callbacks.rb:129:in 'block in ActiveSupport::Callbacks#run_callbacks'\n/Users/harshwadhawe/.rbenv/versions/3.4.5/lib/ruby/gems/3.4.0/gems/turbo-rails-2.0.17/lib/turbo-rails.rb:24:in 'Turbo.with_request_id'\n/Users/harshwadhawe/.rbenv/versions/3.4.5/lib/ruby/gems/3.4.0/gems/turbo-rails-2.0.17/app/controllers/concerns/turbo/request_id_tracking.rb:10:in 'Turbo::RequestIdTracking#turbo_tracking_request_id'
[ERROR CONTEXT] Controller: anonymous, Action: boom, Params: {"controller" => "anonymous", "action" => "boom"}
[RECORD NOT FOUND] ActiveRecord::RecordNotFound: gone - Params: {"controller" => "anonymous", "action" => "missing"}
[RECORD NOT FOUND] ActiveRecord::RecordNotFound: gone - Params: {"controller" => "anonymous", "action" => "missing"}
[PARAMETER MISSING] ActionController::ParameterMissing: param is missing or the value is empty or invalid: important_param - Params: {"controller" => "anonymous", "action" => "needs_param"}
[PARAMETER MISSING] ActionController::ParameterMissing: param is missing or the value is empty or invalid: important_param - Params: {"controller" => "anonymous", "action" => "needs_param"}
[34ea8635-cabd-4179-96d7-a1757aaa9b04] [IP:127.0.0.1] [User:guest] [USER VALIDATION] Validation failed for user 'John Doe' (invalid-email): Email is invalid
[34ea8635-cabd-4179-96d7-a1757aaa9b04] [IP:127.0.0.1] [User:guest] [SIGNUP FAILED] User creation failed: Email is invalid
[b3fb5f37-55a4-47ea-8378-02f09f8e4f8c] [IP:127.0.0.1] [User:guest] [USER VALIDATION] Validation failed for user 'John Doe' (john@example.com): Password confirmation doesn't match Password
[b3fb5f37-55a4-47ea-8378-02f09f8e4f8c] [IP:127.0.0.1] [User:guest] [SIGNUP FAILED] User creation failed: Password confirmation doesn't match Password
[37e42bc5-c053-4212-b49b-ac852c3a990c] [IP:127.0.0.1] [User:guest] [LOGIN FAILED] Invalid credentials for email: test@example.com
[0fbe53b4-fec6-4f43-b3dc-ae145d77528c] [IP:127.0.0.1] [User:guest] [LOGIN FAILED] Invalid credentials for email: nonexistent@example.com
[365ec6a2-7e36-4d80-83e2-ed24c3ddd04f] [IP:127.0.0.1] [User:guest] [AUTHZ] User 2 not authorized for build 1
[56cf4cd1-cc1c-4465-b358-3901d3a752a9] [IP:127.0.0.1] [User:guest] [AUTHZ] User 2 not authorized for build 1
[261b9882-2ea6-4e08-8f0f-d661c4d9aaec] [IP:127.0.0.1] [User:guest] [BUILD VALIDATION] Validation failed for build '': Name can't be blank
[261b9882-2ea6-4e08-8f0f-d661c4d9aaec] [IP:127.0.0.1] [User:guest] [BUILD UPDATE] Failed update for build ID: 1 - Name can't be blank
[50433412-2db2-4d6c-8f8a-85d753859c8d] [IP:127.0.0.1] [User:guest] [BUILD DESTROY] Destroying build ID: 2 - 'To Delete' with 0 items
[50433412-2db2-4d6c-8f8a-85d753859c8d] [IP:127.0.0.1] [User:guest] [BUILD DESTROY] Destroyed build ID: 2 - 'To Delete'
[5eeeda69-a90d-4db4-b605-e3ea7f1b949e] [IP:127.0.0.1] [User:guest] [BUILD DESTROY] Failed to destroy build ID: 1
[2e8dcfdb-30fb-4a17-8e66-67cbfc1be5cf] [IP:127.0.0.1] [User:guest] [SHARE] Invalid JSON in components_data: expected object key, got 'invalid_json' at line 1 column 2
[7af0a478-e0a1-43d4-9aab-a1835e50f7c1] [IP:127.0.0.1] [User:guest] [SHARE] Failed to create share link: boom
[f3340c44-c073-4b1f-a0d2-2486d9fd8504] [IP:127.0.0.1] [User:guest] [SHARED] Invalid token
[40c48e3a-654a-4ac7-9122-a9fdf8f3d0a5] [IP:127.0.0.1] [User:guest] [BUILD VALIDATION] Validation failed for build '': Name can't be blank
[a4f9881c-b091-4bb3-85db-40901f0ccd6f] [IP:127.0.0.1] [User:guest] [BUILD VALIDATION] Validation failed for build '': Name can't be blank
[BUILD_ITEM DESTROY] Removing BuildItem ID: 1 - AMD Ryzen 7 x from build 'Gaming PC'
[BUILD_ITEM DESTROY] Removing BuildItem ID: 2 - RTX 4070 x from build 'Gaming PC'
[BUILD DESTROY] Destroying build ID: 1 - 'Gaming PC' with 0 items
[BUILD_ITEM DESTROY] Removing BuildItem ID: 3 - Corsair 16GB x from build 'Work PC'
[BUILD DESTROY] Destroying build ID: 2 - 'Work PC' with 0 items
[c5291c5b-af52-4d98-9def-10d68f8351a4] [IP:127.0.0.1] [User:guest] [LOGIN FAILED] Invalid credentials for email: harsh@example.com
[8cc8c55e-457e-411c-ba8a-02c82971aadf] [IP:127.0.0.1] [User:guest] [LOGIN FAILED] Invalid credentials for email: harsh@example.com
[c11299bd-28dd-42d9-bc97-a184c955cf27] [IP:127.0.0.1] [User:guest] [LOGIN FAILED] Invalid credentials for email: nonexistent@example.com
[60f9164d-de94-4a38-8029-8adb1610ce9b] [IP:127.0.0.1] [User:guest] [LOGIN FAILED] Invalid credentials for email: harsh@example.com
[84ebc9a8-7ef6-4cb2-8817-ac4897a22526] [IP:127.0.0.1] [User:guest] [LOGOUT] Logout attempt when no user was logged in
[20d1a841-2e88-4782-89fb-154452e04ffc] [IP:127.0.0.1] [User:guest] [LOGOUT] Logout attempt when no user was logged in
[f29e365f-5646-4b4a-9364-f07349896d4f] [IP:127.0.0.1] [User:guest] [LOGOUT] Logout attempt when no user was logged in
[f7255bb2-317f-44d8-96e9-1d48ec5e0f43] [IP:127.0.0.1] [User:guest] [AUTH] Unauthorized access attempt to /users
[e91d0ed9-4579-43da-93f3-d376b2018a77] [IP:127.0.0.1] [User:guest] [AUTH] Unauthorized access attempt to /users/1
[6d4393f2-0b8e-4798-bb27-61e64d6addf6] [IP:127.0.0.1] [User:guest] [RECORD NOT FOUND] ActiveRecord::RecordNotFound: Couldn't find User with 'id'="99999" - Params: {"controller" => "users", "action" => "show", "id" => "99999"}
[478b93ae-390c-4c2a-9abf-768d5a8b0362] [IP:127.0.0.1] [User:guest] [USER VALIDATION] Validation failed for user '' (invalid-email): Password confirmation doesn't match Password, Name can't be blank, Email is invalid, Password is too short (minimum is 6 characters)
[478b93ae-390c-4c2a-9abf-768d5a8b0362] [IP:127.0.0.1] [User:guest] [SIGNUP FAILED] User creation failed: Password confirmation doesn't match Password, Name can't be blank, Email is invalid, Password is too short (minimum is 6 characters)
[6fef52a0-2722-49d7-b8ff-dd43f69c9ca0] [IP:127.0.0.1] [User:guest] [USER VALIDATION] Validation failed for user '' (invalid-email): Password confirmation doesn't match Password, Name can't be blank, Email is invalid, Password is too short (minimum is 6 characters)
[6fef52a0-2722-49d7-b8ff-dd43f69c9ca0] [IP:127.0.0.1] [User:guest] [SIGNUP FAILED] User creation failed: Password confirmation doesn't match Password, Name can't be blank, Email is invalid, Password is too short (minimum is 6 characters)
[e2e8613c-e1ba-477c-8ab9-5eabac8ac2bf] [IP:127.0.0.1] [User:guest] [USER VALIDATION] Validation failed for user '' (invalid-email): Password confirmation doesn't match Password, Name can't be blank, Email is invalid, Password is too short (minimum is 6 characters)
[e2e8613c-e1ba-477c-8ab9-5eabac8ac2bf] [IP:127.0.0.1] [User:guest] [SIGNUP FAILED] User creation failed: Password confirmation doesn't match Password, Name can't be blank, Email is invalid, Password is too short (minimum is 6 characters)
[817ac1fa-c7d1-4933-abca-7b6faa51f5ed] [IP:127.0.0.1] [User:guest] [AUTH] Unauthorized access attempt to /users
[eec207f0-9de5-4f76-9772-4578b0c2a6de] [IP:127.0.0.1] [User:guest] [AUTH] Unauthorized access attempt to /users/1
