{
  "RSpec": {
    "coverage": {
      "/home/bvsnithin/Project-1-SE/pc_builder/app/helpers/application_helper.rb": {
        "lines": [
          1,
          null
        ],
        "branches": {}
      },
      "/home/bvsnithin/Project-1-SE/pc_builder/app/helpers/build_items_helper.rb": {
        "lines": [
          1,
          null
        ],
        "branches": {}
      },
      "/home/bvsnithin/Project-1-SE/pc_builder/app/helpers/builds_helper.rb": {
        "lines": [
          1,
          null
        ],
        "branches": {}
      },
      "/home/bvsnithin/Project-1-SE/pc_builder/app/helpers/coolers_helper.rb": {
        "lines": [
          1,
          null
        ],
        "branches": {}
      },
      "/home/bvsnithin/Project-1-SE/pc_builder/app/helpers/cpus_helper.rb": {
        "lines": [
          1,
          null
        ],
        "branches": {}
      },
      "/home/bvsnithin/Project-1-SE/pc_builder/app/helpers/gpus_helper.rb": {
        "lines": [
          1,
          null
        ],
        "branches": {}
      },
      "/home/bvsnithin/Project-1-SE/pc_builder/app/helpers/home_helper.rb": {
        "lines": [
          1,
          null
        ],
        "branches": {}
      },
      "/home/bvsnithin/Project-1-SE/pc_builder/app/helpers/memories_helper.rb": {
        "lines": [
          1,
          null
        ],
        "branches": {}
      },
      "/home/bvsnithin/Project-1-SE/pc_builder/app/helpers/motherboards_helper.rb": {
        "lines": [
          1,
          null
        ],
        "branches": {}
      },
      "/home/bvsnithin/Project-1-SE/pc_builder/app/helpers/parts_helper.rb": {
        "lines": [
          1,
          null
        ],
        "branches": {}
      },
      "/home/bvsnithin/Project-1-SE/pc_builder/app/helpers/pc_cases_helper.rb": {
        "lines": [
          1,
          null
        ],
        "branches": {}
      },
      "/home/bvsnithin/Project-1-SE/pc_builder/app/helpers/psus_helper.rb": {
        "lines": [
          1,
          null
        ],
        "branches": {}
      },
      "/home/bvsnithin/Project-1-SE/pc_builder/app/helpers/storages_helper.rb": {
        "lines": [
          1,
          null
        ],
        "branches": {}
      },
      "/home/bvsnithin/Project-1-SE/pc_builder/app/helpers/users_helper.rb": {
        "lines": [
          1,
          null
        ],
        "branches": {}
      },
      "/home/bvsnithin/Project-1-SE/pc_builder/app/jobs/application_job.rb": {
        "lines": [
          1,
          null,
          null,
          null,
          null,
          null,
          null
        ],
        "branches": {}
      },
      "/home/bvsnithin/Project-1-SE/pc_builder/app/lib/database_logger.rb": {
        "lines": [
          null,
          null,
          null,
          1,
          1,
          null,
          1,
          null,
          14,
          14,
          14,
          14,
          14,
          null,
          null,
          1,
          1,
          2,
          null,
          null,
          1,
          6,
          6,
          null,
          6,
          null,
          6,
          6,
          3,
          3,
          0,
          null,
          3,
          null,
          null,
          6,
          null,
          6,
          1,
          null,
          null,
          6,
          null,
          null,
          null,
          1,
          null,
          1,
          2,
          null,
          null,
          1,
          3,
          1,
          null,
          2,
          2,
          null,
          null,
          null,
          1,
          2,
          1,
          null,
          1,
          null,
          null,
          null,
          1,
          1,
          null,
          null,
          1,
          1,
          null,
          null,
          1,
          null,
          32,
          null,
          2,
          null,
          1,
          null,
          19,
          null,
          3,
          null,
          7,
          null,
          null,
          null,
          null
        ],
        "branches": {
          "[:if, 0, 28, 14, 34, 17]": {
            "[:then, 1, 29, 16, 29, 28]": 3,
            "[:else, 2, 30, 14, 34, 17]": 3
          },
          "[:if, 3, 30, 14, 34, 17]": {
            "[:then, 4, 31, 16, 31, 27]": 0,
            "[:else, 5, 33, 16, 33, 17]": 3
          },
          "[:if, 6, 38, 6, 40, 9]": {
            "[:then, 7, 39, 8, 39, 103]": 1,
            "[:else, 8, 38, 6, 40, 9]": 5
          },
          "[:if, 9, 53, 4, 58, 7]": {
            "[:then, 10, 54, 6, 54, 84]": 1,
            "[:else, 11, 56, 6, 57, 101]": 2
          },
          "[:if, 12, 62, 4, 66, 7]": {
            "[:then, 13, 63, 6, 63, 94]": 1,
            "[:else, 14, 65, 6, 65, 71]": 1
          },
          "[:case, 15, 79, 4, 90, 7]": {
            "[:when, 16, 81, 6, 81, 26]": 2,
            "[:when, 17, 83, 6, 83, 34]": 1,
            "[:when, 18, 85, 6, 85, 60]": 19,
            "[:when, 19, 87, 6, 87, 55]": 3,
            "[:else, 20, 89, 6, 89, 29]": 7
          },
          "[:\"&.\", 21, 87, 9, 87, 19]": {
            "[:then, 22, 87, 9, 87, 19]": 1,
            "[:else, 23, 87, 9, 87, 19]": 2
          }
        }
      },
      "/home/bvsnithin/Project-1-SE/pc_builder/app/lib/logging_helpers.rb": {
        "lines": [
          null,
          null,
          null,
          1,
          1,
          null,
          1,
          null,
          null,
          null,
          1,
          1,
          2,
          null,
          null,
          null,
          null,
          1,
          2,
          2,
          2,
          null,
          null,
          1,
          2,
          2,
          2,
          2,
          2,
          null,
          null,
          1,
          2,
          2,
          2,
          null,
          2,
          2,
          null,
          2,
          1,
          null,
          1,
          null,
          null,
          2,
          null,
          null,
          1,
          2,
          2,
          2,
          null,
          2,
          null,
          2,
          1,
          null,
          null,
          2,
          null,
          null,
          null,
          1,
          2,
          2,
          null,
          null,
          null,
          1,
          1,
          null,
          null,
          null,
          1,
          2,
          null,
          null,
          null,
          1,
          2,
          2,
          2,
          null,
          null,
          null,
          null,
          1,
          1,
          null,
          null,
          1,
          1,
          null,
          null,
          null,
          1,
          1,
          3,
          3,
          3,
          3,
          3,
          null,
          null,
          3,
          null,
          null,
          2,
          null,
          null,
          null,
          null,
          null,
          1,
          1,
          2,
          2,
          null,
          2,
          null,
          2,
          2,
          null,
          2,
          null,
          2,
          1,
          null,
          null,
          2,
          null,
          null,
          null
        ],
        "branches": {
          "[:if, 0, 20, 14, 20, 55]": {
            "[:then, 1, 20, 39, 20, 50]": 1,
            "[:else, 2, 20, 53, 20, 55]": 1
          },
          "[:if, 3, 26, 14, 26, 55]": {
            "[:then, 4, 26, 39, 26, 50]": 2,
            "[:else, 5, 26, 53, 26, 55]": 0
          },
          "[:if, 6, 28, 4, 28, 101]": {
            "[:then, 7, 28, 4, 28, 85]": 1,
            "[:else, 8, 28, 4, 28, 101]": 1
          },
          "[:\"&.\", 9, 29, 70, 29, 95]": {
            "[:then, 10, 29, 70, 29, 95]": 2,
            "[:else, 11, 29, 70, 29, 95]": 0
          },
          "[:\"&.\", 12, 29, 70, 29, 107]": {
            "[:then, 13, 29, 70, 29, 107]": 2,
            "[:else, 14, 29, 70, 29, 107]": 0
          },
          "[:if, 15, 38, 14, 38, 55]": {
            "[:then, 16, 38, 39, 38, 50]": 2,
            "[:else, 17, 38, 53, 38, 55]": 0
          },
          "[:if, 18, 40, 4, 44, 7]": {
            "[:then, 19, 41, 6, 41, 120]": 1,
            "[:else, 20, 43, 6, 43, 118]": 1
          },
          "[:if, 21, 56, 4, 58, 7]": {
            "[:then, 22, 57, 6, 57, 87]": 1,
            "[:else, 23, 56, 4, 58, 7]": 1
          },
          "[:if, 24, 65, 16, 65, 53]": {
            "[:then, 25, 65, 26, 65, 43]": 1,
            "[:else, 26, 65, 46, 65, 53]": 1
          },
          "[:if, 27, 82, 4, 82, 95]": {
            "[:then, 28, 82, 4, 82, 74]": 1,
            "[:else, 29, 82, 4, 82, 95]": 1
          },
          "[:if, 30, 83, 4, 83, 98]": {
            "[:then, 31, 83, 4, 83, 76]": 1,
            "[:else, 32, 83, 4, 83, 98]": 1
          },
          "[:if, 33, 99, 4, 110, 7]": {
            "[:then, 34, 100, 6, 109, 89]": 3,
            "[:else, 35, 99, 4, 110, 7]": 0
          },
          "[:if, 36, 101, 21, 104, 24]": {
            "[:then, 37, 102, 23, 103, 39]": 3,
            "[:else, 38, 101, 21, 104, 24]": 0
          },
          "[:\"&.\", 39, 103, 23, 103, 39]": {
            "[:then, 40, 103, 23, 103, 39]": 2,
            "[:else, 41, 103, 23, 103, 39]": 1
          },
          "[:if, 42, 106, 34, 106, 71]": {
            "[:then, 43, 106, 53, 106, 66]": 1,
            "[:else, 44, 106, 69, 106, 71]": 2
          },
          "[:if, 45, 109, 34, 109, 87]": {
            "[:then, 46, 109, 49, 109, 75]": 2,
            "[:else, 47, 109, 78, 109, 87]": 1
          },
          "[:if, 48, 127, 4, 129, 7]": {
            "[:then, 49, 128, 6, 128, 91]": 1,
            "[:else, 50, 127, 4, 129, 7]": 1
          }
        }
      },
      "/home/bvsnithin/Project-1-SE/pc_builder/app/mailers/application_mailer.rb": {
        "lines": [
          1,
          1,
          1,
          null
        ],
        "branches": {}
      },
      "/home/bvsnithin/Project-1-SE/pc_builder/app/models/build_item.rb": {
        "lines": [
          1,
          1,
          1,
          1,
          null,
          1,
          1,
          1,
          1,
          1,
          null,
          null,
          1,
          4,
          4,
          4,
          null,
          null,
          1,
          4,
          4,
          4,
          null,
          null,
          1,
          null,
          1,
          59,
          null,
          null,
          1,
          59,
          null,
          null,
          1,
          4,
          null,
          null,
          1,
          73,
          6,
          null,
          67,
          null,
          null,
          null,
          1,
          5,
          5,
          null,
          null,
          null
        ],
        "branches": {
          "[:\"&.\", 0, 28, 58, 28, 68]": {
            "[:then, 1, 28, 58, 28, 68]": 59,
            "[:else, 2, 28, 58, 28, 68]": 0
          },
          "[:\"&.\", 3, 28, 100, 28, 111]": {
            "[:then, 4, 28, 100, 28, 111]": 59,
            "[:else, 5, 28, 100, 28, 111]": 0
          },
          "[:if, 6, 40, 4, 44, 7]": {
            "[:then, 7, 41, 6, 41, 117]": 6,
            "[:else, 8, 43, 6, 43, 82]": 67
          },
          "[:if, 9, 48, 4, 50, 7]": {
            "[:then, 10, 49, 6, 49, 131]": 5,
            "[:else, 11, 48, 4, 50, 7]": 0
          }
        }
      },
      "/home/bvsnithin/Project-1-SE/pc_builder/app/models/application_record.rb": {
        "lines": [
          1,
          1,
          null
        ],
        "branches": {}
      },
      "/home/bvsnithin/Project-1-SE/pc_builder/app/models/build.rb": {
        "lines": [
          1,
          1,
          1,
          1,
          null,
          1,
          null,
          1,
          1,
          1,
          1,
          1,
          null,
          null,
          1,
          8,
          8,
          8,
          null,
          null,
          1,
          4,
          4,
          4,
          null,
          null,
          1,
          0,
          0,
          0,
          null,
          null,
          null,
          1,
          0,
          0,
          0,
          0,
          0,
          null,
          null,
          1,
          null,
          0,
          null,
          null,
          null,
          null,
          null,
          null,
          null,
          null,
          null,
          null,
          0,
          0,
          null,
          0,
          0,
          null,
          null,
          1,
          0,
          null,
          null,
          1,
          0,
          0,
          null,
          null,
          1,
          0,
          0,
          null,
          0,
          0,
          null,
          null,
          1,
          null,
          1,
          97,
          null,
          null,
          1,
          97,
          null,
          null,
          1,
          2,
          null,
          null,
          1,
          102,
          3,
          null,
          99,
          null,
          null,
          null,
          1,
          1,
          1,
          null,
          null,
          null
        ],
        "branches": {
          "[:\"&.\", 0, 50, 17, 50, 27]": {
            "[:then, 1, 50, 17, 50, 27]": 0,
            "[:else, 2, 50, 17, 50, 27]": 0
          },
          "[:unless, 3, 67, 4, 67, 29]": {
            "[:else, 4, 67, 4, 67, 29]": 0,
            "[:then, 5, 67, 4, 67, 14]": 0
          },
          "[:unless, 6, 72, 4, 72, 41]": {
            "[:else, 7, 72, 4, 72, 41]": 0,
            "[:then, 8, 72, 4, 72, 13]": 0
          },
          "[:if, 9, 94, 4, 98, 7]": {
            "[:then, 10, 95, 6, 95, 118]": 3,
            "[:else, 11, 97, 6, 97, 83]": 99
          },
          "[:if, 12, 102, 4, 104, 7]": {
            "[:then, 13, 103, 6, 103, 122]": 1,
            "[:else, 14, 102, 4, 104, 7]": 0
          }
        }
      },
      "/home/bvsnithin/Project-1-SE/pc_builder/app/models/cooler.rb": {
        "lines": [
          1,
          null
        ],
        "branches": {}
      },
      "/home/bvsnithin/Project-1-SE/pc_builder/app/models/part.rb": {
        "lines": [
          1,
          1,
          1,
          1,
          null,
          1,
          1,
          1,
          null,
          1,
          1,
          1,
          1,
          1,
          null,
          1,
          11,
          null,
          null,
          1,
          0,
          null,
          null,
          null,
          1,
          0,
          null,
          null,
          null,
          1,
          399,
          396,
          396,
          396,
          null,
          null,
          1,
          0,
          0,
          0,
          null,
          null,
          1,
          1,
          388,
          null,
          1,
          388,
          null,
          1,
          8,
          null,
          1,
          401,
          11,
          null,
          390,
          null,
          null,
          1,
          0,
          null,
          null
        ],
        "branches": {
          "[:\"&.\", 0, 17, 4, 17, 26]": {
            "[:then, 1, 17, 4, 17, 26]": 11,
            "[:else, 2, 17, 4, 17, 26]": 0
          },
          "[:if, 3, 21, 4, 21, 80]": {
            "[:then, 4, 21, 4, 21, 60]": 0,
            "[:else, 5, 21, 4, 21, 80]": 0
          },
          "[:unless, 6, 31, 4, 31, 31]": {
            "[:else, 7, 31, 4, 31, 31]": 396,
            "[:then, 8, 31, 4, 31, 12]": 3
          },
          "[:if, 9, 54, 4, 58, 7]": {
            "[:then, 10, 55, 6, 55, 128]": 11,
            "[:else, 11, 57, 6, 57, 93]": 390
          },
          "[:if, 12, 61, 4, 61, 143]": {
            "[:then, 13, 61, 4, 61, 121]": 0,
            "[:else, 14, 61, 4, 61, 143]": 0
          }
        }
      },
      "/home/bvsnithin/Project-1-SE/pc_builder/app/models/cpu.rb": {
        "lines": [
          1,
          null,
          1,
          null,
          null,
          null,
          1,
          null,
          1,
          3,
          3,
          3,
          null,
          null,
          1,
          null,
          1,
          170,
          4,
          null,
          166,
          166,
          null,
          null,
          null
        ],
        "branches": {
          "[:if, 0, 18, 4, 23, 7]": {
            "[:then, 1, 19, 6, 19, 121]": 4,
            "[:else, 2, 21, 6, 22, 168]": 166
          },
          "[:if, 3, 22, 6, 22, 168]": {
            "[:then, 4, 22, 6, 22, 140]": 51,
            "[:else, 5, 22, 6, 22, 168]": 115
          }
        }
      },
      "/home/bvsnithin/Project-1-SE/pc_builder/app/models/gpu.rb": {
        "lines": [
          1,
          null
        ],
        "branches": {}
      },
      "/home/bvsnithin/Project-1-SE/pc_builder/app/models/memory.rb": {
        "lines": [
          1,
          null
        ],
        "branches": {}
      },
      "/home/bvsnithin/Project-1-SE/pc_builder/app/models/motherboard.rb": {
        "lines": [
          1,
          null
        ],
        "branches": {}
      },
      "/home/bvsnithin/Project-1-SE/pc_builder/app/models/pc_case.rb": {
        "lines": [
          1,
          null,
          null,
          null,
          1
        ],
        "branches": {}
      },
      "/home/bvsnithin/Project-1-SE/pc_builder/app/models/psu.rb": {
        "lines": [
          1,
          null
        ],
        "branches": {}
      },
      "/home/bvsnithin/Project-1-SE/pc_builder/app/models/storage.rb": {
        "lines": [
          1,
          null
        ],
        "branches": {}
      },
      "/home/bvsnithin/Project-1-SE/pc_builder/app/controllers/application_controller.rb": {
        "lines": [
          1,
          null,
          1,
          null,
          1,
          1,
          1,
          1,
          null,
          1,
          1,
          1,
          null,
          1,
          null,
          1,
          360,
          null,
          127,
          25,
          null,
          102,
          null,
          null,
          127,
          127,
          null,
          1,
          null,
          1,
          24,
          5,
          null,
          5,
          5,
          5,
          5,
          null,
          5,
          0,
          null,
          null,
          null,
          null,
          null,
          1,
          148,
          null,
          null,
          1,
          null,
          1,
          148,
          148,
          148,
          148,
          null,
          null,
          1,
          140,
          null,
          null,
          1,
          143,
          143,
          null,
          143,
          null,
          140,
          140,
          null,
          140,
          0,
          null,
          null,
          null,
          1,
          0,
          0,
          0,
          null,
          0,
          0,
          0,
          null,
          null,
          null,
          1,
          3,
          null,
          3,
          6,
          3,
          null,
          null,
          null,
          1,
          0,
          null,
          0,
          0,
          0,
          null,
          null,
          null,
          1,
          null,
          153,
          153,
          null,
          null
        ],
        "branches": {
          "[:if, 0, 17, 4, 17, 51]": {
            "[:then, 1, 17, 4, 17, 24]": 233,
            "[:else, 2, 17, 4, 17, 51]": 127
          },
          "[:if, 3, 19, 20, 23, 7]": {
            "[:then, 4, 20, 6, 20, 38]": 25,
            "[:else, 5, 22, 6, 22, 9]": 102
          },
          "[:if, 6, 25, 4, 25, 119]": {
            "[:then, 7, 25, 4, 25, 102]": 24,
            "[:else, 8, 25, 4, 25, 119]": 103
          },
          "[:\"&.\", 9, 25, 47, 25, 64]": {
            "[:then, 10, 25, 47, 25, 64]": 24,
            "[:else, 11, 25, 47, 25, 64]": 0
          },
          "[:\"&.\", 12, 25, 79, 25, 99]": {
            "[:then, 13, 25, 79, 25, 99]": 24,
            "[:else, 14, 25, 79, 25, 99]": 0
          },
          "[:unless, 15, 31, 4, 43, 7]": {
            "[:else, 16, 31, 4, 43, 7]": 19,
            "[:then, 17, 32, 6, 42, 9]": 5
          },
          "[:\"&.\", 18, 53, 120, 53, 153]": {
            "[:then, 19, 53, 120, 53, 153]": 1,
            "[:else, 20, 53, 120, 53, 153]": 147
          },
          "[:unless, 21, 54, 4, 54, 81]": {
            "[:else, 22, 54, 4, 54, 81]": 0,
            "[:then, 23, 54, 4, 54, 60]": 148
          },
          "[:if, 24, 55, 21, 55, 89]": {
            "[:then, 25, 55, 53, 55, 68]": 148,
            "[:else, 26, 55, 71, 55, 89]": 0
          },
          "[:\"&.\", 27, 56, 49, 56, 65]": {
            "[:then, 28, 56, 49, 56, 65]": 22,
            "[:else, 29, 56, 49, 56, 65]": 126
          },
          "[:\"&.\", 30, 56, 93, 56, 121]": {
            "[:then, 31, 56, 93, 56, 121]": 148,
            "[:else, 32, 56, 93, 56, 121]": 0
          },
          "[:if, 33, 72, 4, 74, 7]": {
            "[:then, 34, 73, 6, 73, 110]": 0,
            "[:else, 35, 72, 4, 74, 7]": 140
          },
          "[:\"&.\", 36, 79, 44, 79, 74]": {
            "[:then, 37, 79, 44, 79, 74]": 0,
            "[:else, 38, 79, 44, 79, 74]": 0
          },
          "[:\"&.\", 39, 79, 44, 79, 86]": {
            "[:then, 40, 79, 44, 79, 86]": 0,
            "[:else, 41, 79, 44, 79, 86]": 0
          }
        }
      },
      "/home/bvsnithin/Project-1-SE/pc_builder/app/controllers/build_items_controller.rb": {
        "lines": [
          1,
          1,
          14,
          13,
          12,
          12,
          12,
          12,
          null,
          12,
          4,
          4,
          4,
          null,
          8,
          8,
          null,
          null,
          12,
          12,
          14,
          null,
          null,
          12,
          null,
          null
        ],
        "branches": {
          "[:if, 0, 10, 4, 17, 7]": {
            "[:then, 1, 11, 6, 13, 74]": 4,
            "[:else, 2, 15, 6, 16, 76]": 8
          }
        }
      },
      "/home/bvsnithin/Project-1-SE/pc_builder/app/controllers/sessions_controller.rb": {
        "lines": [
          1,
          null,
          1,
          null,
          1,
          null,
          3,
          null,
          null,
          1,
          32,
          null,
          32,
          26,
          null,
          null,
          26,
          null,
          null,
          null,
          null,
          null,
          null,
          26,
          26,
          26,
          null,
          6,
          6,
          6,
          null,
          null,
          null,
          1,
          5,
          2,
          2,
          2,
          null,
          null,
          2,
          null,
          2,
          2,
          null,
          3,
          3,
          null,
          null,
          5,
          9,
          6,
          null,
          null,
          null,
          1,
          null,
          1,
          1,
          null
        ],
        "branches": {
          "[:\"&.\", 0, 13, 7, 13, 54]": {
            "[:then, 1, 13, 7, 13, 54]": 30,
            "[:else, 2, 13, 7, 13, 54]": 2
          },
          "[:if, 3, 13, 4, 31, 7]": {
            "[:then, 4, 14, 6, 26, 27]": 26,
            "[:else, 5, 28, 6, 30, 48]": 6
          },
          "[:if, 6, 35, 4, 48, 7]": {
            "[:then, 7, 36, 6, 44, 94]": 2,
            "[:else, 8, 46, 6, 47, 53]": 3
          }
        }
      },
      "/home/bvsnithin/Project-1-SE/pc_builder/app/models/user.rb": {
        "lines": [
          1,
          null,
          1,
          null,
          1,
          1,
          1,
          1,
          1,
          null,
          1,
          1,
          null,
          null,
          96,
          null,
          1,
          null,
          null,
          1,
          76,
          null,
          null,
          1,
          null,
          52,
          null,
          null,
          52,
          null,
          null,
          1,
          24,
          23,
          23,
          null,
          1,
          null,
          null,
          1,
          null,
          1,
          95,
          95,
          95,
          null,
          null,
          1,
          90,
          null,
          null,
          1,
          90,
          null,
          null,
          1,
          0,
          null,
          null,
          1,
          95,
          5,
          null,
          90,
          null,
          null,
          null
        ],
        "branches": {
          "[:if, 0, 45, 4, 45, 111]": {
            "[:then, 1, 45, 4, 45, 89]": 0,
            "[:else, 2, 45, 4, 45, 111]": 95
          },
          "[:if, 3, 61, 4, 65, 7]": {
            "[:then, 4, 62, 6, 62, 127]": 5,
            "[:else, 5, 64, 6, 64, 92]": 90
          }
        }
      },
      "/home/bvsnithin/Project-1-SE/pc_builder/app/controllers/builds_controller.rb": {
        "lines": [
          1,
          null,
          null,
          1,
          1,
          1,
          null,
          1,
          7,
          7,
          7,
          null,
          null,
          1,
          3,
          3,
          3,
          3,
          null,
          3,
          null,
          null,
          null,
          null,
          null,
          null,
          null,
          null,
          3,
          2,
          2,
          2,
          2,
          null,
          null,
          null,
          3,
          3,
          null,
          null,
          1,
          2,
          2,
          2,
          null,
          null,
          1,
          5,
          null,
          null,
          5,
          null,
          5,
          3,
          6,
          3,
          null,
          null,
          2,
          4,
          2,
          null,
          null,
          null,
          null,
          null,
          1,
          0,
          null,
          null,
          0,
          0,
          null,
          null,
          0,
          0,
          null,
          0,
          null,
          0,
          null,
          0,
          null,
          null,
          null,
          null,
          null,
          null,
          0,
          0,
          null,
          0,
          0,
          null,
          null,
          null,
          1,
          0,
          null,
          0,
          0,
          0,
          null,
          null,
          0,
          0,
          null,
          null,
          1,
          null,
          1,
          17,
          null,
          null,
          null,
          1,
          5,
          5,
          5,
          null,
          null,
          1,
          7,
          null,
          7,
          null,
          null,
          null,
          null,
          null,
          null,
          null,
          null,
          63,
          null,
          7,
          7,
          null,
          null
        ],
        "branches": {
          "[:\"&.\", 0, 9, 70, 9, 86]": {
            "[:then, 1, 9, 70, 9, 86]": 0,
            "[:else, 2, 9, 70, 9, 86]": 7
          },
          "[:\"&.\", 3, 15, 81, 15, 97]": {
            "[:then, 4, 15, 81, 15, 97]": 0,
            "[:else, 5, 15, 81, 15, 97]": 3
          },
          "[:\"&.\", 6, 42, 75, 42, 91]": {
            "[:then, 7, 42, 75, 42, 91]": 0,
            "[:else, 8, 42, 75, 42, 91]": 2
          },
          "[:if, 9, 51, 4, 51, 46]": {
            "[:then, 10, 51, 4, 51, 30]": 0,
            "[:else, 11, 51, 4, 51, 46]": 5
          },
          "[:if, 12, 53, 4, 63, 7]": {
            "[:then, 13, 54, 6, 57, 9]": 3,
            "[:else, 14, 59, 6, 62, 9]": 2
          },
          "[:unless, 15, 71, 4, 73, 7]": {
            "[:else, 16, 71, 4, 73, 7]": 0,
            "[:then, 17, 72, 6, 72, 74]": 0
          },
          "[:unless, 18, 100, 4, 103, 7]": {
            "[:else, 19, 100, 4, 103, 7]": 0,
            "[:then, 20, 101, 6, 102, 38]": 0
          },
          "[:\"&.\", 21, 112, 74, 112, 90]": {
            "[:then, 22, 112, 74, 112, 90]": 0,
            "[:else, 23, 112, 74, 112, 90]": 17
          }
        }
      },
      "/home/bvsnithin/Project-1-SE/pc_builder/app/controllers/parts_controller.rb": {
        "lines": [
          1,
          null,
          1,
          1,
          null,
          1,
          14,
          null,
          14,
          0,
          0,
          0,
          null,
          14,
          14,
          14,
          null,
          null,
          null,
          14,
          14,
          14,
          null,
          null,
          null,
          1,
          11,
          11,
          11,
          11,
          null,
          null,
          null,
          1,
          null,
          1,
          25,
          null,
          null,
          1,
          100,
          null,
          null
        ],
        "branches": {
          "[:\"&.\", 0, 7, 45, 7, 61]": {
            "[:then, 1, 7, 45, 7, 61]": 0,
            "[:else, 2, 7, 45, 7, 61]": 14
          },
          "[:if, 3, 9, 4, 17, 7]": {
            "[:then, 4, 10, 6, 12, 91]": 0,
            "[:else, 5, 14, 6, 16, 73]": 14
          },
          "[:if, 6, 20, 4, 23, 7]": {
            "[:then, 7, 21, 6, 22, 82]": 14,
            "[:else, 8, 20, 4, 23, 7]": 0
          },
          "[:\"&.\", 9, 27, 80, 27, 96]": {
            "[:then, 10, 27, 80, 27, 96]": 0,
            "[:else, 11, 27, 80, 27, 96]": 11
          },
          "[:\"&.\", 12, 37, 74, 37, 90]": {
            "[:then, 13, 37, 74, 37, 90]": 0,
            "[:else, 14, 37, 74, 37, 90]": 25
          }
        }
      },
      "/home/bvsnithin/Project-1-SE/pc_builder/app/controllers/users_controller.rb": {
        "lines": [
          1,
          null,
          1,
          null,
          1,
          1,
          null,
          1,
          2,
          2,
          2,
          null,
          null,
          2,
          2,
          2,
          null,
          null,
          null,
          1,
          3,
          3,
          2,
          null,
          null,
          2,
          2,
          null,
          null,
          1,
          3,
          3,
          null,
          null,
          1,
          11,
          null,
          11,
          null,
          6,
          null,
          6,
          null,
          null,
          null,
          null,
          null,
          null,
          6,
          6,
          6,
          null,
          5,
          5,
          5,
          null,
          null,
          null,
          1,
          null,
          1,
          11,
          null,
          null,
          1,
          19,
          null,
          null
        ],
        "branches": {
          "[:\"&.\", 0, 9, 68, 9, 84]": {
            "[:then, 1, 9, 68, 9, 84]": 2,
            "[:else, 2, 9, 68, 9, 84]": 0
          },
          "[:if, 3, 14, 4, 17, 7]": {
            "[:then, 4, 15, 6, 16, 78]": 2,
            "[:else, 5, 14, 4, 17, 7]": 0
          },
          "[:\"&.\", 6, 21, 91, 21, 107]": {
            "[:then, 7, 21, 91, 21, 107]": 3,
            "[:else, 8, 21, 91, 21, 107]": 0
          },
          "[:if, 9, 38, 4, 56, 7]": {
            "[:then, 10, 40, 6, 51, 27]": 6,
            "[:else, 11, 53, 6, 55, 48]": 5
          },
          "[:\"&.\", 12, 66, 74, 66, 90]": {
            "[:then, 13, 66, 74, 66, 90]": 5,
            "[:else, 14, 66, 74, 66, 90]": 14
          }
        }
      },
      "/home/bvsnithin/Project-1-SE/pc_builder/app/controllers/coolers_controller.rb": {
        "lines": [
          1,
          1,
          null,
          1,
          3,
          3,
          null,
          null,
          1,
          null,
          null
        ],
        "branches": {}
      },
      "/home/bvsnithin/Project-1-SE/pc_builder/app/controllers/cpus_controller.rb": {
        "lines": [
          1,
          1,
          null,
          1,
          1,
          1,
          null,
          null,
          1,
          null,
          null
        ],
        "branches": {}
      },
      "/home/bvsnithin/Project-1-SE/pc_builder/app/controllers/gpus_controller.rb": {
        "lines": [
          1,
          1,
          null,
          1,
          1,
          1,
          null,
          null,
          1,
          null,
          null
        ],
        "branches": {}
      },
      "/home/bvsnithin/Project-1-SE/pc_builder/app/controllers/home_controller.rb": {
        "lines": [
          1,
          null,
          1,
          1,
          null,
          1,
          8,
          null,
          null,
          8,
          null,
          null,
          null,
          null,
          null,
          null,
          null,
          null,
          null,
          8,
          null,
          null,
          8,
          8,
          8,
          64,
          64,
          64,
          64,
          null,
          null,
          8,
          null,
          8,
          8,
          null,
          null,
          8,
          13,
          null,
          null,
          null,
          1,
          null,
          1,
          8,
          null,
          null
        ],
        "branches": {
          "[:\"&.\", 0, 7, 65, 7, 81]": {
            "[:then, 1, 7, 65, 7, 81]": 1,
            "[:else, 2, 7, 65, 7, 81]": 7
          },
          "[:\"&.\", 3, 46, 73, 46, 89]": {
            "[:then, 4, 46, 73, 46, 89]": 1,
            "[:else, 5, 46, 73, 46, 89]": 7
          }
        }
      },
      "/home/bvsnithin/Project-1-SE/pc_builder/app/controllers/memories_controller.rb": {
        "lines": [
          1,
          1,
          null,
          1,
          1,
          1,
          null,
          null,
          1,
          null,
          null
        ],
        "branches": {}
      },
      "/home/bvsnithin/Project-1-SE/pc_builder/app/controllers/motherboards_controller.rb": {
        "lines": [
          1,
          1,
          null,
          1,
          1,
          1,
          null,
          null,
          1,
          null,
          null
        ],
        "branches": {}
      },
      "/home/bvsnithin/Project-1-SE/pc_builder/app/controllers/pc_cases_controller.rb": {
        "lines": [
          1,
          1,
          null,
          1,
          1,
          1,
          null,
          null,
          1,
          null,
          null
        ],
        "branches": {}
      },
      "/home/bvsnithin/Project-1-SE/pc_builder/app/controllers/psus_controller.rb": {
        "lines": [
          1,
          1,
          null,
          1,
          1,
          1,
          null,
          null,
          1,
          null
        ],
        "branches": {}
      },
      "/home/bvsnithin/Project-1-SE/pc_builder/app/controllers/storages_controller.rb": {
        "lines": [
          1,
          1,
          null,
          1,
          1,
          1,
          null,
          null,
          1,
          null,
          null
        ],
        "branches": {}
      }
    },
    "timestamp": 1759700708
  },
  "Cucumber Features": {
    "coverage": {
      "/home/bvsnithin/Project-1-SE/pc_builder/app/models/user.rb": {
        "lines": [
          1,
          null,
          1,
          null,
          1,
          1,
          1,
          1,
          1,
          null,
          1,
          1,
          null,
          null,
          38,
          null,
          1,
          null,
          null,
          1,
          0,
          null,
          null,
          1,
          null,
          0,
          null,
          null,
          0,
          null,
          null,
          1,
          0,
          0,
          0,
          null,
          0,
          null,
          null,
          1,
          null,
          1,
          37,
          37,
          37,
          null,
          null,
          1,
          37,
          null,
          null,
          1,
          37,
          null,
          null,
          1,
          0,
          null,
          null,
          1,
          37,
          0,
          null,
          37,
          null,
          null,
          null
        ]
      },
      "/home/bvsnithin/Project-1-SE/pc_builder/app/models/application_record.rb": {
        "lines": [
          1,
          1,
          null
        ]
      },
      "/home/bvsnithin/Project-1-SE/pc_builder/app/controllers/builds_controller.rb": {
        "lines": [
          1,
          null,
          null,
          1,
          1,
          1,
          null,
          1,
          1,
          1,
          1,
          null,
          null,
          1,
          1,
          1,
          1,
          1,
          null,
          1,
          null,
          null,
          null,
          null,
          null,
          null,
          null,
          null,
          1,
          0,
          0,
          0,
          0,
          null,
          null,
          null,
          1,
          1,
          null,
          null,
          1,
          3,
          3,
          3,
          null,
          null,
          1,
          0,
          null,
          null,
          0,
          null,
          0,
          0,
          0,
          0,
          null,
          null,
          0,
          0,
          0,
          null,
          null,
          null,
          null,
          null,
          1,
          0,
          null,
          null,
          0,
          0,
          null,
          null,
          0,
          0,
          null,
          0,
          null,
          0,
          null,
          0,
          null,
          null,
          null,
          null,
          null,
          null,
          0,
          0,
          null,
          0,
          0,
          null,
          null,
          null,
          1,
          0,
          null,
          0,
          0,
          0,
          null,
          null,
          0,
          0,
          null,
          null,
          1,
          null,
          1,
          5,
          null,
          null,
          null,
          1,
          0,
          0,
          0,
          null,
          null,
          1,
          3,
          null,
          3,
          null,
          null,
          null,
          null,
          null,
          null,
          null,
          null,
          27,
          null,
          3,
          3,
          null,
          null
        ]
      },
      "/home/bvsnithin/Project-1-SE/pc_builder/app/controllers/application_controller.rb": {
        "lines": [
          1,
          null,
          1,
          null,
          1,
          1,
          1,
          1,
          null,
          1,
          1,
          1,
          null,
          1,
          null,
          1,
          48,
          null,
          11,
          0,
          null,
          11,
          null,
          null,
          11,
          11,
          null,
          1,
          null,
          1,
          0,
          0,
          null,
          0,
          0,
          0,
          0,
          null,
          0,
          0,
          null,
          null,
          null,
          null,
          null,
          1,
          11,
          null,
          null,
          1,
          null,
          1,
          12,
          12,
          12,
          12,
          null,
          null,
          1,
          12,
          null,
          null,
          1,
          12,
          12,
          null,
          12,
          null,
          12,
          12,
          null,
          12,
          0,
          null,
          null,
          null,
          1,
          0,
          0,
          0,
          null,
          0,
          0,
          0,
          null,
          null,
          null,
          1,
          0,
          null,
          0,
          0,
          0,
          null,
          null,
          null,
          1,
          0,
          null,
          0,
          0,
          0,
          null,
          null,
          null,
          1,
          null,
          12,
          12,
          null,
          null
        ]
      },
      "/home/bvsnithin/Project-1-SE/pc_builder/app/helpers/application_helper.rb": {
        "lines": [
          1,
          null
        ]
      },
      "/home/bvsnithin/Project-1-SE/pc_builder/app/helpers/build_items_helper.rb": {
        "lines": [
          1,
          null
        ]
      },
      "/home/bvsnithin/Project-1-SE/pc_builder/app/helpers/builds_helper.rb": {
        "lines": [
          1,
          null
        ]
      },
      "/home/bvsnithin/Project-1-SE/pc_builder/app/helpers/coolers_helper.rb": {
        "lines": [
          1,
          null
        ]
      },
      "/home/bvsnithin/Project-1-SE/pc_builder/app/helpers/cpus_helper.rb": {
        "lines": [
          1,
          null
        ]
      },
      "/home/bvsnithin/Project-1-SE/pc_builder/app/helpers/gpus_helper.rb": {
        "lines": [
          1,
          null
        ]
      },
      "/home/bvsnithin/Project-1-SE/pc_builder/app/helpers/home_helper.rb": {
        "lines": [
          1,
          null
        ]
      },
      "/home/bvsnithin/Project-1-SE/pc_builder/app/helpers/memories_helper.rb": {
        "lines": [
          1,
          null
        ]
      },
      "/home/bvsnithin/Project-1-SE/pc_builder/app/helpers/motherboards_helper.rb": {
        "lines": [
          1,
          null
        ]
      },
      "/home/bvsnithin/Project-1-SE/pc_builder/app/helpers/parts_helper.rb": {
        "lines": [
          1,
          null
        ]
      },
      "/home/bvsnithin/Project-1-SE/pc_builder/app/helpers/pc_cases_helper.rb": {
        "lines": [
          1,
          null
        ]
      },
      "/home/bvsnithin/Project-1-SE/pc_builder/app/helpers/psus_helper.rb": {
        "lines": [
          1,
          null
        ]
      },
      "/home/bvsnithin/Project-1-SE/pc_builder/app/helpers/storages_helper.rb": {
        "lines": [
          1,
          null
        ]
      },
      "/home/bvsnithin/Project-1-SE/pc_builder/app/helpers/users_helper.rb": {
        "lines": [
          1,
          null
        ]
      },
      "/home/bvsnithin/Project-1-SE/pc_builder/app/models/cpu.rb": {
        "lines": [
          1,
          null,
          1,
          null,
          null,
          null,
          1,
          null,
          1,
          0,
          0,
          0,
          null,
          null,
          1,
          null,
          1,
          10,
          1,
          null,
          9,
          9,
          null,
          null,
          null
        ]
      },
      "/home/bvsnithin/Project-1-SE/pc_builder/app/models/part.rb": {
        "lines": [
          1,
          1,
          1,
          1,
          null,
          1,
          1,
          1,
          null,
          1,
          1,
          1,
          1,
          1,
          null,
          1,
          0,
          null,
          null,
          1,
          0,
          null,
          null,
          null,
          1,
          0,
          null,
          null,
          null,
          1,
          9,
          9,
          9,
          9,
          null,
          null,
          1,
          0,
          0,
          0,
          null,
          null,
          1,
          1,
          9,
          null,
          1,
          9,
          null,
          1,
          0,
          null,
          1,
          10,
          1,
          null,
          9,
          null,
          null,
          1,
          0,
          null,
          null
        ]
      },
      "/home/bvsnithin/Project-1-SE/pc_builder/app/models/gpu.rb": {
        "lines": [
          1,
          null
        ]
      },
      "/home/bvsnithin/Project-1-SE/pc_builder/app/models/motherboard.rb": {
        "lines": [
          1,
          null
        ]
      },
      "/home/bvsnithin/Project-1-SE/pc_builder/app/models/memory.rb": {
        "lines": [
          1,
          null
        ]
      },
      "/home/bvsnithin/Project-1-SE/pc_builder/app/models/storage.rb": {
        "lines": [
          1,
          null
        ]
      },
      "/home/bvsnithin/Project-1-SE/pc_builder/app/models/cooler.rb": {
        "lines": [
          1,
          null
        ]
      },
      "/home/bvsnithin/Project-1-SE/pc_builder/app/models/pc_case.rb": {
        "lines": [
          1,
          null,
          null,
          null,
          1
        ]
      },
      "/home/bvsnithin/Project-1-SE/pc_builder/app/models/psu.rb": {
        "lines": [
          1,
          null
        ]
      },
      "/home/bvsnithin/Project-1-SE/pc_builder/app/models/build.rb": {
        "lines": [
          1,
          1,
          1,
          1,
          null,
          1,
          null,
          1,
          1,
          1,
          1,
          1,
          null,
          null,
          1,
          1,
          1,
          1,
          null,
          null,
          1,
          1,
          1,
          1,
          null,
          null,
          1,
          0,
          0,
          0,
          null,
          null,
          null,
          1,
          0,
          0,
          0,
          0,
          0,
          null,
          null,
          1,
          null,
          0,
          null,
          null,
          null,
          null,
          null,
          null,
          null,
          null,
          null,
          null,
          0,
          0,
          null,
          0,
          0,
          null,
          null,
          1,
          0,
          null,
          null,
          1,
          0,
          0,
          null,
          null,
          1,
          0,
          0,
          null,
          0,
          0,
          null,
          null,
          1,
          null,
          1,
          1,
          null,
          null,
          1,
          1,
          null,
          null,
          1,
          0,
          null,
          null,
          1,
          1,
          0,
          null,
          1,
          null,
          null,
          null,
          1,
          0,
          0,
          null,
          null,
          null
        ]
      },
      "/home/bvsnithin/Project-1-SE/pc_builder/app/controllers/parts_controller.rb": {
        "lines": [
          1,
          null,
          1,
          1,
          null,
          1,
          1,
          null,
          1,
          0,
          0,
          0,
          null,
          1,
          1,
          1,
          null,
          null,
          null,
          1,
          1,
          1,
          null,
          null,
          null,
          1,
          0,
          0,
          0,
          0,
          null,
          null,
          null,
          1,
          null,
          1,
          1,
          null,
          null,
          1,
          4,
          null,
          null
        ]
      },
      "/home/bvsnithin/Project-1-SE/pc_builder/app/models/build_item.rb": {
        "lines": [
          1,
          1,
          1,
          1,
          null,
          1,
          1,
          1,
          1,
          1,
          null,
          null,
          1,
          0,
          0,
          0,
          null,
          null,
          1,
          0,
          0,
          0,
          null,
          null,
          1,
          null,
          1,
          0,
          null,
          null,
          1,
          0,
          null,
          null,
          1,
          0,
          null,
          null,
          1,
          0,
          0,
          null,
          0,
          null,
          null,
          null,
          1,
          0,
          0,
          null,
          null,
          null
        ]
      },
      "/home/bvsnithin/Project-1-SE/pc_builder/app/controllers/users_controller.rb": {
        "lines": [
          1,
          null,
          1,
          null,
          1,
          1,
          null,
          1,
          0,
          0,
          0,
          null,
          null,
          0,
          0,
          0,
          null,
          null,
          null,
          1,
          0,
          0,
          0,
          null,
          null,
          0,
          0,
          null,
          null,
          1,
          4,
          4,
          null,
          null,
          1,
          0,
          null,
          0,
          null,
          0,
          null,
          0,
          null,
          null,
          null,
          null,
          null,
          null,
          0,
          0,
          0,
          null,
          0,
          0,
          0,
          null,
          null,
          null,
          1,
          null,
          1,
          0,
          null,
          null,
          1,
          4,
          null,
          null
        ]
      },
      "/home/bvsnithin/Project-1-SE/pc_builder/app/controllers/sessions_controller.rb": {
        "lines": [
          1,
          null,
          1,
          null,
          1,
          null,
          2,
          null,
          null,
          1,
          0,
          null,
          0,
          0,
          null,
          null,
          0,
          null,
          null,
          null,
          null,
          null,
          null,
          0,
          0,
          0,
          null,
          0,
          0,
          0,
          null,
          null,
          null,
          1,
          0,
          0,
          0,
          0,
          null,
          null,
          0,
          null,
          0,
          0,
          null,
          0,
          0,
          null,
          null,
          0,
          0,
          0,
          null,
          null,
          null,
          1,
          null,
          1,
          0,
          null
        ]
      },
      "/home/bvsnithin/Project-1-SE/pc_builder/app/controllers/build_items_controller.rb": {
        "lines": [
          0,
          0,
          0,
          0,
          0,
          0,
          0,
          0,
          null,
          0,
          0,
          0,
          0,
          0,
          0,
          0,
          0,
          null,
          0,
          0,
          0,
          0,
          null,
          0,
          null,
          0,
          0
        ],
        "branches": {}
      },
      "/home/bvsnithin/Project-1-SE/pc_builder/app/controllers/coolers_controller.rb": {
        "lines": [
          0,
          0,
          null,
          0,
          0,
          0,
          0,
          null,
          0,
          0,
          0
        ],
        "branches": {}
      },
      "/home/bvsnithin/Project-1-SE/pc_builder/app/controllers/cpus_controller.rb": {
        "lines": [
          0,
          0,
          null,
          0,
          0,
          0,
          0,
          null,
          0,
          0,
          0
        ],
        "branches": {}
      },
      "/home/bvsnithin/Project-1-SE/pc_builder/app/controllers/gpus_controller.rb": {
        "lines": [
          0,
          0,
          null,
          0,
          0,
          0,
          0,
          null,
          0,
          0,
          0
        ],
        "branches": {}
      },
      "/home/bvsnithin/Project-1-SE/pc_builder/app/controllers/home_controller.rb": {
        "lines": [
          0,
          null,
          0,
          0,
          null,
          0,
          0,
          null,
          0,
          0,
          0,
          0,
          0,
          0,
          0,
          0,
          0,
          0,
          null,
          0,
          null,
          null,
          0,
          0,
          0,
          0,
          0,
          0,
          0,
          0,
          null,
          0,
          null,
          0,
          0,
          null,
          null,
          0,
          0,
          0,
          0,
          null,
          0,
          null,
          0,
          0,
          0,
          0
        ],
        "branches": {}
      },
      "/home/bvsnithin/Project-1-SE/pc_builder/app/controllers/memories_controller.rb": {
        "lines": [
          0,
          0,
          null,
          0,
          0,
          0,
          0,
          null,
          0,
          0,
          0
        ],
        "branches": {}
      },
      "/home/bvsnithin/Project-1-SE/pc_builder/app/controllers/motherboards_controller.rb": {
        "lines": [
          0,
          0,
          null,
          0,
          0,
          0,
          0,
          null,
          0,
          0,
          0
        ],
        "branches": {}
      },
      "/home/bvsnithin/Project-1-SE/pc_builder/app/controllers/pc_cases_controller.rb": {
        "lines": [
          0,
          0,
          null,
          0,
          0,
          0,
          0,
          null,
          0,
          0,
          0
        ],
        "branches": {}
      },
      "/home/bvsnithin/Project-1-SE/pc_builder/app/controllers/psus_controller.rb": {
        "lines": [
          0,
          0,
          null,
          0,
          0,
          0,
          0,
          null,
          0,
          0,
          0
        ],
        "branches": {}
      },
      "/home/bvsnithin/Project-1-SE/pc_builder/app/controllers/storages_controller.rb": {
        "lines": [
          0,
          0,
          null,
          0,
          0,
          0,
          0,
          null,
          0,
          0,
          0
        ],
        "branches": {}
      },
      "/home/bvsnithin/Project-1-SE/pc_builder/app/jobs/application_job.rb": {
        "lines": [
          0,
          null,
          null,
          null,
          null,
          null,
          0
        ],
        "branches": {}
      },
      "/home/bvsnithin/Project-1-SE/pc_builder/app/lib/database_logger.rb": {
        "lines": [
          null,
          null,
          null,
          0,
          0,
          null,
          0,
          null,
          0,
          0,
          0,
          0,
          0,
          0,
          null,
          0,
          0,
          0,
          0,
          null,
          0,
          0,
          0,
          null,
          0,
          null,
          0,
          0,
          0,
          0,
          0,
          0,
          0,
          0,
          null,
          0,
          null,
          0,
          0,
          0,
          null,
          0,
          0,
          0,
          null,
          0,
          null,
          0,
          0,
          0,
          null,
          0,
          0,
          0,
          0,
          0,
          0,
          0,
          0,
          null,
          0,
          0,
          0,
          0,
          0,
          0,
          0,
          null,
          0,
          0,
          0,
          null,
          0,
          0,
          0,
          null,
          0,
          null,
          0,
          0,
          0,
          0,
          0,
          0,
          0,
          0,
          0,
          0,
          0,
          0,
          0,
          0,
          null,
          0
        ],
        "branches": {}
      },
      "/home/bvsnithin/Project-1-SE/pc_builder/app/lib/logging_helpers.rb": {
        "lines": [
          null,
          null,
          null,
          0,
          0,
          null,
          0,
          null,
          0,
          null,
          0,
          0,
          0,
          0,
          0,
          null,
          null,
          0,
          0,
          0,
          0,
          0,
          null,
          0,
          0,
          0,
          0,
          0,
          0,
          0,
          null,
          0,
          0,
          0,
          0,
          null,
          0,
          0,
          null,
          0,
          0,
          0,
          0,
          0,
          null,
          0,
          0,
          null,
          0,
          0,
          0,
          0,
          null,
          0,
          null,
          0,
          0,
          0,
          null,
          0,
          0,
          null,
          null,
          0,
          0,
          0,
          0,
          null,
          null,
          0,
          0,
          0,
          null,
          null,
          0,
          0,
          0,
          null,
          null,
          0,
          0,
          0,
          0,
          0,
          0,
          null,
          null,
          0,
          0,
          0,
          null,
          0,
          0,
          0,
          null,
          null,
          0,
          0,
          0,
          0,
          0,
          0,
          0,
          0,
          null,
          0,
          0,
          0,
          0,
          0,
          0,
          0,
          null,
          null,
          0,
          0,
          0,
          0,
          null,
          0,
          null,
          0,
          0,
          null,
          0,
          null,
          0,
          0,
          0,
          null,
          0,
          0,
          0,
          null,
          0
        ],
        "branches": {}
      },
      "/home/bvsnithin/Project-1-SE/pc_builder/app/mailers/application_mailer.rb": {
        "lines": [
          0,
          0,
          0,
          0
        ],
        "branches": {}
      }
    },
    "timestamp": 1759700664
  }
}
