{
  "RSpec": {
    "coverage": {
      "/Users/harshwadhawe/Code/Fall 25/SE/Project 1/Project-1-SE/pc_builder/app/helpers/application_helper.rb": {
        "lines": [
          1,
          null
        ],
        "branches": {}
      },
      "/Users/harshwadhawe/Code/Fall 25/SE/Project 1/Project-1-SE/pc_builder/app/helpers/build_items_helper.rb": {
        "lines": [
          1,
          null
        ],
        "branches": {}
      },
      "/Users/harshwadhawe/Code/Fall 25/SE/Project 1/Project-1-SE/pc_builder/app/helpers/builds_helper.rb": {
        "lines": [
          1,
          null
        ],
        "branches": {}
      },
      "/Users/harshwadhawe/Code/Fall 25/SE/Project 1/Project-1-SE/pc_builder/app/helpers/coolers_helper.rb": {
        "lines": [
          1,
          null
        ],
        "branches": {}
      },
      "/Users/harshwadhawe/Code/Fall 25/SE/Project 1/Project-1-SE/pc_builder/app/helpers/cpus_helper.rb": {
        "lines": [
          1,
          null
        ],
        "branches": {}
      },
      "/Users/harshwadhawe/Code/Fall 25/SE/Project 1/Project-1-SE/pc_builder/app/helpers/gpus_helper.rb": {
        "lines": [
          1,
          null
        ],
        "branches": {}
      },
      "/Users/harshwadhawe/Code/Fall 25/SE/Project 1/Project-1-SE/pc_builder/app/helpers/home_helper.rb": {
        "lines": [
          1,
          null
        ],
        "branches": {}
      },
      "/Users/harshwadhawe/Code/Fall 25/SE/Project 1/Project-1-SE/pc_builder/app/helpers/memories_helper.rb": {
        "lines": [
          1,
          null
        ],
        "branches": {}
      },
      "/Users/harshwadhawe/Code/Fall 25/SE/Project 1/Project-1-SE/pc_builder/app/helpers/motherboards_helper.rb": {
        "lines": [
          1,
          null
        ],
        "branches": {}
      },
      "/Users/harshwadhawe/Code/Fall 25/SE/Project 1/Project-1-SE/pc_builder/app/helpers/parts_helper.rb": {
        "lines": [
          1,
          null
        ],
        "branches": {}
      },
      "/Users/harshwadhawe/Code/Fall 25/SE/Project 1/Project-1-SE/pc_builder/app/helpers/pc_cases_helper.rb": {
        "lines": [
          1,
          null
        ],
        "branches": {}
      },
      "/Users/harshwadhawe/Code/Fall 25/SE/Project 1/Project-1-SE/pc_builder/app/helpers/psus_helper.rb": {
        "lines": [
          1,
          null
        ],
        "branches": {}
      },
      "/Users/harshwadhawe/Code/Fall 25/SE/Project 1/Project-1-SE/pc_builder/app/helpers/storages_helper.rb": {
        "lines": [
          1,
          null
        ],
        "branches": {}
      },
      "/Users/harshwadhawe/Code/Fall 25/SE/Project 1/Project-1-SE/pc_builder/app/helpers/users_helper.rb": {
        "lines": [
          1,
          null
        ],
        "branches": {}
      },
      "/Users/harshwadhawe/Code/Fall 25/SE/Project 1/Project-1-SE/pc_builder/app/models/build_item.rb": {
        "lines": [
          1,
          1,
          1,
          1,
          null,
          1,
          1,
          1,
          1,
          1,
          null,
          null,
          1,
          0,
          0,
          0,
          null,
          null,
          1,
          0,
          0,
          0,
          null,
          null,
          1,
          null,
          1,
          6,
          null,
          null,
          1,
          6,
          null,
          null,
          1,
          0,
          null,
          null,
          1,
          8,
          1,
          null,
          7,
          null,
          null,
          null,
          1,
          0,
          0,
          null,
          null,
          null
        ],
        "branches": {
          "[:\"&.\", 0, 28, 58, 28, 68]": {
            "[:then, 1, 28, 58, 28, 68]": 6,
            "[:else, 2, 28, 58, 28, 68]": 0
          },
          "[:\"&.\", 3, 28, 100, 28, 111]": {
            "[:then, 4, 28, 100, 28, 111]": 6,
            "[:else, 5, 28, 100, 28, 111]": 0
          },
          "[:if, 6, 40, 4, 44, 7]": {
            "[:then, 7, 41, 6, 41, 117]": 1,
            "[:else, 8, 43, 6, 43, 82]": 7
          },
          "[:if, 9, 48, 4, 50, 7]": {
            "[:then, 10, 49, 6, 49, 131]": 0,
            "[:else, 11, 48, 4, 50, 7]": 0
          }
        }
      },
      "/Users/harshwadhawe/Code/Fall 25/SE/Project 1/Project-1-SE/pc_builder/app/models/application_record.rb": {
        "lines": [
          1,
          1,
          null
        ],
        "branches": {}
      },
      "/Users/harshwadhawe/Code/Fall 25/SE/Project 1/Project-1-SE/pc_builder/app/models/build.rb": {
        "lines": [
          1,
          1,
          1,
          1,
          null,
          1,
          null,
          1,
          1,
          1,
          1,
          1,
          null,
          null,
          1,
          0,
          0,
          0,
          null,
          null,
          1,
          1,
          1,
          1,
          null,
          null,
          1,
          0,
          0,
          0,
          null,
          null,
          null,
          1,
          0,
          0,
          0,
          0,
          0,
          null,
          null,
          1,
          null,
          0,
          null,
          null,
          null,
          null,
          null,
          null,
          null,
          null,
          null,
          null,
          0,
          0,
          null,
          0,
          0,
          null,
          null,
          1,
          0,
          null,
          null,
          1,
          0,
          0,
          null,
          null,
          1,
          0,
          0,
          null,
          0,
          0,
          null,
          null,
          1,
          null,
          1,
          7,
          null,
          null,
          1,
          7,
          null,
          null,
          1,
          0,
          null,
          null,
          1,
          10,
          1,
          null,
          9,
          null,
          null,
          null,
          1,
          1,
          1,
          null,
          null,
          null
        ],
        "branches": {
          "[:\"&.\", 0, 50, 17, 50, 27]": {
            "[:then, 1, 50, 17, 50, 27]": 0,
            "[:else, 2, 50, 17, 50, 27]": 0
          },
          "[:unless, 3, 67, 4, 67, 29]": {
            "[:else, 4, 67, 4, 67, 29]": 0,
            "[:then, 5, 67, 4, 67, 14]": 0
          },
          "[:unless, 6, 72, 4, 72, 41]": {
            "[:else, 7, 72, 4, 72, 41]": 0,
            "[:then, 8, 72, 4, 72, 13]": 0
          },
          "[:if, 9, 94, 4, 98, 7]": {
            "[:then, 10, 95, 6, 95, 118]": 1,
            "[:else, 11, 97, 6, 97, 83]": 9
          },
          "[:if, 12, 102, 4, 104, 7]": {
            "[:then, 13, 103, 6, 103, 122]": 1,
            "[:else, 14, 102, 4, 104, 7]": 0
          }
        }
      },
      "/Users/harshwadhawe/Code/Fall 25/SE/Project 1/Project-1-SE/pc_builder/app/models/part.rb": {
        "lines": [
          1,
          1,
          1,
          1,
          null,
          1,
          1,
          1,
          null,
          1,
          1,
          1,
          1,
          1,
          null,
          1,
          2,
          null,
          null,
          1,
          3,
          null,
          null,
          null,
          1,
          1,
          null,
          null,
          null,
          1,
          21,
          19,
          19,
          19,
          null,
          null,
          1,
          1,
          1,
          1,
          null,
          null,
          1,
          1,
          19,
          null,
          1,
          19,
          null,
          1,
          1,
          null,
          1,
          27,
          4,
          null,
          23,
          null,
          null,
          1,
          1,
          null,
          null
        ],
        "branches": {
          "[:\"&.\", 0, 17, 4, 17, 26]": {
            "[:then, 1, 17, 4, 17, 26]": 1,
            "[:else, 2, 17, 4, 17, 26]": 1
          },
          "[:if, 3, 21, 4, 21, 80]": {
            "[:then, 4, 21, 4, 21, 60]": 2,
            "[:else, 5, 21, 4, 21, 80]": 1
          },
          "[:unless, 6, 31, 4, 31, 31]": {
            "[:else, 7, 31, 4, 31, 31]": 19,
            "[:then, 8, 31, 4, 31, 12]": 2
          },
          "[:if, 9, 54, 4, 58, 7]": {
            "[:then, 10, 55, 6, 55, 128]": 4,
            "[:else, 11, 57, 6, 57, 93]": 23
          },
          "[:if, 12, 61, 4, 61, 143]": {
            "[:then, 13, 61, 4, 61, 121]": 1,
            "[:else, 14, 61, 4, 61, 143]": 0
          }
        }
      },
      "/Users/harshwadhawe/Code/Fall 25/SE/Project 1/Project-1-SE/pc_builder/app/models/user.rb": {
        "lines": [
          1,
          null,
          1,
          null,
          1,
          1,
          1,
          1,
          1,
          null,
          1,
          1,
          null,
          null,
          17,
          null,
          1,
          null,
          null,
          1,
          6,
          null,
          null,
          1,
          null,
          1,
          null,
          null,
          1,
          null,
          null,
          1,
          3,
          1,
          1,
          null,
          2,
          null,
          null,
          1,
          null,
          1,
          16,
          16,
          16,
          null,
          null,
          1,
          9,
          null,
          null,
          1,
          9,
          null,
          null,
          1,
          1,
          null,
          null,
          1,
          16,
          5,
          null,
          11,
          null,
          null,
          null
        ],
        "branches": {
          "[:if, 0, 45, 4, 45, 111]": {
            "[:then, 1, 45, 4, 45, 89]": 2,
            "[:else, 2, 45, 4, 45, 111]": 14
          },
          "[:if, 3, 61, 4, 65, 7]": {
            "[:then, 4, 62, 6, 62, 127]": 5,
            "[:else, 5, 64, 6, 64, 92]": 11
          }
        }
      },
      "/Users/harshwadhawe/Code/Fall 25/SE/Project 1/Project-1-SE/pc_builder/app/models/cpu.rb": {
        "lines": [
          1,
          null,
          1,
          null,
          null,
          null,
          1,
          null,
          1,
          0,
          0,
          0,
          null,
          null,
          1,
          null,
          1,
          17,
          4,
          null,
          13,
          13,
          null,
          null,
          null
        ],
        "branches": {
          "[:if, 0, 18, 4, 23, 7]": {
            "[:then, 1, 19, 6, 19, 121]": 4,
            "[:else, 2, 21, 6, 22, 168]": 13
          },
          "[:if, 3, 22, 6, 22, 168]": {
            "[:then, 4, 22, 6, 22, 140]": 10,
            "[:else, 5, 22, 6, 22, 168]": 3
          }
        }
      },
      "/Users/harshwadhawe/Code/Fall 25/SE/Project 1/Project-1-SE/pc_builder/app/models/gpu.rb": {
        "lines": [
          1,
          null
        ],
        "branches": {}
      },
      "/Users/harshwadhawe/Code/Fall 25/SE/Project 1/Project-1-SE/pc_builder/app/controllers/coolers_controller.rb": {
        "lines": [
          1,
          1,
          null,
          1,
          1,
          1,
          null,
          null,
          1,
          null,
          null
        ],
        "branches": {}
      },
      "/Users/harshwadhawe/Code/Fall 25/SE/Project 1/Project-1-SE/pc_builder/app/controllers/application_controller.rb": {
        "lines": [
          1,
          null,
          1,
          null,
          1,
          1,
          1,
          1,
          null,
          1,
          1,
          1,
          null,
          1,
          null,
          1,
          32,
          null,
          16,
          0,
          null,
          16,
          null,
          null,
          16,
          16,
          null,
          1,
          null,
          1,
          0,
          0,
          null,
          0,
          0,
          0,
          0,
          null,
          0,
          0,
          null,
          null,
          null,
          null,
          null,
          1,
          16,
          null,
          null,
          1,
          null,
          1,
          16,
          16,
          16,
          16,
          null,
          null,
          1,
          16,
          null,
          null,
          1,
          16,
          16,
          null,
          16,
          null,
          16,
          16,
          null,
          16,
          0,
          null,
          null,
          null,
          1,
          0,
          0,
          0,
          null,
          0,
          0,
          0,
          null,
          null,
          null,
          1,
          0,
          null,
          0,
          0,
          0,
          null,
          null,
          null,
          1,
          0,
          null,
          0,
          0,
          0,
          null,
          null,
          null,
          1,
          null,
          16,
          16,
          null,
          null
        ],
        "branches": {
          "[:if, 0, 17, 4, 17, 51]": {
            "[:then, 1, 17, 4, 17, 24]": 16,
            "[:else, 2, 17, 4, 17, 51]": 16
          },
          "[:if, 3, 19, 20, 23, 7]": {
            "[:then, 4, 20, 6, 20, 38]": 0,
            "[:else, 5, 22, 6, 22, 9]": 16
          },
          "[:if, 6, 25, 4, 25, 119]": {
            "[:then, 7, 25, 4, 25, 102]": 0,
            "[:else, 8, 25, 4, 25, 119]": 16
          },
          "[:\"&.\", 9, 25, 47, 25, 64]": {
            "[:then, 10, 25, 47, 25, 64]": 0,
            "[:else, 11, 25, 47, 25, 64]": 0
          },
          "[:\"&.\", 12, 25, 79, 25, 99]": {
            "[:then, 13, 25, 79, 25, 99]": 0,
            "[:else, 14, 25, 79, 25, 99]": 0
          },
          "[:unless, 15, 31, 4, 43, 7]": {
            "[:else, 16, 31, 4, 43, 7]": 0,
            "[:then, 17, 32, 6, 42, 9]": 0
          },
          "[:\"&.\", 18, 53, 120, 53, 153]": {
            "[:then, 19, 53, 120, 53, 153]": 0,
            "[:else, 20, 53, 120, 53, 153]": 16
          },
          "[:unless, 21, 54, 4, 54, 81]": {
            "[:else, 22, 54, 4, 54, 81]": 0,
            "[:then, 23, 54, 4, 54, 60]": 16
          },
          "[:if, 24, 55, 21, 55, 89]": {
            "[:then, 25, 55, 53, 55, 68]": 16,
            "[:else, 26, 55, 71, 55, 89]": 0
          },
          "[:\"&.\", 27, 56, 49, 56, 65]": {
            "[:then, 28, 56, 49, 56, 65]": 0,
            "[:else, 29, 56, 49, 56, 65]": 16
          },
          "[:\"&.\", 30, 56, 93, 56, 121]": {
            "[:then, 31, 56, 93, 56, 121]": 16,
            "[:else, 32, 56, 93, 56, 121]": 0
          },
          "[:if, 33, 72, 4, 74, 7]": {
            "[:then, 34, 73, 6, 73, 110]": 0,
            "[:else, 35, 72, 4, 74, 7]": 16
          },
          "[:\"&.\", 36, 79, 44, 79, 74]": {
            "[:then, 37, 79, 44, 79, 74]": 0,
            "[:else, 38, 79, 44, 79, 74]": 0
          },
          "[:\"&.\", 39, 79, 44, 79, 86]": {
            "[:then, 40, 79, 44, 79, 86]": 0,
            "[:else, 41, 79, 44, 79, 86]": 0
          }
        }
      },
      "/Users/harshwadhawe/Code/Fall 25/SE/Project 1/Project-1-SE/pc_builder/app/models/cooler.rb": {
        "lines": [
          1,
          null
        ],
        "branches": {}
      },
      "/Users/harshwadhawe/Code/Fall 25/SE/Project 1/Project-1-SE/pc_builder/app/controllers/cpus_controller.rb": {
        "lines": [
          1,
          1,
          null,
          1,
          1,
          1,
          null,
          null,
          1,
          null,
          null
        ],
        "branches": {}
      },
      "/Users/harshwadhawe/Code/Fall 25/SE/Project 1/Project-1-SE/pc_builder/app/controllers/gpus_controller.rb": {
        "lines": [
          1,
          1,
          null,
          1,
          1,
          1,
          null,
          null,
          1,
          null,
          null
        ],
        "branches": {}
      },
      "/Users/harshwadhawe/Code/Fall 25/SE/Project 1/Project-1-SE/pc_builder/app/controllers/memories_controller.rb": {
        "lines": [
          1,
          1,
          null,
          1,
          1,
          1,
          null,
          null,
          1,
          null,
          null
        ],
        "branches": {}
      },
      "/Users/harshwadhawe/Code/Fall 25/SE/Project 1/Project-1-SE/pc_builder/app/models/memory.rb": {
        "lines": [
          1,
          null
        ],
        "branches": {}
      },
      "/Users/harshwadhawe/Code/Fall 25/SE/Project 1/Project-1-SE/pc_builder/app/controllers/motherboards_controller.rb": {
        "lines": [
          1,
          1,
          null,
          1,
          1,
          1,
          null,
          null,
          1,
          null,
          null
        ],
        "branches": {}
      },
      "/Users/harshwadhawe/Code/Fall 25/SE/Project 1/Project-1-SE/pc_builder/app/models/motherboard.rb": {
        "lines": [
          1,
          null
        ],
        "branches": {}
      },
      "/Users/harshwadhawe/Code/Fall 25/SE/Project 1/Project-1-SE/pc_builder/app/controllers/pc_cases_controller.rb": {
        "lines": [
          1,
          1,
          null,
          1,
          1,
          1,
          null,
          null,
          1,
          null,
          null
        ],
        "branches": {}
      },
      "/Users/harshwadhawe/Code/Fall 25/SE/Project 1/Project-1-SE/pc_builder/app/models/pc_case.rb": {
        "lines": [
          1,
          null,
          null,
          null,
          1
        ],
        "branches": {}
      },
      "/Users/harshwadhawe/Code/Fall 25/SE/Project 1/Project-1-SE/pc_builder/app/controllers/psus_controller.rb": {
        "lines": [
          1,
          1,
          null,
          1,
          1,
          1,
          null,
          null,
          1,
          null
        ],
        "branches": {}
      },
      "/Users/harshwadhawe/Code/Fall 25/SE/Project 1/Project-1-SE/pc_builder/app/models/psu.rb": {
        "lines": [
          1,
          null
        ],
        "branches": {}
      },
      "/Users/harshwadhawe/Code/Fall 25/SE/Project 1/Project-1-SE/pc_builder/app/controllers/storages_controller.rb": {
        "lines": [
          1,
          1,
          null,
          1,
          1,
          1,
          null,
          null,
          1,
          null,
          null
        ],
        "branches": {}
      },
      "/Users/harshwadhawe/Code/Fall 25/SE/Project 1/Project-1-SE/pc_builder/app/models/storage.rb": {
        "lines": [
          1,
          null
        ],
        "branches": {}
      },
      "/Users/harshwadhawe/Code/Fall 25/SE/Project 1/Project-1-SE/pc_builder/app/controllers/build_items_controller.rb": {
        "lines": [
          0,
          0,
          0,
          0,
          0,
          0,
          0,
          0,
          null,
          0,
          0,
          0,
          0,
          0,
          0,
          0,
          0,
          null,
          0,
          0,
          0,
          0,
          null,
          0,
          null,
          0,
          0
        ],
        "branches": {}
      },
      "/Users/harshwadhawe/Code/Fall 25/SE/Project 1/Project-1-SE/pc_builder/app/controllers/builds_controller.rb": {
        "lines": [
          0,
          null,
          null,
          0,
          0,
          0,
          null,
          0,
          0,
          0,
          0,
          0,
          null,
          0,
          0,
          0,
          0,
          0,
          0,
          0,
          0,
          0,
          0,
          0,
          0,
          0,
          0,
          0,
          0,
          0,
          0,
          0,
          0,
          null,
          null,
          0,
          0,
          0,
          0,
          null,
          0,
          0,
          0,
          0,
          0,
          null,
          0,
          0,
          null,
          null,
          0,
          null,
          0,
          0,
          0,
          0,
          0,
          0,
          0,
          0,
          0,
          0,
          0,
          0,
          null,
          null,
          0,
          0,
          null,
          null,
          0,
          0,
          0,
          null,
          0,
          0,
          null,
          0,
          null,
          0,
          null,
          0,
          0,
          0,
          0,
          0,
          0,
          0,
          0,
          0,
          0,
          0,
          0,
          0,
          null,
          null,
          0,
          0,
          null,
          0,
          0,
          0,
          0,
          null,
          0,
          0,
          0,
          null,
          0,
          null,
          0,
          0,
          0,
          null,
          null,
          0,
          0,
          0,
          0,
          0,
          null,
          0,
          0,
          0,
          0,
          0,
          0,
          0,
          0,
          0,
          0,
          0,
          0,
          0,
          null,
          0,
          0,
          0,
          0
        ],
        "branches": {}
      },
      "/Users/harshwadhawe/Code/Fall 25/SE/Project 1/Project-1-SE/pc_builder/app/controllers/home_controller.rb": {
        "lines": [
          0,
          null,
          0,
          0,
          null,
          0,
          0,
          null,
          0,
          0,
          0,
          0,
          0,
          0,
          0,
          0,
          0,
          0,
          null,
          0,
          null,
          null,
          0,
          0,
          0,
          0,
          0,
          0,
          0,
          0,
          null,
          0,
          null,
          0,
          0,
          null,
          null,
          0,
          0,
          0,
          0,
          null,
          0,
          null,
          0,
          0,
          0,
          0
        ],
        "branches": {}
      },
      "/Users/harshwadhawe/Code/Fall 25/SE/Project 1/Project-1-SE/pc_builder/app/controllers/parts_controller.rb": {
        "lines": [
          0,
          null,
          0,
          0,
          null,
          0,
          0,
          null,
          0,
          0,
          0,
          0,
          0,
          0,
          0,
          0,
          0,
          null,
          null,
          0,
          0,
          0,
          0,
          0,
          null,
          0,
          0,
          0,
          0,
          0,
          0,
          null,
          null,
          0,
          null,
          0,
          0,
          0,
          null,
          0,
          0,
          0,
          0
        ],
        "branches": {}
      },
      "/Users/harshwadhawe/Code/Fall 25/SE/Project 1/Project-1-SE/pc_builder/app/controllers/sessions_controller.rb": {
        "lines": [
          0,
          null,
          0,
          null,
          0,
          null,
          0,
          0,
          null,
          0,
          0,
          null,
          0,
          0,
          null,
          null,
          0,
          0,
          0,
          0,
          0,
          0,
          null,
          0,
          0,
          0,
          0,
          0,
          0,
          0,
          0,
          0,
          null,
          0,
          0,
          0,
          0,
          0,
          null,
          null,
          0,
          null,
          0,
          0,
          0,
          0,
          0,
          0,
          null,
          0,
          0,
          0,
          0,
          0,
          null,
          0,
          null,
          0,
          0,
          0,
          0
        ],
        "branches": {}
      },
      "/Users/harshwadhawe/Code/Fall 25/SE/Project 1/Project-1-SE/pc_builder/app/controllers/users_controller.rb": {
        "lines": [
          0,
          null,
          0,
          null,
          0,
          0,
          null,
          0,
          0,
          0,
          0,
          null,
          null,
          0,
          0,
          0,
          0,
          0,
          null,
          0,
          0,
          0,
          0,
          null,
          null,
          0,
          0,
          0,
          null,
          0,
          0,
          0,
          0,
          null,
          0,
          0,
          null,
          0,
          null,
          0,
          null,
          0,
          0,
          0,
          0,
          0,
          0,
          null,
          0,
          0,
          0,
          0,
          0,
          0,
          0,
          0,
          0,
          null,
          0,
          null,
          0,
          0,
          0,
          null,
          0,
          0,
          0,
          0
        ],
        "branches": {}
      },
      "/Users/harshwadhawe/Code/Fall 25/SE/Project 1/Project-1-SE/pc_builder/app/jobs/application_job.rb": {
        "lines": [
          0,
          null,
          null,
          null,
          null,
          null,
          0
        ],
        "branches": {}
      },
      "/Users/harshwadhawe/Code/Fall 25/SE/Project 1/Project-1-SE/pc_builder/app/lib/database_logger.rb": {
        "lines": [
          null,
          null,
          null,
          0,
          0,
          null,
          0,
          null,
          0,
          0,
          0,
          0,
          0,
          0,
          null,
          0,
          0,
          0,
          0,
          null,
          0,
          0,
          0,
          null,
          0,
          null,
          0,
          0,
          null,
          0,
          null,
          0,
          0,
          0,
          null,
          0,
          0,
          0,
          null,
          0,
          null,
          0,
          0,
          0,
          null,
          0,
          0,
          0,
          0,
          0,
          0,
          0,
          0,
          null,
          0,
          0,
          0,
          0,
          0,
          0,
          0,
          null,
          0,
          0,
          0,
          null,
          0,
          0,
          0,
          null,
          0,
          null,
          0,
          0,
          0,
          0,
          0,
          0,
          0,
          0,
          0,
          0,
          0,
          0,
          0,
          0,
          null,
          0
        ],
        "branches": {}
      },
      "/Users/harshwadhawe/Code/Fall 25/SE/Project 1/Project-1-SE/pc_builder/app/lib/logging_helpers.rb": {
        "lines": [
          null,
          null,
          null,
          0,
          0,
          null,
          0,
          null,
          0,
          null,
          0,
          0,
          0,
          0,
          0,
          null,
          null,
          0,
          0,
          0,
          0,
          0,
          null,
          0,
          0,
          0,
          0,
          0,
          0,
          0,
          null,
          0,
          0,
          0,
          0,
          null,
          0,
          0,
          null,
          0,
          0,
          0,
          0,
          0,
          null,
          0,
          0,
          null,
          0,
          0,
          0,
          0,
          null,
          0,
          null,
          0,
          0,
          0,
          null,
          0,
          0,
          null,
          null,
          0,
          0,
          0,
          0,
          null,
          null,
          0,
          0,
          0,
          null,
          null,
          0,
          0,
          0,
          null,
          null,
          0,
          0,
          0,
          0,
          0,
          0,
          null,
          null,
          0,
          0,
          0,
          null,
          0,
          0,
          0,
          null,
          null,
          0,
          0,
          0,
          0,
          0,
          null,
          0,
          0,
          0,
          0,
          0,
          0,
          0,
          null,
          null,
          0,
          0,
          0,
          0,
          null,
          0,
          null,
          0,
          0,
          null,
          0,
          null,
          0,
          0,
          0,
          null,
          0,
          0,
          0,
          null,
          0
        ],
        "branches": {}
      },
      "/Users/harshwadhawe/Code/Fall 25/SE/Project 1/Project-1-SE/pc_builder/app/mailers/application_mailer.rb": {
        "lines": [
          0,
          0,
          0,
          0
        ],
        "branches": {}
      }
    },
    "timestamp": 1759690580
  }
}
