{
  "RSpec": {
    "coverage": {
      "/Users/harshwadhawe/Code/Fall 25/SE/Project 1/Project-1-SE/app/helpers/application_helper.rb": {
        "lines": [
          null,
          null,
          1,
          null
        ],
        "branches": {}
      },
      "/Users/harshwadhawe/Code/Fall 25/SE/Project 1/Project-1-SE/app/helpers/build_items_helper.rb": {
        "lines": [
          null,
          null,
          1,
          null
        ],
        "branches": {}
      },
      "/Users/harshwadhawe/Code/Fall 25/SE/Project 1/Project-1-SE/app/helpers/builds_helper.rb": {
        "lines": [
          null,
          null,
          1,
          null
        ],
        "branches": {}
      },
      "/Users/harshwadhawe/Code/Fall 25/SE/Project 1/Project-1-SE/app/helpers/coolers_helper.rb": {
        "lines": [
          null,
          null,
          1,
          null
        ],
        "branches": {}
      },
      "/Users/harshwadhawe/Code/Fall 25/SE/Project 1/Project-1-SE/app/helpers/cpus_helper.rb": {
        "lines": [
          null,
          null,
          1,
          null
        ],
        "branches": {}
      },
      "/Users/harshwadhawe/Code/Fall 25/SE/Project 1/Project-1-SE/app/helpers/gpus_helper.rb": {
        "lines": [
          null,
          null,
          1,
          null
        ],
        "branches": {}
      },
      "/Users/harshwadhawe/Code/Fall 25/SE/Project 1/Project-1-SE/app/helpers/home_helper.rb": {
        "lines": [
          null,
          null,
          1,
          null
        ],
        "branches": {}
      },
      "/Users/harshwadhawe/Code/Fall 25/SE/Project 1/Project-1-SE/app/helpers/memories_helper.rb": {
        "lines": [
          null,
          null,
          1,
          null
        ],
        "branches": {}
      },
      "/Users/harshwadhawe/Code/Fall 25/SE/Project 1/Project-1-SE/app/helpers/motherboards_helper.rb": {
        "lines": [
          null,
          null,
          1,
          null
        ],
        "branches": {}
      },
      "/Users/harshwadhawe/Code/Fall 25/SE/Project 1/Project-1-SE/app/helpers/parts_helper.rb": {
        "lines": [
          null,
          null,
          1,
          null
        ],
        "branches": {}
      },
      "/Users/harshwadhawe/Code/Fall 25/SE/Project 1/Project-1-SE/app/helpers/pc_cases_helper.rb": {
        "lines": [
          null,
          null,
          1,
          null
        ],
        "branches": {}
      },
      "/Users/harshwadhawe/Code/Fall 25/SE/Project 1/Project-1-SE/app/helpers/psus_helper.rb": {
        "lines": [
          null,
          null,
          1,
          null
        ],
        "branches": {}
      },
      "/Users/harshwadhawe/Code/Fall 25/SE/Project 1/Project-1-SE/app/helpers/storages_helper.rb": {
        "lines": [
          null,
          null,
          1,
          null
        ],
        "branches": {}
      },
      "/Users/harshwadhawe/Code/Fall 25/SE/Project 1/Project-1-SE/app/helpers/users_helper.rb": {
        "lines": [
          null,
          null,
          1,
          null
        ],
        "branches": {}
      },
      "/Users/harshwadhawe/Code/Fall 25/SE/Project 1/Project-1-SE/app/jobs/application_job.rb": {
        "lines": [
          null,
          null,
          1,
          null,
          null,
          null,
          null,
          null,
          null
        ],
        "branches": {}
      },
      "/Users/harshwadhawe/Code/Fall 25/SE/Project 1/Project-1-SE/app/lib/database_logger.rb": {
        "lines": [
          null,
          null,
          null,
          null,
          null,
          1,
          1,
          null,
          1,
          null,
          15,
          15,
          15,
          15,
          15,
          null,
          null,
          1,
          1,
          3,
          null,
          null,
          1,
          11,
          11,
          null,
          11,
          null,
          11,
          11,
          6,
          5,
          1,
          null,
          4,
          null,
          null,
          11,
          null,
          11,
          null,
          11,
          null,
          null,
          null,
          1,
          null,
          1,
          3,
          null,
          null,
          1,
          5,
          2,
          null,
          3,
          3,
          null,
          null,
          null,
          1,
          4,
          2,
          null,
          2,
          null,
          null,
          null,
          1,
          2,
          null,
          null,
          1,
          2,
          null,
          null,
          1,
          null,
          41,
          null,
          3,
          null,
          2,
          null,
          20,
          20,
          null,
          10,
          null,
          null,
          4,
          null,
          12,
          12,
          null,
          3,
          null,
          null,
          null,
          null,
          null,
          1
        ],
        "branches": {
          "[:if, 0, 30, 14, 36, 17]": {
            "[:then, 1, 31, 16, 31, 28]": 6,
            "[:else, 2, 32, 14, 36, 17]": 5
          },
          "[:if, 3, 32, 14, 36, 17]": {
            "[:then, 4, 33, 16, 33, 27]": 1,
            "[:else, 5, 35, 16, 35, 17]": 4
          },
          "[:if, 6, 40, 6, 40, 114]": {
            "[:then, 7, 40, 6, 40, 96]": 2,
            "[:else, 8, 40, 6, 40, 114]": 9
          },
          "[:if, 9, 53, 4, 58, 7]": {
            "[:then, 10, 54, 6, 54, 84]": 2,
            "[:else, 11, 56, 6, 57, 101]": 3
          },
          "[:if, 12, 62, 4, 66, 7]": {
            "[:then, 13, 63, 6, 63, 94]": 2,
            "[:else, 14, 65, 6, 65, 71]": 2
          },
          "[:case, 15, 79, 4, 98, 7]": {
            "[:when, 16, 81, 6, 81, 26]": 3,
            "[:when, 17, 83, 6, 83, 34]": 2,
            "[:when, 18, 85, 6, 89, 11]": 20,
            "[:when, 19, 91, 6, 91, 55]": 4,
            "[:else, 20, 93, 6, 97, 11]": 12
          },
          "[:\"&.\", 21, 91, 9, 91, 19]": {
            "[:then, 22, 91, 9, 91, 19]": 2,
            "[:else, 23, 91, 9, 91, 19]": 2
          }
        }
      },
      "/Users/harshwadhawe/Code/Fall 25/SE/Project 1/Project-1-SE/app/lib/logging_helpers.rb": {
        "lines": [
          null,
          null,
          null,
          null,
          null,
          1,
          1,
          null,
          1,
          null,
          null,
          null,
          1,
          1,
          3,
          null,
          null,
          null,
          null,
          1,
          4,
          4,
          4,
          null,
          null,
          1,
          3,
          3,
          3,
          3,
          3,
          null,
          null,
          1,
          4,
          4,
          4,
          null,
          4,
          4,
          null,
          4,
          2,
          null,
          2,
          null,
          null,
          4,
          null,
          null,
          1,
          4,
          4,
          4,
          null,
          4,
          null,
          4,
          2,
          null,
          null,
          4,
          null,
          null,
          null,
          1,
          3,
          3,
          null,
          null,
          null,
          1,
          2,
          null,
          null,
          null,
          1,
          3,
          null,
          null,
          null,
          1,
          3,
          3,
          3,
          null,
          null,
          null,
          null,
          1,
          1,
          null,
          null,
          1,
          1,
          null,
          null,
          null,
          1,
          1,
          8,
          null,
          8,
          8,
          7,
          7,
          null,
          null,
          8,
          null,
          null,
          6,
          null,
          null,
          null,
          null,
          1,
          1,
          4,
          4,
          null,
          4,
          null,
          4,
          4,
          null,
          4,
          null,
          4,
          null,
          4,
          null,
          null,
          null,
          1
        ],
        "branches": {
          "[:if, 0, 22, 14, 22, 55]": {
            "[:then, 1, 22, 39, 22, 50]": 2,
            "[:else, 2, 22, 53, 22, 55]": 2
          },
          "[:if, 3, 28, 14, 28, 55]": {
            "[:then, 4, 28, 39, 28, 50]": 3,
            "[:else, 5, 28, 53, 28, 55]": 0
          },
          "[:if, 6, 30, 4, 30, 101]": {
            "[:then, 7, 30, 4, 30, 85]": 2,
            "[:else, 8, 30, 4, 30, 101]": 1
          },
          "[:\"&.\", 9, 31, 70, 31, 95]": {
            "[:then, 10, 31, 70, 31, 95]": 3,
            "[:else, 11, 31, 70, 31, 95]": 0
          },
          "[:\"&.\", 12, 31, 70, 31, 107]": {
            "[:then, 13, 31, 70, 31, 107]": 3,
            "[:else, 14, 31, 70, 31, 107]": 0
          },
          "[:if, 15, 40, 14, 40, 55]": {
            "[:then, 16, 40, 39, 40, 50]": 4,
            "[:else, 17, 40, 53, 40, 55]": 0
          },
          "[:if, 18, 42, 4, 46, 7]": {
            "[:then, 19, 43, 6, 43, 120]": 2,
            "[:else, 20, 45, 6, 45, 118]": 2
          },
          "[:if, 21, 58, 4, 60, 7]": {
            "[:then, 22, 59, 6, 59, 87]": 2,
            "[:else, 23, 58, 4, 60, 7]": 2
          },
          "[:if, 24, 67, 16, 67, 53]": {
            "[:then, 25, 67, 26, 67, 43]": 2,
            "[:else, 26, 67, 46, 67, 53]": 1
          },
          "[:if, 27, 84, 4, 84, 95]": {
            "[:then, 28, 84, 4, 84, 74]": 2,
            "[:else, 29, 84, 4, 84, 95]": 1
          },
          "[:if, 30, 85, 4, 85, 98]": {
            "[:then, 31, 85, 4, 85, 76]": 2,
            "[:else, 32, 85, 4, 85, 98]": 1
          },
          "[:unless, 33, 101, 4, 101, 30]": {
            "[:else, 34, 101, 4, 101, 30]": 8,
            "[:then, 35, 101, 4, 101, 10]": 0
          },
          "[:if, 36, 104, 19, 107, 22]": {
            "[:then, 37, 105, 21, 106, 37]": 7,
            "[:else, 38, 104, 19, 107, 22]": 1
          },
          "[:\"&.\", 39, 106, 21, 106, 37]": {
            "[:then, 40, 106, 21, 106, 37]": 6,
            "[:else, 41, 106, 21, 106, 37]": 1
          },
          "[:if, 42, 109, 32, 109, 69]": {
            "[:then, 43, 109, 51, 109, 64]": 6,
            "[:else, 44, 109, 67, 109, 69]": 2
          },
          "[:if, 45, 112, 32, 112, 85]": {
            "[:then, 46, 112, 47, 112, 73]": 6,
            "[:else, 47, 112, 76, 112, 85]": 2
          },
          "[:if, 48, 129, 4, 129, 107]": {
            "[:then, 49, 129, 4, 129, 89]": 2,
            "[:else, 50, 129, 4, 129, 107]": 2
          }
        }
      },
      "/Users/harshwadhawe/Code/Fall 25/SE/Project 1/Project-1-SE/app/mailers/application_mailer.rb": {
        "lines": [
          null,
          null,
          1,
          1,
          1,
          null
        ],
        "branches": {}
      },
      "/Users/harshwadhawe/Code/Fall 25/SE/Project 1/Project-1-SE/app/models/build_item.rb": {
        "lines": [
          null,
          null,
          1,
          1,
          1,
          1,
          null,
          1,
          1,
          1,
          1,
          1,
          null,
          null,
          1,
          4,
          4,
          4,
          null,
          null,
          1,
          4,
          4,
          4,
          null,
          null,
          1,
          null,
          1,
          76,
          null,
          null,
          1,
          76,
          null,
          null,
          1,
          7,
          null,
          null,
          1,
          90,
          6,
          null,
          84,
          null,
          null,
          null,
          1,
          5,
          null,
          5,
          null,
          null
        ],
        "branches": {
          "[:\"&.\", 0, 30, 58, 30, 68]": {
            "[:then, 1, 30, 58, 30, 68]": 76,
            "[:else, 2, 30, 58, 30, 68]": 0
          },
          "[:\"&.\", 3, 30, 100, 30, 111]": {
            "[:then, 4, 30, 100, 30, 111]": 76,
            "[:else, 5, 30, 100, 30, 111]": 0
          },
          "[:if, 6, 42, 4, 46, 7]": {
            "[:then, 7, 43, 6, 43, 117]": 6,
            "[:else, 8, 45, 6, 45, 82]": 84
          },
          "[:unless, 9, 50, 4, 50, 36]": {
            "[:else, 10, 50, 4, 50, 36]": 5,
            "[:then, 11, 50, 4, 50, 10]": 0
          }
        }
      },
      "/Users/harshwadhawe/Code/Fall 25/SE/Project 1/Project-1-SE/app/models/application_record.rb": {
        "lines": [
          null,
          null,
          1,
          1,
          null
        ],
        "branches": {}
      },
      "/Users/harshwadhawe/Code/Fall 25/SE/Project 1/Project-1-SE/app/models/build.rb": {
        "lines": [
          null,
          null,
          1,
          1,
          1,
          1,
          null,
          1,
          null,
          1,
          1,
          1,
          1,
          1,
          null,
          null,
          1,
          27,
          27,
          27,
          null,
          null,
          1,
          21,
          21,
          21,
          null,
          null,
          1,
          1,
          1,
          1,
          null,
          null,
          null,
          1,
          9,
          9,
          9,
          9,
          9,
          null,
          null,
          1,
          null,
          7,
          null,
          null,
          null,
          null,
          null,
          null,
          null,
          null,
          null,
          null,
          7,
          7,
          null,
          7,
          7,
          null,
          null,
          1,
          4,
          null,
          null,
          1,
          2,
          null,
          1,
          null,
          null,
          1,
          3,
          null,
          2,
          null,
          1,
          1,
          null,
          null,
          1,
          null,
          1,
          147,
          null,
          null,
          1,
          147,
          null,
          null,
          1,
          4,
          null,
          null,
          1,
          175,
          6,
          null,
          169,
          null,
          null,
          null,
          1,
          19,
          null,
          18,
          null,
          null
        ],
        "branches": {
          "[:\"&.\", 0, 52, 17, 52, 27]": {
            "[:then, 1, 52, 17, 52, 27]": 7,
            "[:else, 2, 52, 17, 52, 27]": 0
          },
          "[:unless, 3, 69, 4, 69, 29]": {
            "[:else, 4, 69, 4, 69, 29]": 1,
            "[:then, 5, 69, 4, 69, 14]": 1
          },
          "[:unless, 6, 75, 4, 75, 41]": {
            "[:else, 7, 75, 4, 75, 41]": 2,
            "[:then, 8, 75, 4, 75, 13]": 1
          },
          "[:if, 9, 98, 4, 102, 7]": {
            "[:then, 10, 99, 6, 99, 118]": 6,
            "[:else, 11, 101, 6, 101, 83]": 169
          },
          "[:unless, 12, 106, 4, 106, 36]": {
            "[:else, 13, 106, 4, 106, 36]": 18,
            "[:then, 14, 106, 4, 106, 10]": 1
          }
        }
      },
      "/Users/harshwadhawe/Code/Fall 25/SE/Project 1/Project-1-SE/app/models/cooler.rb": {
        "lines": [
          null,
          null,
          1,
          null
        ],
        "branches": {}
      },
      "/Users/harshwadhawe/Code/Fall 25/SE/Project 1/Project-1-SE/app/models/part.rb": {
        "lines": [
          null,
          null,
          1,
          1,
          1,
          1,
          null,
          1,
          1,
          1,
          null,
          1,
          1,
          1,
          1,
          1,
          null,
          1,
          2,
          null,
          null,
          1,
          3,
          null,
          null,
          null,
          1,
          1,
          null,
          null,
          null,
          1,
          353,
          null,
          349,
          349,
          349,
          null,
          null,
          1,
          1,
          1,
          1,
          null,
          null,
          1,
          null,
          1,
          349,
          null,
          null,
          1,
          349,
          null,
          null,
          1,
          1,
          null,
          null,
          1,
          370,
          15,
          null,
          355,
          null,
          null,
          null,
          1,
          1,
          null,
          1,
          null,
          null
        ],
        "branches": {
          "[:\"&.\", 0, 19, 4, 19, 26]": {
            "[:then, 1, 19, 4, 19, 26]": 1,
            "[:else, 2, 19, 4, 19, 26]": 1
          },
          "[:if, 3, 23, 4, 23, 80]": {
            "[:then, 4, 23, 4, 23, 60]": 2,
            "[:else, 5, 23, 4, 23, 80]": 1
          },
          "[:unless, 6, 33, 4, 33, 31]": {
            "[:else, 7, 33, 4, 33, 31]": 349,
            "[:then, 8, 33, 4, 33, 12]": 4
          },
          "[:if, 9, 61, 4, 65, 7]": {
            "[:then, 10, 62, 6, 62, 128]": 15,
            "[:else, 11, 64, 6, 64, 93]": 355
          },
          "[:unless, 12, 69, 4, 69, 36]": {
            "[:else, 13, 69, 4, 69, 36]": 1,
            "[:then, 14, 69, 4, 69, 10]": 0
          }
        }
      },
      "/Users/harshwadhawe/Code/Fall 25/SE/Project 1/Project-1-SE/app/models/cpu.rb": {
        "lines": [
          null,
          null,
          1,
          null,
          1,
          null,
          null,
          null,
          1,
          null,
          1,
          3,
          3,
          3,
          null,
          null,
          1,
          null,
          1,
          164,
          8,
          null,
          156,
          156,
          70,
          null,
          null,
          null,
          null
        ],
        "branches": {
          "[:if, 0, 20, 4, 27, 7]": {
            "[:then, 1, 21, 6, 21, 121]": 8,
            "[:else, 2, 23, 6, 26, 9]": 156
          },
          "[:if, 3, 24, 6, 26, 9]": {
            "[:then, 4, 25, 8, 25, 142]": 70,
            "[:else, 5, 24, 6, 26, 9]": 86
          }
        }
      },
      "/Users/harshwadhawe/Code/Fall 25/SE/Project 1/Project-1-SE/app/models/gpu.rb": {
        "lines": [
          null,
          null,
          1,
          null
        ],
        "branches": {}
      },
      "/Users/harshwadhawe/Code/Fall 25/SE/Project 1/Project-1-SE/app/models/memory.rb": {
        "lines": [
          null,
          null,
          1,
          null
        ],
        "branches": {}
      },
      "/Users/harshwadhawe/Code/Fall 25/SE/Project 1/Project-1-SE/app/models/motherboard.rb": {
        "lines": [
          null,
          null,
          1,
          null
        ],
        "branches": {}
      },
      "/Users/harshwadhawe/Code/Fall 25/SE/Project 1/Project-1-SE/app/models/pc_case.rb": {
        "lines": [
          null,
          null,
          1,
          null,
          null,
          null,
          1
        ],
        "branches": {}
      },
      "/Users/harshwadhawe/Code/Fall 25/SE/Project 1/Project-1-SE/app/models/psu.rb": {
        "lines": [
          null,
          null,
          1,
          null
        ],
        "branches": {}
      },
      "/Users/harshwadhawe/Code/Fall 25/SE/Project 1/Project-1-SE/app/models/storage.rb": {
        "lines": [
          null,
          null,
          1,
          null
        ],
        "branches": {}
      },
      "/Users/harshwadhawe/Code/Fall 25/SE/Project 1/Project-1-SE/app/models/user.rb": {
        "lines": [
          null,
          null,
          1,
          null,
          1,
          null,
          1,
          1,
          1,
          1,
          1,
          null,
          1,
          1,
          null,
          null,
          178,
          null,
          1,
          null,
          null,
          1,
          102,
          null,
          null,
          1,
          null,
          65,
          null,
          null,
          65,
          null,
          null,
          1,
          35,
          32,
          32,
          null,
          3,
          null,
          null,
          1,
          null,
          1,
          177,
          177,
          177,
          null,
          null,
          1,
          165,
          null,
          null,
          1,
          165,
          null,
          null,
          1,
          1,
          null,
          null,
          1,
          177,
          10,
          null,
          167,
          null,
          null,
          null
        ],
        "branches": {
          "[:if, 0, 47, 4, 47, 111]": {
            "[:then, 1, 47, 4, 47, 89]": 2,
            "[:else, 2, 47, 4, 47, 111]": 175
          },
          "[:if, 3, 63, 4, 67, 7]": {
            "[:then, 4, 64, 6, 64, 127]": 10,
            "[:else, 5, 66, 6, 66, 92]": 167
          }
        }
      },
      "/Users/harshwadhawe/Code/Fall 25/SE/Project 1/Project-1-SE/app/controllers/application_controller.rb": {
        "lines": [
          null,
          null,
          1,
          null,
          1,
          null,
          1,
          1,
          1,
          1,
          null,
          1,
          1,
          1,
          null,
          1,
          null,
          1,
          445,
          null,
          149,
          null,
          149,
          149,
          null,
          1,
          null,
          1,
          57,
          null,
          8,
          null,
          8,
          8,
          7,
          7,
          null,
          8,
          1,
          null,
          null,
          null,
          null,
          1,
          182,
          null,
          150,
          150,
          null,
          null,
          1,
          null,
          1,
          197,
          197,
          197,
          197,
          null,
          null,
          1,
          176,
          null,
          null,
          1,
          189,
          189,
          null,
          189,
          null,
          178,
          178,
          null,
          178,
          null,
          0,
          null,
          null,
          1,
          2,
          2,
          2,
          null,
          2,
          3,
          3,
          null,
          null,
          null,
          1,
          7,
          null,
          7,
          13,
          8,
          null,
          null,
          null,
          1,
          2,
          null,
          2,
          3,
          3,
          null,
          null,
          null,
          1,
          null,
          211,
          211,
          null,
          null
        ],
        "branches": {
          "[:if, 0, 19, 4, 19, 51]": {
            "[:then, 1, 19, 4, 19, 24]": 296,
            "[:else, 2, 19, 4, 19, 51]": 149
          },
          "[:if, 3, 21, 21, 21, 75]": {
            "[:then, 4, 21, 21, 21, 53]": 33,
            "[:else, 5, 21, 21, 21, 75]": 116
          },
          "[:if, 6, 23, 4, 23, 119]": {
            "[:then, 7, 23, 4, 23, 102]": 32,
            "[:else, 8, 23, 4, 23, 119]": 117
          },
          "[:\"&.\", 9, 23, 47, 23, 64]": {
            "[:then, 10, 23, 47, 23, 64]": 32,
            "[:else, 11, 23, 47, 23, 64]": 0
          },
          "[:\"&.\", 12, 23, 79, 23, 99]": {
            "[:then, 13, 23, 79, 23, 99]": 32,
            "[:else, 14, 23, 79, 23, 99]": 0
          },
          "[:if, 15, 29, 4, 29, 26]": {
            "[:then, 16, 29, 4, 29, 10]": 49,
            "[:else, 17, 29, 4, 29, 26]": 8
          },
          "[:if, 18, 45, 4, 45, 45]": {
            "[:then, 19, 45, 4, 45, 21]": 32,
            "[:else, 20, 45, 4, 45, 45]": 150
          },
          "[:if, 21, 47, 13, 47, 64]": {
            "[:then, 22, 47, 44, 47, 58]": 150,
            "[:else, 23, 47, 61, 47, 64]": 0
          },
          "[:\"&.\", 24, 54, 120, 54, 153]": {
            "[:then, 25, 54, 120, 54, 153]": 11,
            "[:else, 26, 54, 120, 54, 153]": 186
          },
          "[:unless, 27, 55, 4, 55, 81]": {
            "[:else, 28, 55, 4, 55, 81]": 0,
            "[:then, 29, 55, 4, 55, 60]": 197
          },
          "[:if, 30, 56, 21, 56, 89]": {
            "[:then, 31, 56, 53, 56, 68]": 197,
            "[:else, 32, 56, 71, 56, 89]": 0
          },
          "[:\"&.\", 33, 57, 49, 57, 65]": {
            "[:then, 34, 57, 49, 57, 65]": 67,
            "[:else, 35, 57, 49, 57, 65]": 130
          },
          "[:\"&.\", 36, 57, 93, 57, 121]": {
            "[:then, 37, 57, 93, 57, 121]": 197,
            "[:else, 38, 57, 93, 57, 121]": 0
          },
          "[:unless, 39, 73, 4, 73, 33]": {
            "[:else, 40, 73, 4, 73, 33]": 0,
            "[:then, 41, 73, 4, 73, 10]": 178
          },
          "[:\"&.\", 42, 80, 44, 80, 74]": {
            "[:then, 43, 80, 44, 80, 74]": 2,
            "[:else, 44, 80, 44, 80, 74]": 0
          },
          "[:\"&.\", 45, 80, 44, 80, 86]": {
            "[:then, 46, 80, 44, 80, 86]": 2,
            "[:else, 47, 80, 44, 80, 86]": 0
          }
        }
      },
      "/Users/harshwadhawe/Code/Fall 25/SE/Project 1/Project-1-SE/app/controllers/build_items_controller.rb": {
        "lines": [
          1,
          1,
          15,
          14,
          13,
          13,
          13,
          13,
          null,
          13,
          4,
          4,
          4,
          null,
          9,
          9,
          null,
          null,
          13,
          13,
          15,
          null,
          null,
          13,
          null,
          null,
          null,
          1,
          4,
          3,
          2,
          null,
          2,
          1,
          null,
          1,
          null,
          null,
          2,
          null
        ],
        "branches": {
          "[:if, 0, 10, 4, 17, 7]": {
            "[:then, 1, 11, 6, 13, 74]": 4,
            "[:else, 2, 15, 6, 16, 76]": 9
          },
          "[:if, 3, 33, 4, 37, 7]": {
            "[:then, 4, 34, 6, 34, 79]": 1,
            "[:else, 5, 36, 6, 36, 54]": 1
          }
        }
      },
      "/Users/harshwadhawe/Code/Fall 25/SE/Project 1/Project-1-SE/app/controllers/sessions_controller.rb": {
        "lines": [
          null,
          null,
          1,
          null,
          1,
          null,
          1,
          null,
          3,
          null,
          null,
          1,
          38,
          null,
          38,
          32,
          null,
          null,
          32,
          null,
          null,
          null,
          null,
          null,
          null,
          32,
          32,
          32,
          null,
          6,
          6,
          6,
          null,
          null,
          null,
          1,
          6,
          3,
          3,
          3,
          null,
          null,
          3,
          null,
          3,
          3,
          null,
          3,
          3,
          null,
          null,
          6,
          11,
          7,
          null,
          null,
          null,
          1,
          null,
          1,
          1,
          null,
          null
        ],
        "branches": {
          "[:\"&.\", 0, 15, 7, 15, 54]": {
            "[:then, 1, 15, 7, 15, 54]": 36,
            "[:else, 2, 15, 7, 15, 54]": 2
          },
          "[:if, 3, 15, 4, 33, 7]": {
            "[:then, 4, 16, 6, 28, 27]": 32,
            "[:else, 5, 30, 6, 32, 49]": 6
          },
          "[:if, 6, 37, 4, 50, 7]": {
            "[:then, 7, 38, 6, 46, 94]": 3,
            "[:else, 8, 48, 6, 49, 53]": 3
          }
        }
      },
      "/Users/harshwadhawe/Code/Fall 25/SE/Project 1/Project-1-SE/app/controllers/builds_controller.rb": {
        "lines": [
          null,
          null,
          1,
          null,
          1,
          null,
          1,
          1,
          1,
          1,
          null,
          1,
          9,
          9,
          9,
          null,
          null,
          1,
          12,
          12,
          12,
          null,
          12,
          null,
          null,
          12,
          4,
          4,
          4,
          4,
          null,
          12,
          12,
          null,
          null,
          1,
          3,
          3,
          3,
          null,
          null,
          1,
          9,
          9,
          null,
          9,
          5,
          9,
          6,
          null,
          null,
          4,
          7,
          4,
          1,
          null,
          null,
          null,
          null,
          null,
          1,
          1,
          1,
          null,
          null,
          1,
          4,
          3,
          3,
          null,
          1,
          1,
          null,
          null,
          null,
          1,
          2,
          2,
          1,
          1,
          null,
          1,
          1,
          null,
          null,
          null,
          null,
          null,
          1,
          8,
          null,
          null,
          null,
          8,
          null,
          8,
          1,
          7,
          2,
          5,
          5,
          0,
          0,
          null,
          0,
          null,
          null,
          null,
          7,
          null,
          null,
          6,
          null,
          6,
          null,
          null,
          6,
          null,
          6,
          null,
          null,
          null,
          null,
          6,
          null,
          null,
          null,
          6,
          null,
          1,
          null,
          null,
          6,
          null,
          6,
          null,
          1,
          1,
          null,
          1,
          1,
          null,
          null,
          1,
          4,
          null,
          4,
          null,
          2,
          null,
          1,
          null,
          null,
          null,
          null,
          4,
          3,
          3,
          null,
          2,
          null,
          1,
          null,
          null,
          null,
          null,
          4,
          null,
          null,
          2,
          null,
          null,
          1,
          null,
          1,
          21,
          null,
          null,
          1,
          9,
          null,
          2,
          2,
          3,
          3,
          null,
          null,
          null,
          1,
          54,
          null,
          null,
          1,
          13,
          13,
          13,
          null,
          null,
          1,
          17,
          null,
          17,
          null,
          null,
          153,
          17,
          17,
          null,
          null
        ],
        "branches": {
          "[:\"&.\", 0, 13, 70, 13, 86]": {
            "[:then, 1, 13, 70, 13, 86]": 1,
            "[:else, 2, 13, 70, 13, 86]": 8
          },
          "[:\"&.\", 3, 19, 81, 19, 97]": {
            "[:then, 4, 19, 81, 19, 97]": 8,
            "[:else, 5, 19, 81, 19, 97]": 4
          },
          "[:\"&.\", 6, 37, 75, 37, 91]": {
            "[:then, 7, 37, 75, 37, 91]": 0,
            "[:else, 8, 37, 75, 37, 91]": 3
          },
          "[:if, 9, 44, 4, 44, 46]": {
            "[:then, 10, 44, 4, 44, 30]": 4,
            "[:else, 11, 44, 4, 44, 46]": 5
          },
          "[:if, 12, 46, 4, 58, 7]": {
            "[:then, 13, 47, 6, 50, 9]": 5,
            "[:else, 14, 52, 6, 57, 9]": 4
          },
          "[:\"&.\", 15, 62, 78, 62, 94]": {
            "[:then, 16, 62, 78, 62, 94]": 1,
            "[:else, 17, 62, 78, 62, 94]": 0
          },
          "[:if, 18, 67, 4, 73, 7]": {
            "[:then, 19, 68, 6, 69, 67]": 3,
            "[:else, 20, 71, 6, 72, 49]": 1
          },
          "[:\"&.\", 21, 68, 82, 68, 98]": {
            "[:then, 22, 68, 82, 68, 98]": 3,
            "[:else, 23, 68, 82, 68, 98]": 0
          },
          "[:if, 24, 78, 4, 84, 7]": {
            "[:then, 25, 79, 6, 80, 72]": 1,
            "[:else, 26, 82, 6, 83, 58]": 1
          },
          "[:if, 27, 96, 6, 106, 9]": {
            "[:then, 28, 97, 8, 97, 10]": 1,
            "[:else, 29, 98, 6, 106, 9]": 7
          },
          "[:if, 30, 98, 6, 106, 9]": {
            "[:then, 31, 99, 8, 99, 23]": 2,
            "[:else, 32, 100, 6, 106, 9]": 5
          },
          "[:if, 33, 100, 6, 106, 9]": {
            "[:then, 34, 101, 8, 101, 23]": 5,
            "[:else, 35, 102, 6, 106, 9]": 0
          },
          "[:if, 36, 102, 6, 106, 9]": {
            "[:then, 37, 103, 8, 103, 11]": 0,
            "[:else, 38, 105, 8, 105, 10]": 0
          },
          "[:\"&.\", 39, 114, 53, 114, 74]": {
            "[:then, 40, 114, 53, 114, 74]": 6,
            "[:else, 41, 114, 53, 114, 74]": 0
          },
          "[:\"&.\", 42, 120, 21, 120, 40]": {
            "[:then, 43, 120, 21, 120, 40]": 6,
            "[:else, 44, 120, 21, 120, 40]": 0
          },
          "[:if, 45, 147, 4, 153, 7]": {
            "[:then, 46, 148, 6, 152, 9]": 2,
            "[:else, 47, 147, 4, 153, 7]": 2
          },
          "[:if, 48, 156, 4, 165, 7]": {
            "[:then, 49, 157, 6, 164, 9]": 3,
            "[:else, 50, 156, 4, 165, 7]": 1
          },
          "[:\"&.\", 51, 158, 9, 158, 28]": {
            "[:then, 52, 158, 9, 158, 28]": 3,
            "[:else, 53, 158, 9, 158, 28]": 0
          },
          "[:if, 54, 158, 6, 164, 9]": {
            "[:then, 55, 159, 8, 163, 11]": 2,
            "[:else, 56, 158, 6, 164, 9]": 1
          },
          "[:if, 57, 167, 4, 167, 115]": {
            "[:then, 58, 167, 4, 167, 92]": 2,
            "[:else, 59, 167, 4, 167, 115]": 2
          },
          "[:if, 60, 180, 4, 180, 88]": {
            "[:then, 61, 180, 4, 180, 10]": 7,
            "[:else, 62, 180, 4, 180, 88]": 2
          },
          "[:\"&.\", 63, 182, 38, 182, 54]": {
            "[:then, 64, 182, 38, 182, 54]": 2,
            "[:else, 65, 182, 38, 182, 54]": 0
          },
          "[:\"&.\", 66, 182, 94, 182, 104]": {
            "[:then, 67, 182, 94, 182, 104]": 2,
            "[:else, 68, 182, 94, 182, 104]": 0
          },
          "[:if, 69, 184, 32, 184, 73]": {
            "[:then, 70, 184, 41, 184, 59]": 1,
            "[:else, 71, 184, 62, 184, 73]": 0
          },
          "[:\"&.\", 72, 190, 74, 190, 90]": {
            "[:then, 73, 190, 74, 190, 90]": 30,
            "[:else, 74, 190, 74, 190, 90]": 24
          }
        }
      },
      "/Users/harshwadhawe/Code/Fall 25/SE/Project 1/Project-1-SE/app/controllers/parts_controller.rb": {
        "lines": [
          null,
          null,
          1,
          null,
          1,
          1,
          null,
          1,
          13,
          null,
          null,
          13,
          13,
          null,
          null,
          13,
          1,
          1,
          12,
          null,
          2,
          2,
          1,
          1,
          1,
          null,
          null,
          null,
          null,
          13,
          1,
          1,
          1,
          null,
          null,
          null,
          13,
          1,
          1,
          1,
          null,
          null,
          null,
          13,
          1,
          1,
          1,
          null,
          13,
          1,
          1,
          1,
          null,
          null,
          null,
          13,
          null,
          1,
          null,
          1,
          null,
          1,
          null,
          1,
          null,
          9,
          9,
          null,
          null,
          13,
          13,
          null,
          13,
          13,
          13,
          13,
          null,
          null,
          13,
          13,
          null,
          null,
          1,
          1,
          1,
          1,
          1,
          null,
          null,
          1,
          null,
          1,
          14,
          null,
          null,
          1,
          57,
          null,
          null
        ],
        "branches": {
          "[:\"&.\", 0, 9, 45, 9, 61]": {
            "[:then, 1, 9, 45, 9, 61]": 1,
            "[:else, 2, 9, 45, 9, 61]": 12
          },
          "[:if, 3, 16, 4, 27, 7]": {
            "[:then, 4, 17, 6, 18, 48]": 1,
            "[:else, 5, 19, 4, 27, 7]": 12
          },
          "[:if, 6, 19, 4, 27, 7]": {
            "[:then, 7, 21, 6, 26, 9]": 2,
            "[:else, 8, 19, 4, 27, 7]": 10
          },
          "[:if, 9, 22, 6, 26, 9]": {
            "[:then, 10, 23, 8, 25, 34]": 1,
            "[:else, 11, 22, 6, 26, 9]": 1
          },
          "[:if, 12, 30, 4, 34, 7]": {
            "[:then, 13, 31, 6, 33, 71]": 1,
            "[:else, 14, 30, 4, 34, 7]": 12
          },
          "[:if, 15, 37, 4, 41, 7]": {
            "[:then, 16, 38, 6, 40, 69]": 1,
            "[:else, 17, 37, 4, 41, 7]": 12
          },
          "[:if, 18, 44, 4, 48, 7]": {
            "[:then, 19, 45, 6, 47, 70]": 1,
            "[:else, 20, 44, 4, 48, 7]": 12
          },
          "[:if, 21, 49, 4, 53, 7]": {
            "[:then, 22, 50, 6, 52, 70]": 1,
            "[:else, 23, 49, 4, 53, 7]": 12
          },
          "[:case, 24, 56, 4, 68, 7]": {
            "[:when, 25, 58, 6, 58, 82]": 1,
            "[:when, 26, 60, 6, 60, 83]": 1,
            "[:when, 27, 62, 6, 62, 64]": 1,
            "[:when, 28, 64, 6, 64, 65]": 1,
            "[:else, 29, 66, 6, 67, 49]": 9
          },
          "[:unless, 30, 71, 4, 71, 44]": {
            "[:else, 31, 71, 4, 71, 44]": 13,
            "[:then, 32, 71, 4, 71, 10]": 0
          },
          "[:unless, 33, 76, 4, 76, 44]": {
            "[:else, 34, 76, 4, 76, 44]": 13,
            "[:then, 35, 76, 4, 76, 10]": 0
          },
          "[:\"&.\", 36, 84, 80, 84, 96]": {
            "[:then, 37, 84, 80, 84, 96]": 0,
            "[:else, 38, 84, 80, 84, 96]": 1
          },
          "[:\"&.\", 39, 93, 74, 93, 90]": {
            "[:then, 40, 93, 74, 93, 90]": 1,
            "[:else, 41, 93, 74, 93, 90]": 13
          }
        }
      },
      "/Users/harshwadhawe/Code/Fall 25/SE/Project 1/Project-1-SE/app/controllers/users_controller.rb": {
        "lines": [
          null,
          null,
          1,
          null,
          1,
          null,
          1,
          1,
          null,
          1,
          2,
          2,
          2,
          null,
          null,
          2,
          null,
          2,
          2,
          null,
          null,
          1,
          3,
          3,
          2,
          null,
          null,
          2,
          2,
          null,
          null,
          1,
          3,
          3,
          null,
          null,
          1,
          11,
          null,
          11,
          null,
          6,
          null,
          6,
          null,
          null,
          null,
          null,
          null,
          null,
          6,
          6,
          6,
          null,
          5,
          5,
          5,
          null,
          null,
          null,
          1,
          null,
          1,
          11,
          null,
          null,
          1,
          19,
          null,
          null
        ],
        "branches": {
          "[:\"&.\", 0, 11, 68, 11, 84]": {
            "[:then, 1, 11, 68, 11, 84]": 2,
            "[:else, 2, 11, 68, 11, 84]": 0
          },
          "[:unless, 3, 16, 4, 16, 44]": {
            "[:else, 4, 16, 4, 16, 44]": 2,
            "[:then, 5, 16, 4, 16, 10]": 0
          },
          "[:\"&.\", 6, 23, 91, 23, 107]": {
            "[:then, 7, 23, 91, 23, 107]": 3,
            "[:else, 8, 23, 91, 23, 107]": 0
          },
          "[:if, 9, 40, 4, 58, 7]": {
            "[:then, 10, 42, 6, 53, 27]": 6,
            "[:else, 11, 55, 6, 57, 49]": 5
          },
          "[:\"&.\", 12, 68, 74, 68, 90]": {
            "[:then, 13, 68, 74, 68, 90]": 5,
            "[:else, 14, 68, 74, 68, 90]": 14
          }
        }
      },
      "/Users/harshwadhawe/Code/Fall 25/SE/Project 1/Project-1-SE/app/controllers/coolers_controller.rb": {
        "lines": [
          null,
          null,
          1,
          1,
          null,
          1,
          3,
          3,
          null,
          null,
          1,
          null
        ],
        "branches": {}
      },
      "/Users/harshwadhawe/Code/Fall 25/SE/Project 1/Project-1-SE/app/controllers/cpus_controller.rb": {
        "lines": [
          null,
          null,
          1,
          1,
          null,
          1,
          1,
          1,
          null,
          null,
          1,
          null
        ],
        "branches": {}
      },
      "/Users/harshwadhawe/Code/Fall 25/SE/Project 1/Project-1-SE/app/controllers/gpus_controller.rb": {
        "lines": [
          null,
          null,
          1,
          1,
          null,
          1,
          1,
          1,
          null,
          null,
          1,
          null
        ],
        "branches": {}
      },
      "/Users/harshwadhawe/Code/Fall 25/SE/Project 1/Project-1-SE/app/controllers/home_controller.rb": {
        "lines": [
          null,
          null,
          1,
          null,
          1,
          1,
          null,
          1,
          8,
          null,
          null,
          8,
          null,
          null,
          null,
          null,
          null,
          null,
          null,
          null,
          null,
          8,
          null,
          null,
          8,
          8,
          8,
          64,
          64,
          64,
          64,
          null,
          null,
          8,
          null,
          8,
          8,
          null,
          null,
          8,
          13,
          null,
          null,
          null,
          8,
          null,
          1,
          null,
          null,
          null,
          1,
          null,
          null,
          1,
          null,
          1,
          8,
          null,
          null
        ],
        "branches": {
          "[:\"&.\", 0, 9, 65, 9, 81]": {
            "[:then, 1, 9, 65, 9, 81]": 1,
            "[:else, 2, 9, 65, 9, 81]": 7
          },
          "[:unless, 3, 45, 4, 45, 30]": {
            "[:else, 4, 45, 4, 45, 30]": 1,
            "[:then, 5, 45, 4, 45, 10]": 7
          },
          "[:\"&.\", 6, 57, 73, 57, 89]": {
            "[:then, 7, 57, 73, 57, 89]": 1,
            "[:else, 8, 57, 73, 57, 89]": 7
          }
        }
      },
      "/Users/harshwadhawe/Code/Fall 25/SE/Project 1/Project-1-SE/app/controllers/memories_controller.rb": {
        "lines": [
          null,
          null,
          1,
          1,
          null,
          1,
          1,
          1,
          null,
          null,
          1,
          null
        ],
        "branches": {}
      },
      "/Users/harshwadhawe/Code/Fall 25/SE/Project 1/Project-1-SE/app/controllers/motherboards_controller.rb": {
        "lines": [
          null,
          null,
          1,
          1,
          null,
          1,
          1,
          1,
          null,
          null,
          1,
          null
        ],
        "branches": {}
      },
      "/Users/harshwadhawe/Code/Fall 25/SE/Project 1/Project-1-SE/app/controllers/pc_cases_controller.rb": {
        "lines": [
          null,
          null,
          1,
          1,
          null,
          1,
          1,
          1,
          null,
          null,
          1,
          null
        ],
        "branches": {}
      },
      "/Users/harshwadhawe/Code/Fall 25/SE/Project 1/Project-1-SE/app/controllers/psus_controller.rb": {
        "lines": [
          null,
          null,
          1,
          1,
          null,
          1,
          1,
          1,
          null,
          null,
          1,
          null
        ],
        "branches": {}
      },
      "/Users/harshwadhawe/Code/Fall 25/SE/Project 1/Project-1-SE/app/controllers/storages_controller.rb": {
        "lines": [
          null,
          null,
          1,
          1,
          null,
          1,
          1,
          1,
          null,
          null,
          1,
          null
        ],
        "branches": {}
      }
    },
    "timestamp": 1759804180
  },
  "Cucumber Features": {
    "coverage": {
      "/home/bvsnithin/Project-1-SE/pc_builder/app/models/user.rb": {
        "lines": [
          1,
          null,
          1,
          null,
          1,
          1,
          1,
          1,
          1,
          null,
          1,
          1,
          null,
          null,
          38,
          null,
          1,
          null,
          null,
          1,
          0,
          null,
          null,
          1,
          null,
          0,
          null,
          null,
          0,
          null,
          null,
          1,
          0,
          0,
          0,
          null,
          0,
          null,
          null,
          1,
          null,
          1,
          37,
          37,
          37,
          null,
          null,
          1,
          37,
          null,
          null,
          1,
          37,
          null,
          null,
          1,
          0,
          null,
          null,
          1,
          37,
          0,
          null,
          37,
          null,
          null,
          null
        ]
      },
      "/home/bvsnithin/Project-1-SE/pc_builder/app/models/application_record.rb": {
        "lines": [
          1,
          1,
          null
        ]
      },
      "/home/bvsnithin/Project-1-SE/pc_builder/app/controllers/builds_controller.rb": {
        "lines": [
          1,
          null,
          null,
          1,
          1,
          1,
          null,
          1,
          1,
          1,
          1,
          null,
          null,
          1,
          1,
          1,
          1,
          1,
          null,
          1,
          null,
          null,
          null,
          null,
          null,
          null,
          null,
          null,
          1,
          0,
          0,
          0,
          0,
          null,
          null,
          null,
          1,
          1,
          null,
          null,
          1,
          3,
          3,
          3,
          null,
          null,
          1,
          0,
          null,
          null,
          0,
          null,
          0,
          0,
          0,
          0,
          null,
          null,
          0,
          0,
          0,
          null,
          null,
          null,
          null,
          null,
          1,
          0,
          null,
          null,
          0,
          0,
          null,
          null,
          0,
          0,
          null,
          0,
          null,
          0,
          null,
          0,
          null,
          null,
          null,
          null,
          null,
          null,
          0,
          0,
          null,
          0,
          0,
          null,
          null,
          null,
          1,
          0,
          null,
          0,
          0,
          0,
          null,
          null,
          0,
          0,
          null,
          null,
          1,
          null,
          1,
          5,
          null,
          null,
          null,
          1,
          0,
          0,
          0,
          null,
          null,
          1,
          3,
          null,
          3,
          null,
          null,
          null,
          null,
          null,
          null,
          null,
          null,
          27,
          null,
          3,
          3,
          null,
          null
        ]
      },
      "/home/bvsnithin/Project-1-SE/pc_builder/app/controllers/application_controller.rb": {
        "lines": [
          1,
          null,
          1,
          null,
          1,
          1,
          1,
          1,
          null,
          1,
          1,
          1,
          null,
          1,
          null,
          1,
          48,
          null,
          11,
          0,
          null,
          11,
          null,
          null,
          11,
          11,
          null,
          1,
          null,
          1,
          0,
          0,
          null,
          0,
          0,
          0,
          0,
          null,
          0,
          0,
          null,
          null,
          null,
          null,
          null,
          1,
          11,
          null,
          null,
          1,
          null,
          1,
          12,
          12,
          12,
          12,
          null,
          null,
          1,
          12,
          null,
          null,
          1,
          12,
          12,
          null,
          12,
          null,
          12,
          12,
          null,
          12,
          0,
          null,
          null,
          null,
          1,
          0,
          0,
          0,
          null,
          0,
          0,
          0,
          null,
          null,
          null,
          1,
          0,
          null,
          0,
          0,
          0,
          null,
          null,
          null,
          1,
          0,
          null,
          0,
          0,
          0,
          null,
          null,
          null,
          1,
          null,
          12,
          12,
          null,
          null
        ]
      },
      "/home/bvsnithin/Project-1-SE/pc_builder/app/helpers/application_helper.rb": {
        "lines": [
          1,
          null
        ]
      },
      "/home/bvsnithin/Project-1-SE/pc_builder/app/helpers/build_items_helper.rb": {
        "lines": [
          1,
          null
        ]
      },
      "/home/bvsnithin/Project-1-SE/pc_builder/app/helpers/builds_helper.rb": {
        "lines": [
          1,
          null
        ]
      },
      "/home/bvsnithin/Project-1-SE/pc_builder/app/helpers/coolers_helper.rb": {
        "lines": [
          1,
          null
        ]
      },
      "/home/bvsnithin/Project-1-SE/pc_builder/app/helpers/cpus_helper.rb": {
        "lines": [
          1,
          null
        ]
      },
      "/home/bvsnithin/Project-1-SE/pc_builder/app/helpers/gpus_helper.rb": {
        "lines": [
          1,
          null
        ]
      },
      "/home/bvsnithin/Project-1-SE/pc_builder/app/helpers/home_helper.rb": {
        "lines": [
          1,
          null
        ]
      },
      "/home/bvsnithin/Project-1-SE/pc_builder/app/helpers/memories_helper.rb": {
        "lines": [
          1,
          null
        ]
      },
      "/home/bvsnithin/Project-1-SE/pc_builder/app/helpers/motherboards_helper.rb": {
        "lines": [
          1,
          null
        ]
      },
      "/home/bvsnithin/Project-1-SE/pc_builder/app/helpers/parts_helper.rb": {
        "lines": [
          1,
          null
        ]
      },
      "/home/bvsnithin/Project-1-SE/pc_builder/app/helpers/pc_cases_helper.rb": {
        "lines": [
          1,
          null
        ]
      },
      "/home/bvsnithin/Project-1-SE/pc_builder/app/helpers/psus_helper.rb": {
        "lines": [
          1,
          null
        ]
      },
      "/home/bvsnithin/Project-1-SE/pc_builder/app/helpers/storages_helper.rb": {
        "lines": [
          1,
          null
        ]
      },
      "/home/bvsnithin/Project-1-SE/pc_builder/app/helpers/users_helper.rb": {
        "lines": [
          1,
          null
        ]
      },
      "/home/bvsnithin/Project-1-SE/pc_builder/app/models/cpu.rb": {
        "lines": [
          1,
          null,
          1,
          null,
          null,
          null,
          1,
          null,
          1,
          0,
          0,
          0,
          null,
          null,
          1,
          null,
          1,
          10,
          1,
          null,
          9,
          9,
          null,
          null,
          null
        ]
      },
      "/home/bvsnithin/Project-1-SE/pc_builder/app/models/part.rb": {
        "lines": [
          1,
          1,
          1,
          1,
          null,
          1,
          1,
          1,
          null,
          1,
          1,
          1,
          1,
          1,
          null,
          1,
          0,
          null,
          null,
          1,
          0,
          null,
          null,
          null,
          1,
          0,
          null,
          null,
          null,
          1,
          9,
          9,
          9,
          9,
          null,
          null,
          1,
          0,
          0,
          0,
          null,
          null,
          1,
          1,
          9,
          null,
          1,
          9,
          null,
          1,
          0,
          null,
          1,
          10,
          1,
          null,
          9,
          null,
          null,
          1,
          0,
          null,
          null
        ]
      },
      "/home/bvsnithin/Project-1-SE/pc_builder/app/models/gpu.rb": {
        "lines": [
          1,
          null
        ]
      },
      "/home/bvsnithin/Project-1-SE/pc_builder/app/models/motherboard.rb": {
        "lines": [
          1,
          null
        ]
      },
      "/home/bvsnithin/Project-1-SE/pc_builder/app/models/memory.rb": {
        "lines": [
          1,
          null
        ]
      },
      "/home/bvsnithin/Project-1-SE/pc_builder/app/models/storage.rb": {
        "lines": [
          1,
          null
        ]
      },
      "/home/bvsnithin/Project-1-SE/pc_builder/app/models/cooler.rb": {
        "lines": [
          1,
          null
        ]
      },
      "/home/bvsnithin/Project-1-SE/pc_builder/app/models/pc_case.rb": {
        "lines": [
          1,
          null,
          null,
          null,
          1
        ]
      },
      "/home/bvsnithin/Project-1-SE/pc_builder/app/models/psu.rb": {
        "lines": [
          1,
          null
        ]
      },
      "/home/bvsnithin/Project-1-SE/pc_builder/app/models/build.rb": {
        "lines": [
          1,
          1,
          1,
          1,
          null,
          1,
          null,
          1,
          1,
          1,
          1,
          1,
          null,
          null,
          1,
          1,
          1,
          1,
          null,
          null,
          1,
          1,
          1,
          1,
          null,
          null,
          1,
          0,
          0,
          0,
          null,
          null,
          null,
          1,
          0,
          0,
          0,
          0,
          0,
          null,
          null,
          1,
          null,
          0,
          null,
          null,
          null,
          null,
          null,
          null,
          null,
          null,
          null,
          null,
          0,
          0,
          null,
          0,
          0,
          null,
          null,
          1,
          0,
          null,
          null,
          1,
          0,
          0,
          null,
          null,
          1,
          0,
          0,
          null,
          0,
          0,
          null,
          null,
          1,
          null,
          1,
          1,
          null,
          null,
          1,
          1,
          null,
          null,
          1,
          0,
          null,
          null,
          1,
          1,
          0,
          null,
          1,
          null,
          null,
          null,
          1,
          0,
          0,
          null,
          null,
          null
        ]
      },
      "/home/bvsnithin/Project-1-SE/pc_builder/app/controllers/parts_controller.rb": {
        "lines": [
          1,
          null,
          1,
          1,
          null,
          1,
          1,
          null,
          1,
          0,
          0,
          0,
          null,
          1,
          1,
          1,
          null,
          null,
          null,
          1,
          1,
          1,
          null,
          null,
          null,
          1,
          0,
          0,
          0,
          0,
          null,
          null,
          null,
          1,
          null,
          1,
          1,
          null,
          null,
          1,
          4,
          null,
          null
        ]
      },
      "/home/bvsnithin/Project-1-SE/pc_builder/app/models/build_item.rb": {
        "lines": [
          1,
          1,
          1,
          1,
          null,
          1,
          1,
          1,
          1,
          1,
          null,
          null,
          1,
          0,
          0,
          0,
          null,
          null,
          1,
          0,
          0,
          0,
          null,
          null,
          1,
          null,
          1,
          0,
          null,
          null,
          1,
          0,
          null,
          null,
          1,
          0,
          null,
          null,
          1,
          0,
          0,
          null,
          0,
          null,
          null,
          null,
          1,
          0,
          0,
          null,
          null,
          null
        ]
      },
      "/home/bvsnithin/Project-1-SE/pc_builder/app/controllers/users_controller.rb": {
        "lines": [
          1,
          null,
          1,
          null,
          1,
          1,
          null,
          1,
          0,
          0,
          0,
          null,
          null,
          0,
          0,
          0,
          null,
          null,
          null,
          1,
          0,
          0,
          0,
          null,
          null,
          0,
          0,
          null,
          null,
          1,
          4,
          4,
          null,
          null,
          1,
          0,
          null,
          0,
          null,
          0,
          null,
          0,
          null,
          null,
          null,
          null,
          null,
          null,
          0,
          0,
          0,
          null,
          0,
          0,
          0,
          null,
          null,
          null,
          1,
          null,
          1,
          0,
          null,
          null,
          1,
          4,
          null,
          null
        ]
      },
      "/home/bvsnithin/Project-1-SE/pc_builder/app/controllers/sessions_controller.rb": {
        "lines": [
          1,
          null,
          1,
          null,
          1,
          null,
          2,
          null,
          null,
          1,
          0,
          null,
          0,
          0,
          null,
          null,
          0,
          null,
          null,
          null,
          null,
          null,
          null,
          0,
          0,
          0,
          null,
          0,
          0,
          0,
          null,
          null,
          null,
          1,
          0,
          0,
          0,
          0,
          null,
          null,
          0,
          null,
          0,
          0,
          null,
          0,
          0,
          null,
          null,
          0,
          0,
          0,
          null,
          null,
          null,
          1,
          null,
          1,
          0,
          null
        ]
      },
      "/home/bvsnithin/Project-1-SE/pc_builder/app/controllers/build_items_controller.rb": {
        "lines": [
          0,
          0,
          0,
          0,
          0,
          0,
          0,
          0,
          null,
          0,
          0,
          0,
          0,
          0,
          0,
          0,
          0,
          null,
          0,
          0,
          0,
          0,
          null,
          0,
          null,
          0,
          0
        ],
        "branches": {}
      },
      "/home/bvsnithin/Project-1-SE/pc_builder/app/controllers/coolers_controller.rb": {
        "lines": [
          0,
          0,
          null,
          0,
          0,
          0,
          0,
          null,
          0,
          0,
          0
        ],
        "branches": {}
      },
      "/home/bvsnithin/Project-1-SE/pc_builder/app/controllers/cpus_controller.rb": {
        "lines": [
          0,
          0,
          null,
          0,
          0,
          0,
          0,
          null,
          0,
          0,
          0
        ],
        "branches": {}
      },
      "/home/bvsnithin/Project-1-SE/pc_builder/app/controllers/gpus_controller.rb": {
        "lines": [
          0,
          0,
          null,
          0,
          0,
          0,
          0,
          null,
          0,
          0,
          0
        ],
        "branches": {}
      },
      "/home/bvsnithin/Project-1-SE/pc_builder/app/controllers/home_controller.rb": {
        "lines": [
          0,
          null,
          0,
          0,
          null,
          0,
          0,
          null,
          0,
          0,
          0,
          0,
          0,
          0,
          0,
          0,
          0,
          0,
          null,
          0,
          null,
          null,
          0,
          0,
          0,
          0,
          0,
          0,
          0,
          0,
          null,
          0,
          null,
          0,
          0,
          null,
          null,
          0,
          0,
          0,
          0,
          null,
          0,
          null,
          0,
          0,
          0,
          0
        ],
        "branches": {}
      },
      "/home/bvsnithin/Project-1-SE/pc_builder/app/controllers/memories_controller.rb": {
        "lines": [
          0,
          0,
          null,
          0,
          0,
          0,
          0,
          null,
          0,
          0,
          0
        ],
        "branches": {}
      },
      "/home/bvsnithin/Project-1-SE/pc_builder/app/controllers/motherboards_controller.rb": {
        "lines": [
          0,
          0,
          null,
          0,
          0,
          0,
          0,
          null,
          0,
          0,
          0
        ],
        "branches": {}
      },
      "/home/bvsnithin/Project-1-SE/pc_builder/app/controllers/pc_cases_controller.rb": {
        "lines": [
          0,
          0,
          null,
          0,
          0,
          0,
          0,
          null,
          0,
          0,
          0
        ],
        "branches": {}
      },
      "/home/bvsnithin/Project-1-SE/pc_builder/app/controllers/psus_controller.rb": {
        "lines": [
          0,
          0,
          null,
          0,
          0,
          0,
          0,
          null,
          0,
          0,
          0
        ],
        "branches": {}
      },
      "/home/bvsnithin/Project-1-SE/pc_builder/app/controllers/storages_controller.rb": {
        "lines": [
          0,
          0,
          null,
          0,
          0,
          0,
          0,
          null,
          0,
          0,
          0
        ],
        "branches": {}
      },
      "/home/bvsnithin/Project-1-SE/pc_builder/app/jobs/application_job.rb": {
        "lines": [
          0,
          null,
          null,
          null,
          null,
          null,
          0
        ],
        "branches": {}
      },
      "/home/bvsnithin/Project-1-SE/pc_builder/app/lib/database_logger.rb": {
        "lines": [
          null,
          null,
          null,
          0,
          0,
          null,
          0,
          null,
          0,
          0,
          0,
          0,
          0,
          0,
          null,
          0,
          0,
          0,
          0,
          null,
          0,
          0,
          0,
          null,
          0,
          null,
          0,
          0,
          0,
          0,
          0,
          0,
          0,
          0,
          null,
          0,
          null,
          0,
          0,
          0,
          null,
          0,
          0,
          0,
          null,
          0,
          null,
          0,
          0,
          0,
          null,
          0,
          0,
          0,
          0,
          0,
          0,
          0,
          0,
          null,
          0,
          0,
          0,
          0,
          0,
          0,
          0,
          null,
          0,
          0,
          0,
          null,
          0,
          0,
          0,
          null,
          0,
          null,
          0,
          0,
          0,
          0,
          0,
          0,
          0,
          0,
          0,
          0,
          0,
          0,
          0,
          0,
          null,
          0
        ],
        "branches": {}
      },
      "/home/bvsnithin/Project-1-SE/pc_builder/app/lib/logging_helpers.rb": {
        "lines": [
          null,
          null,
          null,
          0,
          0,
          null,
          0,
          null,
          0,
          null,
          0,
          0,
          0,
          0,
          0,
          null,
          null,
          0,
          0,
          0,
          0,
          0,
          null,
          0,
          0,
          0,
          0,
          0,
          0,
          0,
          null,
          0,
          0,
          0,
          0,
          null,
          0,
          0,
          null,
          0,
          0,
          0,
          0,
          0,
          null,
          0,
          0,
          null,
          0,
          0,
          0,
          0,
          null,
          0,
          null,
          0,
          0,
          0,
          null,
          0,
          0,
          null,
          null,
          0,
          0,
          0,
          0,
          null,
          null,
          0,
          0,
          0,
          null,
          null,
          0,
          0,
          0,
          null,
          null,
          0,
          0,
          0,
          0,
          0,
          0,
          null,
          null,
          0,
          0,
          0,
          null,
          0,
          0,
          0,
          null,
          null,
          0,
          0,
          0,
          0,
          0,
          0,
          0,
          0,
          null,
          0,
          0,
          0,
          0,
          0,
          0,
          0,
          null,
          null,
          0,
          0,
          0,
          0,
          null,
          0,
          null,
          0,
          0,
          null,
          0,
          null,
          0,
          0,
          0,
          null,
          0,
          0,
          0,
          null,
          0
        ],
        "branches": {}
      },
      "/home/bvsnithin/Project-1-SE/pc_builder/app/mailers/application_mailer.rb": {
        "lines": [
          0,
          0,
          0,
          0
        ],
        "branches": {}
      }
    },
    "timestamp": 1759700664
  }
}
